[18Feb2024 08:57:10.297] [main/INFO] [cpw.mods.modlauncher.Launcher/MODLAUNCHER]: ModLauncher running: args [--launchTarget, forgeclientuserdev, --version, MOD_DEV, --assetIndex, 5, --assetsDir, C:\Users\amyho\.gradle\caches\forge_gradle\assets, --gameDir, ., --fml.forgeVersion, 47.2.20, --fml.mcVersion, 1.20.1, --fml.forgeGroup, net.minecraftforge, --fml.mcpVersion, 20230612.114412]
[18Feb2024 08:57:10.309] [main/INFO] [cpw.mods.modlauncher.Launcher/MODLAUNCHER]: ModLauncher 10.0.9+10.0.9+main.dcd20f30 starting: java version 17.0.10 by Eclipse Adoptium; OS Windows 11 arch amd64 version 10.0
[18Feb2024 08:57:10.526] [main/INFO] [net.minecraftforge.fml.loading.ImmediateWindowHandler/]: Loading ImmediateWindowProvider fmlearlywindow
[18Feb2024 08:57:10.651] [main/INFO] [EARLYDISPLAY/]: Trying GL version 4.6
[18Feb2024 08:57:10.960] [main/INFO] [EARLYDISPLAY/]: Requested GL version 4.6 got version 4.6
[18Feb2024 08:57:11.098] [main/INFO] [mixin/]: SpongePowered MIXIN Subsystem Version=0.8.5 Source=union:/C:/Users/amyho/.gradle/caches/modules-2/files-2.1/org.spongepowered/mixin/0.8.5/9d1c0c3a304ae6697ecd477218fa61b850bf57fc/mixin-0.8.5.jar%23128!/ Service=ModLauncher Env=CLIENT
[18Feb2024 08:57:11.109] [pool-2-thread-1/INFO] [EARLYDISPLAY/]: GL info: AMD Radeon(TM) Graphics GL version 4.6.0 Core Profile Context 24.1.1.231127, ATI Technologies Inc.
[18Feb2024 08:57:11.547] [main/WARN] [net.minecraftforge.fml.loading.moddiscovery.ModFileParser/LOADING]: Mod file C:\Users\amyho\.gradle\caches\modules-2\files-2.1\net.minecraftforge\javafmllanguage\1.20.1-47.2.20\918959a037ab7191a0c45a359f4746ab76c110c3\javafmllanguage-1.20.1-47.2.20.jar is missing mods.toml file
[18Feb2024 08:57:11.554] [main/WARN] [net.minecraftforge.fml.loading.moddiscovery.ModFileParser/LOADING]: Mod file C:\Users\amyho\.gradle\caches\modules-2\files-2.1\net.minecraftforge\lowcodelanguage\1.20.1-47.2.20\c1d1efcb98e8bfcf3dbfed0d1e81b55b648b86bf\lowcodelanguage-1.20.1-47.2.20.jar is missing mods.toml file
[18Feb2024 08:57:11.558] [main/WARN] [net.minecraftforge.fml.loading.moddiscovery.ModFileParser/LOADING]: Mod file C:\Users\amyho\.gradle\caches\modules-2\files-2.1\net.minecraftforge\mclanguage\1.20.1-47.2.20\efca3bee89c0085192b122d47334692b921ca7d1\mclanguage-1.20.1-47.2.20.jar is missing mods.toml file
[18Feb2024 08:57:11.562] [main/WARN] [net.minecraftforge.fml.loading.moddiscovery.ModFileParser/LOADING]: Mod file C:\Users\amyho\.gradle\caches\modules-2\files-2.1\net.minecraftforge\fmlcore\1.20.1-47.2.20\12cd436f148405b50c9b16bd8f3cc6f18db89824\fmlcore-1.20.1-47.2.20.jar is missing mods.toml file
[18Feb2024 08:57:11.673] [main/INFO] [net.minecraftforge.fml.loading.moddiscovery.JarInJarDependencyLocator/]: No dependencies to load found. Skipping!
[18Feb2024 08:57:13.285] [main/INFO] [cpw.mods.modlauncher.LaunchServiceHandler/MODLAUNCHER]: Launching target 'forgeclientuserdev' with arguments [--version, MOD_DEV, --gameDir, ., --assetsDir, C:\Users\amyho\.gradle\caches\forge_gradle\assets, --assetIndex, 5]
[18Feb2024 08:57:14.687] [main/WARN] [oshi.driver.windows.perfmon.PerfmonDisabled/]: Invalid registry value type detected for PerfOS counters. Should be REG_DWORD. Ignoring: HKEY_LOCAL_MACHINE\SYSTEM\CurrentControlSet\Services\PerfOS\Performance\Disable Performance Counters.
[18Feb2024 08:57:18.303] [Datafixer Bootstrap/INFO] [com.mojang.datafixers.DataFixerBuilder/]: 188 Datafixer optimizations took 204 milliseconds
[18Feb2024 08:57:21.543] [Render thread/WARN] [net.minecraft.server.packs.VanillaPackResourcesBuilder/]: Assets URL 'union:/C:/Users/amyho/.gradle/caches/forge_gradle/minecraft_user_repo/net/minecraftforge/forge/1.20.1-47.2.20_mapped_parchment_2023.10.08-1.20.2/forge-1.20.1-47.2.20_mapped_parchment_2023.10.08-1.20.2.jar%23191!/assets/.mcassetsroot' uses unexpected schema
[18Feb2024 08:57:21.544] [Render thread/WARN] [net.minecraft.server.packs.VanillaPackResourcesBuilder/]: Assets URL 'union:/C:/Users/amyho/.gradle/caches/forge_gradle/minecraft_user_repo/net/minecraftforge/forge/1.20.1-47.2.20_mapped_parchment_2023.10.08-1.20.2/forge-1.20.1-47.2.20_mapped_parchment_2023.10.08-1.20.2.jar%23191!/data/.mcassetsroot' uses unexpected schema
[18Feb2024 08:57:21.570] [Render thread/INFO] [com.mojang.authlib.yggdrasil.YggdrasilAuthenticationService/]: Environment: authHost='https://authserver.mojang.com', accountsHost='https://api.mojang.com', sessionHost='https://sessionserver.mojang.com', servicesHost='https://api.minecraftservices.com', name='PROD'
[18Feb2024 08:57:21.580] [Render thread/INFO] [net.minecraft.client.Minecraft/]: Setting user: Dev
[18Feb2024 08:57:21.886] [Render thread/ERROR] [net.minecraftforge.logging.CrashReportAnalyser/]: Failed to append suspected mod(s) to crash report!
java.lang.ClassFormatError: Duplicate method name "lambda$fillSystemReport$21" with signature "()Ljava.lang.String;" in class file net/minecraft/server/MinecraftServer
	at java.lang.ClassLoader.defineClass1(Native Method) ~[?:?]
	at java.lang.ClassLoader.defineClass(ClassLoader.java:1017) ~[?:?]
	at cpw.mods.cl.ModuleClassLoader.readerToClass(ModuleClassLoader.java:119) ~[securejarhandler-2.1.10.jar:?]
	at cpw.mods.cl.ModuleClassLoader.lambda$findClass$15(ModuleClassLoader.java:219) ~[securejarhandler-2.1.10.jar:?]
	at cpw.mods.cl.ModuleClassLoader.loadFromModule(ModuleClassLoader.java:229) ~[securejarhandler-2.1.10.jar:?]
	at cpw.mods.cl.ModuleClassLoader.findClass(ModuleClassLoader.java:219) ~[securejarhandler-2.1.10.jar:?]
	at cpw.mods.cl.ModuleClassLoader.loadClass(ModuleClassLoader.java:135) ~[securejarhandler-2.1.10.jar:?]
	at java.lang.ClassLoader.loadClass(ClassLoader.java:525) ~[?:?]
	at java.lang.ClassLoader.defineClass1(Native Method) ~[?:?]
	at java.lang.ClassLoader.defineClass(ClassLoader.java:1017) ~[?:?]
	at cpw.mods.cl.ModuleClassLoader.readerToClass(ModuleClassLoader.java:119) ~[securejarhandler-2.1.10.jar:?]
	at cpw.mods.cl.ModuleClassLoader.lambda$findClass$15(ModuleClassLoader.java:219) ~[securejarhandler-2.1.10.jar:?]
	at cpw.mods.cl.ModuleClassLoader.loadFromModule(ModuleClassLoader.java:229) ~[securejarhandler-2.1.10.jar:?]
	at cpw.mods.cl.ModuleClassLoader.findClass(ModuleClassLoader.java:219) ~[securejarhandler-2.1.10.jar:?]
	at cpw.mods.cl.ModuleClassLoader.loadClass(ModuleClassLoader.java:135) ~[securejarhandler-2.1.10.jar:?]
	at java.lang.ClassLoader.loadClass(ClassLoader.java:525) ~[?:?]
	at java.lang.Class.getDeclaredMethods0(Native Method) ~[?:?]
	at java.lang.Class.privateGetDeclaredMethods(Class.java:3402) ~[?:?]
	at java.lang.Class.getDeclaredMethods(Class.java:2504) ~[?:?]
	at net.minecraftforge.logging.CrashReportAnalyser.findMixinMerged(CrashReportAnalyser.java:188) ~[forge-1.20.1-47.2.20_mapped_parchment_2023.10.08-1.20.2.jar:?]
	at net.minecraftforge.logging.CrashReportAnalyser.getMixinInfo(CrashReportAnalyser.java:211) ~[forge-1.20.1-47.2.20_mapped_parchment_2023.10.08-1.20.2.jar:?]
	at net.minecraftforge.logging.CrashReportAnalyser.identifyByMixins(CrashReportAnalyser.java:147) ~[forge-1.20.1-47.2.20_mapped_parchment_2023.10.08-1.20.2.jar:?]
	at net.minecraftforge.logging.CrashReportAnalyser.scanStacktrace(CrashReportAnalyser.java:116) ~[forge-1.20.1-47.2.20_mapped_parchment_2023.10.08-1.20.2.jar:?]
	at net.minecraftforge.logging.CrashReportAnalyser.scanThrowable(CrashReportAnalyser.java:102) ~[forge-1.20.1-47.2.20_mapped_parchment_2023.10.08-1.20.2.jar:?]
	at net.minecraftforge.logging.CrashReportAnalyser.analyseCrashReport(CrashReportAnalyser.java:55) ~[forge-1.20.1-47.2.20_mapped_parchment_2023.10.08-1.20.2.jar:?]
	at net.minecraftforge.logging.CrashReportAnalyser.appendSuspectedMods(CrashReportAnalyser.java:39) ~[forge-1.20.1-47.2.20_mapped_parchment_2023.10.08-1.20.2.jar:?]
	at net.minecraft.CrashReport.getDetails(CrashReport.java:60) ~[forge-1.20.1-47.2.20_mapped_parchment_2023.10.08-1.20.2.jar:?]
	at net.minecraft.CrashReport.getFriendlyReport(CrashReport.java:114) ~[forge-1.20.1-47.2.20_mapped_parchment_2023.10.08-1.20.2.jar:?]
	at net.minecraft.client.Minecraft.crash(Minecraft.java:842) ~[forge-1.20.1-47.2.20_mapped_parchment_2023.10.08-1.20.2.jar:?]
	at net.minecraft.client.main.Main.main(Main.java:192) ~[forge-1.20.1-47.2.20_mapped_parchment_2023.10.08-1.20.2.jar:?]
	at jdk.internal.reflect.NativeMethodAccessorImpl.invoke0(Native Method) ~[?:?]
	at jdk.internal.reflect.NativeMethodAccessorImpl.invoke(NativeMethodAccessorImpl.java:77) ~[?:?]
	at jdk.internal.reflect.DelegatingMethodAccessorImpl.invoke(DelegatingMethodAccessorImpl.java:43) ~[?:?]
	at java.lang.reflect.Method.invoke(Method.java:568) ~[?:?]
	at net.minecraftforge.fml.loading.targets.CommonLaunchHandler.runTarget(CommonLaunchHandler.java:111) ~[fmlloader-1.20.1-47.2.20.jar:?]
	at net.minecraftforge.fml.loading.targets.CommonLaunchHandler.clientService(CommonLaunchHandler.java:99) ~[fmlloader-1.20.1-47.2.20.jar:?]
	at net.minecraftforge.fml.loading.targets.ForgeClientUserdevLaunchHandler.devService(ForgeClientUserdevLaunchHandler.java:19) ~[fmlloader-1.20.1-47.2.20.jar:?]
	at net.minecraftforge.fml.loading.targets.CommonDevLaunchHandler.lambda$makeService$7(CommonDevLaunchHandler.java:135) ~[fmlloader-1.20.1-47.2.20.jar:?]
	at cpw.mods.modlauncher.LaunchServiceHandlerDecorator.launch(LaunchServiceHandlerDecorator.java:30) ~[modlauncher-10.0.9.jar:?]
	at cpw.mods.modlauncher.LaunchServiceHandler.launch(LaunchServiceHandler.java:53) ~[modlauncher-10.0.9.jar:?]
	at cpw.mods.modlauncher.LaunchServiceHandler.launch(LaunchServiceHandler.java:71) ~[modlauncher-10.0.9.jar:?]
	at cpw.mods.modlauncher.Launcher.run(Launcher.java:108) ~[modlauncher-10.0.9.jar:?]
	at cpw.mods.modlauncher.Launcher.main(Launcher.java:78) ~[modlauncher-10.0.9.jar:?]
	at cpw.mods.modlauncher.BootstrapLaunchConsumer.accept(BootstrapLaunchConsumer.java:26) ~[modlauncher-10.0.9.jar:?]
	at cpw.mods.modlauncher.BootstrapLaunchConsumer.accept(BootstrapLaunchConsumer.java:23) ~[modlauncher-10.0.9.jar:?]
	at cpw.mods.bootstraplauncher.BootstrapLauncher.main(BootstrapLauncher.java:141) ~[bootstraplauncher-1.1.2.jar:?]
[18Feb2024 08:57:21.911] [Render thread/ERROR] [net.minecraftforge.logging.CrashReportAnalyser/]: Failed to append suspected mod(s) to crash report!
java.lang.ClassFormatError: Duplicate method name "lambda$fillSystemReport$21" with signature "()Ljava.lang.String;" in class file net/minecraft/server/MinecraftServer
	at java.lang.ClassLoader.defineClass1(Native Method) ~[?:?]
	at java.lang.ClassLoader.defineClass(ClassLoader.java:1017) ~[?:?]
	at cpw.mods.cl.ModuleClassLoader.readerToClass(ModuleClassLoader.java:119) ~[securejarhandler-2.1.10.jar:?]
	at cpw.mods.cl.ModuleClassLoader.lambda$findClass$15(ModuleClassLoader.java:219) ~[securejarhandler-2.1.10.jar:?]
	at cpw.mods.cl.ModuleClassLoader.loadFromModule(ModuleClassLoader.java:229) ~[securejarhandler-2.1.10.jar:?]
	at cpw.mods.cl.ModuleClassLoader.findClass(ModuleClassLoader.java:219) ~[securejarhandler-2.1.10.jar:?]
	at cpw.mods.cl.ModuleClassLoader.loadClass(ModuleClassLoader.java:135) ~[securejarhandler-2.1.10.jar:?]
	at java.lang.ClassLoader.loadClass(ClassLoader.java:525) ~[?:?]
	at java.lang.ClassLoader.defineClass1(Native Method) ~[?:?]
	at java.lang.ClassLoader.defineClass(ClassLoader.java:1017) ~[?:?]
	at cpw.mods.cl.ModuleClassLoader.readerToClass(ModuleClassLoader.java:119) ~[securejarhandler-2.1.10.jar:?]
	at cpw.mods.cl.ModuleClassLoader.lambda$findClass$15(ModuleClassLoader.java:219) ~[securejarhandler-2.1.10.jar:?]
	at cpw.mods.cl.ModuleClassLoader.loadFromModule(ModuleClassLoader.java:229) ~[securejarhandler-2.1.10.jar:?]
	at cpw.mods.cl.ModuleClassLoader.findClass(ModuleClassLoader.java:219) ~[securejarhandler-2.1.10.jar:?]
	at cpw.mods.cl.ModuleClassLoader.loadClass(ModuleClassLoader.java:135) ~[securejarhandler-2.1.10.jar:?]
	at java.lang.ClassLoader.loadClass(ClassLoader.java:525) ~[?:?]
	at java.lang.Class.getDeclaredMethods0(Native Method) ~[?:?]
	at java.lang.Class.privateGetDeclaredMethods(Class.java:3402) ~[?:?]
	at java.lang.Class.getDeclaredMethods(Class.java:2504) ~[?:?]
	at net.minecraftforge.logging.CrashReportAnalyser.findMixinMerged(CrashReportAnalyser.java:188) ~[forge-1.20.1-47.2.20_mapped_parchment_2023.10.08-1.20.2.jar:?]
	at net.minecraftforge.logging.CrashReportAnalyser.getMixinInfo(CrashReportAnalyser.java:211) ~[forge-1.20.1-47.2.20_mapped_parchment_2023.10.08-1.20.2.jar:?]
	at net.minecraftforge.logging.CrashReportAnalyser.identifyByMixins(CrashReportAnalyser.java:147) ~[forge-1.20.1-47.2.20_mapped_parchment_2023.10.08-1.20.2.jar:?]
	at net.minecraftforge.logging.CrashReportAnalyser.scanStacktrace(CrashReportAnalyser.java:116) ~[forge-1.20.1-47.2.20_mapped_parchment_2023.10.08-1.20.2.jar:?]
	at net.minecraftforge.logging.CrashReportAnalyser.scanThrowable(CrashReportAnalyser.java:102) ~[forge-1.20.1-47.2.20_mapped_parchment_2023.10.08-1.20.2.jar:?]
	at net.minecraftforge.logging.CrashReportAnalyser.analyseCrashReport(CrashReportAnalyser.java:55) ~[forge-1.20.1-47.2.20_mapped_parchment_2023.10.08-1.20.2.jar:?]
	at net.minecraftforge.logging.CrashReportAnalyser.appendSuspectedMods(CrashReportAnalyser.java:39) ~[forge-1.20.1-47.2.20_mapped_parchment_2023.10.08-1.20.2.jar:?]
	at net.minecraft.CrashReport.getDetails(CrashReport.java:60) ~[forge-1.20.1-47.2.20_mapped_parchment_2023.10.08-1.20.2.jar:?]
	at net.minecraft.CrashReport.getFriendlyReport(CrashReport.java:114) ~[forge-1.20.1-47.2.20_mapped_parchment_2023.10.08-1.20.2.jar:?]
	at net.minecraft.CrashReport.saveToFile(CrashReport.java:135) ~[forge-1.20.1-47.2.20_mapped_parchment_2023.10.08-1.20.2.jar:?]
	at net.minecraft.client.Minecraft.crash(Minecraft.java:846) ~[forge-1.20.1-47.2.20_mapped_parchment_2023.10.08-1.20.2.jar:?]
	at net.minecraft.client.main.Main.main(Main.java:192) ~[forge-1.20.1-47.2.20_mapped_parchment_2023.10.08-1.20.2.jar:?]
	at jdk.internal.reflect.NativeMethodAccessorImpl.invoke0(Native Method) ~[?:?]
	at jdk.internal.reflect.NativeMethodAccessorImpl.invoke(NativeMethodAccessorImpl.java:77) ~[?:?]
	at jdk.internal.reflect.DelegatingMethodAccessorImpl.invoke(DelegatingMethodAccessorImpl.java:43) ~[?:?]
	at java.lang.reflect.Method.invoke(Method.java:568) ~[?:?]
	at net.minecraftforge.fml.loading.targets.CommonLaunchHandler.runTarget(CommonLaunchHandler.java:111) ~[fmlloader-1.20.1-47.2.20.jar:?]
	at net.minecraftforge.fml.loading.targets.CommonLaunchHandler.clientService(CommonLaunchHandler.java:99) ~[fmlloader-1.20.1-47.2.20.jar:?]
	at net.minecraftforge.fml.loading.targets.ForgeClientUserdevLaunchHandler.devService(ForgeClientUserdevLaunchHandler.java:19) ~[fmlloader-1.20.1-47.2.20.jar:?]
	at net.minecraftforge.fml.loading.targets.CommonDevLaunchHandler.lambda$makeService$7(CommonDevLaunchHandler.java:135) ~[fmlloader-1.20.1-47.2.20.jar:?]
	at cpw.mods.modlauncher.LaunchServiceHandlerDecorator.launch(LaunchServiceHandlerDecorator.java:30) ~[modlauncher-10.0.9.jar:?]
	at cpw.mods.modlauncher.LaunchServiceHandler.launch(LaunchServiceHandler.java:53) ~[modlauncher-10.0.9.jar:?]
	at cpw.mods.modlauncher.LaunchServiceHandler.launch(LaunchServiceHandler.java:71) ~[modlauncher-10.0.9.jar:?]
	at cpw.mods.modlauncher.Launcher.run(Launcher.java:108) ~[modlauncher-10.0.9.jar:?]
	at cpw.mods.modlauncher.Launcher.main(Launcher.java:78) ~[modlauncher-10.0.9.jar:?]
	at cpw.mods.modlauncher.BootstrapLaunchConsumer.accept(BootstrapLaunchConsumer.java:26) ~[modlauncher-10.0.9.jar:?]
	at cpw.mods.modlauncher.BootstrapLaunchConsumer.accept(BootstrapLaunchConsumer.java:23) ~[modlauncher-10.0.9.jar:?]
	at cpw.mods.bootstraplauncher.BootstrapLauncher.main(BootstrapLauncher.java:141) ~[bootstraplauncher-1.1.2.jar:?]
