#
# A fatal error has been detected by the Java Runtime Environment:
#
#  EXCEPTION_ACCESS_VIOLATION (0xc0000005) at pc=0x00007ffe8c006280, pid=26576, tid=6592
#
# JRE version: OpenJDK Runtime Environment Temurin-17.0.10+7 (17.0.10+7) (build 17.0.10+7)
# Java VM: OpenJDK 64-Bit Server VM Temurin-17.0.10+7 (17.0.10+7, mixed mode, sharing, tiered, compressed oops, compressed class ptrs, g1 gc, windows-amd64)
# Problematic frame:
# C  [atio6axx.dll+0x196280]
#
# No core dump will be written. Minidumps are not enabled by default on client versions of Windows
#
# If you would like to submit a bug report, please visit:
#   https://github.com/adoptium/adoptium-support/issues
# The crash happened outside the Java Virtual Machine in native code.
# See problematic frame for where to report the bug.
#

---------------  S U M M A R Y ------------

Command Line: -Dforge.enableGameTest=true -Dforge.enabledGameTestNamespaces=mccourse -Dforge.logging.console.level=debug -Dforge.logging.markers=REGISTRIES -DignoreList=bootstraplauncher,securejarhandler,asm-commons,asm-util,asm-analysis,asm-tree,asm,JarJarFileSystems,client-extra,fmlcore,javafmllanguage,lowcodelanguage,mclanguage,forge- -Djava.net.preferIPv6Addresses=system -DlegacyClassPath.file=C:\Games\MY MODS\Mod i made\build\classpath\runClient_minecraftClasspath.txt -DmergeModules=jna-5.10.0.jar,jna-platform-5.10.0.jar --module-path=C:\Users\amyho\.gradle\caches\modules-2\files-2.1\cpw.mods\bootstraplauncher\1.1.2\c546e00443d8432cda6baa1c860346980742628\bootstraplauncher-1.1.2.jar;C:\Users\amyho\.gradle\caches\modules-2\files-2.1\cpw.mods\securejarhandler\2.1.10\51e6a22c6c716beb11e244bf5b8be480f51dd6b5\securejarhandler-2.1.10.jar;C:\Users\amyho\.gradle\caches\modules-2\files-2.1\org.ow2.asm\asm-commons\9.5\19ab5b5800a3910d30d3a3e64fdb00fd0cb42de0\asm-commons-9.5.jar;C:\Users\amyho\.gradle\caches\modules-2\files-2.1\org.ow2.asm\asm-util\9.5\64b5a1fc8c1b15ed2efd6a063e976bc8d3dc5ffe\asm-util-9.5.jar;C:\Users\amyho\.gradle\caches\modules-2\files-2.1\org.ow2.asm\asm-analysis\9.5\490bacc77de7cbc0be1a30bb3471072d705be4a4\asm-analysis-9.5.jar;C:\Users\amyho\.gradle\caches\modules-2\files-2.1\org.ow2.asm\asm-tree\9.5\fd33c8b6373abaa675be407082fdfda35021254a\asm-tree-9.5.jar;C:\Users\amyho\.gradle\caches\modules-2\files-2.1\org.ow2.asm\asm\9.5\dc6ea1875f4d64fbc85e1691c95b96a3d8569c90\asm-9.5.jar;C:\Users\amyho\.gradle\caches\modules-2\files-2.1\net.minecraftforge\JarJarFileSystems\0.3.19\2464eb7d6b9ddb9db36a82cf8a95193e5c6fe020\JarJarFileSystems-0.3.19.jar --add-modules=ALL-MODULE-PATH --add-opens=java.base/java.util.jar=cpw.mods.securejarhandler --add-opens=java.base/java.lang.invoke=cpw.mods.securejarhandler --add-exports=java.base/sun.security.util=cpw.mods.securejarhandler --add-exports=jdk.naming.dns/com.sun.jndi.dns=java.naming -XX:HeapDumpPath=MojangTricksIntelDriversForPerformance_javaw.exe_minecraft.exe.heapdump -Dfile.encoding=windows-1252 -Duser.country=US -Duser.language=en -Duser.variant cpw.mods.bootstraplauncher.BootstrapLauncher --launchTarget forgeclientuserdev --version MOD_DEV --assetIndex 5 --assetsDir C:\Users\amyho\.gradle\caches\forge_gradle\assets --gameDir . --fml.forgeVersion 47.2.20 --fml.mcVersion 1.20.1 --fml.forgeGroup net.minecraftforge --fml.mcpVersion 20230612.114412

Host: AMD Ryzen 5 5500U with Radeon Graphics         , 12 cores, 7G,  Windows 11 , 64 bit Build 22621 (10.0.22621.2506)
Time: Sun Feb 18 08:04:48 2024 Central Standard Time elapsed time: 6.314149 seconds (0d 0h 0m 6s)

---------------  T H R E A D  ---------------

Current thread (0x000001f16925eaf0):  JavaThread "main" [_thread_in_native, id=6592, stack(0x0000000fbf600000,0x0000000fbf700000)]

Stack: [0x0000000fbf600000,0x0000000fbf700000],  sp=0x0000000fbf6fbbd8,  free space=1006k
Native frames: (J=compiled Java code, j=interpreted, Vv=VM code, C=native code)
C  [atio6axx.dll+0x196280]

Java frames: (J=compiled Java code, j=interpreted, Vv=VM code)
j  org.lwjgl.system.JNI.invokePPPP(IIJJJJ)J+0 org.lwjgl@3.3.1+7
j  org.lwjgl.glfw.GLFW.nglfwCreateWindow(IIJJJ)J+14 org.lwjgl.glfw@3.3.1+7
j  org.lwjgl.glfw.GLFW.glfwCreateWindow(IILjava/lang/CharSequence;JJ)J+34 org.lwjgl.glfw@3.3.1+7
j  net.minecraftforge.fml.earlydisplay.DisplayWindow.initWindow(Ljava/lang/String;)V+408 fmlearlydisplay@1.20.1-47.2.20
j  net.minecraftforge.fml.earlydisplay.DisplayWindow.start(Ljava/lang/String;Ljava/lang/String;)Ljava/lang/Runnable;+14 fmlearlydisplay@1.20.1-47.2.20
j  net.minecraftforge.fml.earlydisplay.DisplayWindow.initialize([Ljava/lang/String;)Ljava/lang/Runnable;+410 fmlearlydisplay@1.20.1-47.2.20
j  net.minecraftforge.fml.loading.ImmediateWindowHandler.load(Ljava/lang/String;[Ljava/lang/String;)V+180 fmlloader@1.20.1-47.2.20
j  net.minecraftforge.fml.loading.ModDirTransformerDiscoverer.earlyInitialization(Ljava/lang/String;[Ljava/lang/String;)V+2 fmlloader@1.20.1-47.2.20
j  cpw.mods.modlauncher.TransformationServicesHandler.lambda$discoverServices$18(Lcpw/mods/modlauncher/ArgumentHandler$DiscoveryData;Lcpw/mods/modlauncher/serviceapi/ITransformerDiscoveryService;)V+9 cpw.mods.modlauncher@10.0.9
j  cpw.mods.modlauncher.TransformationServicesHandler$$Lambda$416+0x000001f110217408.accept(Ljava/lang/Object;)V+8 cpw.mods.modlauncher@10.0.9
J 2352 c1 java.lang.Iterable.forEach(Ljava/util/function/Consumer;)V java.base@17.0.10 (39 bytes) @ 0x000001f1003b7a1c [0x000001f1003b7720+0x00000000000002fc]
j  cpw.mods.modlauncher.TransformationServicesHandler.discoverServices(Lcpw/mods/modlauncher/ArgumentHandler$DiscoveryData;)V+145 cpw.mods.modlauncher@10.0.9
j  cpw.mods.modlauncher.Launcher.run([Ljava/lang/String;)V+14 cpw.mods.modlauncher@10.0.9
j  cpw.mods.modlauncher.Launcher.main([Ljava/lang/String;)V+78 cpw.mods.modlauncher@10.0.9
j  cpw.mods.modlauncher.BootstrapLaunchConsumer.accept([Ljava/lang/String;)V+1 cpw.mods.modlauncher@10.0.9
j  cpw.mods.modlauncher.BootstrapLaunchConsumer.accept(Ljava/lang/Object;)V+5 cpw.mods.modlauncher@10.0.9
j  cpw.mods.bootstraplauncher.BootstrapLauncher.main([Ljava/lang/String;)V+515 cpw.mods.bootstraplauncher@1.1.2
v  ~StubRoutines::call_stub

siginfo: EXCEPTION_ACCESS_VIOLATION (0xc0000005), reading address 0xffffffffffffffff


Registers:
RAX=0x0000000000000000, RBX=0x00007ffe8f895a80, RCX=0x433b72616a2e352e, RDX=0x00000000000000d0
RSP=0x0000000fbf6fbbd8, RBP=0x0000000fbf6fbd40, RSI=0x0000000fbf6fbc98, RDI=0x0000000fbf6fc030
R8 =0x00000000000001a5, R9 =0x433b72616a2e352e, R10=0x0000000000000000, R11=0x0000000000000200
R12=0x00007ffe8f895a80, R13=0x00007ffe8f895ad8, R14=0x00007ffe8f7a4f88, R15=0x0000000000000000
RIP=0x00007ffe8c006280, EFLAGS=0x0000000000010202


Register to memory mapping:

RIP=0x00007ffe8c006280 atio6axx.dll
RAX=0x0 is NULL
RBX=0x00007ffe8f895a80 atio6axx.dll
RCX=0x433b72616a2e352e is an unknown value
RDX=0x00000000000000d0 is an unknown value
RSP=0x0000000fbf6fbbd8 is pointing into the stack for thread: 0x000001f16925eaf0
RBP=0x0000000fbf6fbd40 is pointing into the stack for thread: 0x000001f16925eaf0
RSI=0x0000000fbf6fbc98 is pointing into the stack for thread: 0x000001f16925eaf0
RDI=0x0000000fbf6fc030 is pointing into the stack for thread: 0x000001f16925eaf0
R8 =0x00000000000001a5 is an unknown value
R9 =0x433b72616a2e352e is an unknown value
R10=0x0 is NULL
R11=0x0000000000000200 is an unknown value
R12=0x00007ffe8f895a80 atio6axx.dll
R13=0x00007ffe8f895ad8 atio6axx.dll
R14=0x00007ffe8f7a4f88 atio6axx.dll
R15=0x0 is NULL


Top of Stack: (sp=0x0000000fbf6fbbd8)
0x0000000fbf6fbbd8:   00007ffe8c00659c 00007ffe8f8986f0
0x0000000fbf6fbbe8:   000001f150ad1d58 0000000000000000
0x0000000fbf6fbbf8:   00007ffe8c0075ad 0000000fbf6fc030
0x0000000fbf6fbc08:   00007ffe8bfc1af4 00007ffe8f895a80
0x0000000fbf6fbc18:   0000000fbf6fbc98 0000652e6176616a
0x0000000fbf6fbc28:   0000b17e1a5e8549 0000000fbf6fc030
0x0000000fbf6fbc38:   00007ffe8bfc2ab5 00007ffe8f895a88
0x0000000fbf6fbc48:   0000000fbf6fbc98 0000000fbf6fbc98
0x0000000fbf6fbc58:   0000000000000000 0000000000000000
0x0000000fbf6fbc68:   00007ffe0000000a 000001f150955ae0
0x0000000fbf6fbc78:   000001f150955c3c 00007ffe8f895a88
0x0000000fbf6fbc88:   0000000fbf6fc030 0000000fbf6fbdfc
0x0000000fbf6fbc98:   00007f006176616a 800000006176616a
0x0000000fbf6fbca8:   00007ffefd4b9979 46676e697274535c
0x0000000fbf6fbcb8:   5c6f666e49656c69 3062343039303430
0x0000000fbf6fbcc8:   726556656c69465c 000000006e6f6973
0x0000000fbf6fbcd8:   0000000000000000 0000000000000000
0x0000000fbf6fbce8:   0000000000000000 0000000a0000011c
0x0000000fbf6fbcf8:   0000585d00000000 0000000000000002
0x0000000fbf6fbd08:   0000000000000000 0000000000000000
0x0000000fbf6fbd18:   0000000000000000 0000000000000000
0x0000000fbf6fbd28:   0000000000000000 0000000000000000
0x0000000fbf6fbd38:   0000000000000000 0000000000000000
0x0000000fbf6fbd48:   0000000000000000 0000000000000000
0x0000000fbf6fbd58:   0000000000000000 0000000000000000
0x0000000fbf6fbd68:   0000000000000000 0000000000000000
0x0000000fbf6fbd78:   0000000000000000 0000000000000000
0x0000000fbf6fbd88:   0000000000000000 0000000000000000
0x0000000fbf6fbd98:   0000000000000000 0000000000000000
0x0000000fbf6fbda8:   0000000000000000 0000000000000000
0x0000000fbf6fbdb8:   0000000000000000 72676f72505c3a43
0x0000000fbf6fbdc8:   73656c6946206d61 657370696c63455c 

Instructions: (pc=0x00007ffe8c006280)
0x00007ffe8c006180:   74 09 33 c9 ff 15 c6 72 6b 03 90 48 8b c3 48 83
0x00007ffe8c006190:   c4 20 5b c3 cc cc cc cc cc cc cc cc cc cc cc cc
0x00007ffe8c0061a0:   48 83 ec 28 48 8b 51 08 48 85 d2 74 09 33 c9 ff
0x00007ffe8c0061b0:   15 9b 72 6b 03 90 48 83 c4 28 c3 cc cc cc cc cc
0x00007ffe8c0061c0:   48 89 11 c3 cc cc cc cc cc cc cc cc cc cc cc cc
0x00007ffe8c0061d0:   48 8b c1 c3 cc cc cc cc cc cc cc cc cc cc cc cc
0x00007ffe8c0061e0:   48 3b ca 74 10 41 8b 00 39 01 74 09 48 83 c1 04
0x00007ffe8c0061f0:   48 3b ca 75 f3 48 8b c1 c3 cc cc cc cc cc cc cc
0x00007ffe8c006200:   48 8b c1 c3 cc cc cc cc cc cc cc cc cc cc cc cc
0x00007ffe8c006210:   48 83 39 00 0f 94 c0 c3 cc cc cc cc cc cc cc cc
0x00007ffe8c006220:   4c 8d 04 d5 00 00 00 00 33 d2 e9 f1 6e e0 01 cc
0x00007ffe8c006230:   4c 8b 41 08 48 8b 02 49 89 00 48 83 41 08 08 c3
0x00007ffe8c006240:   48 8b c1 c3 cc cc cc cc cc cc cc cc cc cc cc cc
0x00007ffe8c006250:   48 8b c1 c3 cc cc cc cc cc cc cc cc cc cc cc cc
0x00007ffe8c006260:   49 8b 00 48 89 02 c3 cc cc cc cc cc cc cc cc cc
0x00007ffe8c006270:   8b 81 48 39 00 00 c3 cc cc cc cc cc cc cc cc cc
0x00007ffe8c006280:   8b 81 48 39 00 00 83 c0 f0 83 f8 68 0f 87 5a 01
0x00007ffe8c006290:   00 00 48 8d 15 67 9d e6 ff 0f b6 84 02 10 64 19
0x00007ffe8c0062a0:   00 8b 8c 82 f0 63 19 00 48 03 ca ff e1 48 8b 0d
0x00007ffe8c0062b0:   ec 5d 83 03 83 b9 04 37 00 00 02 0f 87 2b 01 00
0x00007ffe8c0062c0:   00 48 8d 91 30 2b 00 00 c7 02 e1 00 00 00 e9 ce
0x00007ffe8c0062d0:   00 00 00 48 8b 0d c6 5d 83 03 83 b9 04 37 00 00
0x00007ffe8c0062e0:   02 0f 87 05 01 00 00 48 8d 91 30 2b 00 00 c7 02
0x00007ffe8c0062f0:   f0 00 00 00 e9 a8 00 00 00 48 8b 0d a0 5d 83 03
0x00007ffe8c006300:   83 b9 04 37 00 00 02 0f 87 df 00 00 00 48 8d 91
0x00007ffe8c006310:   30 2b 00 00 c7 02 00 04 00 00 e9 82 00 00 00 48
0x00007ffe8c006320:   8b 0d 7a 5d 83 03 83 b9 04 37 00 00 02 0f 87 b9
0x00007ffe8c006330:   00 00 00 48 8d 91 30 2b 00 00 c7 02 00 08 00 00
0x00007ffe8c006340:   eb 5f 48 8b 0d 57 5d 83 03 83 b9 04 37 00 00 02
0x00007ffe8c006350:   0f 87 96 00 00 00 48 8d 91 30 2b 00 00 c7 02 00
0x00007ffe8c006360:   09 00 00 eb 3c 48 8b 0d 34 5d 83 03 83 b9 04 37
0x00007ffe8c006370:   00 00 02 77 77 48 8d 91 30 2b 00 00 c7 02 3c 0f 


Stack slot to memory mapping:
stack at sp + 0 slots: 0x00007ffe8c00659c atio6axx.dll
stack at sp + 1 slots: 0x00007ffe8f8986f0 atio6axx.dll
stack at sp + 2 slots: 0x000001f150ad1d58 points into unknown readable memory: 0x00007ffe8f09d2f0 | f0 d2 09 8f fe 7f 00 00
stack at sp + 3 slots: 0x0 is NULL
stack at sp + 4 slots: 0x00007ffe8c0075ad atio6axx.dll
stack at sp + 5 slots: 0x0000000fbf6fc030 is pointing into the stack for thread: 0x000001f16925eaf0
stack at sp + 6 slots: 0x00007ffe8bfc1af4 atio6axx.dll
stack at sp + 7 slots: 0x00007ffe8f895a80 atio6axx.dll


Compiled method (c1)    6381 2352       3       java.lang.Iterable::forEach (39 bytes)
 total in heap  [0x000001f1003b7510,0x000001f1003b7f18] = 2568
 relocation     [0x000001f1003b7668,0x000001f1003b7708] = 160
 main code      [0x000001f1003b7720,0x000001f1003b7ce0] = 1472
 stub code      [0x000001f1003b7ce0,0x000001f1003b7d68] = 136
 metadata       [0x000001f1003b7d68,0x000001f1003b7d78] = 16
 scopes data    [0x000001f1003b7d78,0x000001f1003b7e08] = 144
 scopes pcs     [0x000001f1003b7e08,0x000001f1003b7ef8] = 240
 dependencies   [0x000001f1003b7ef8,0x000001f1003b7f00] = 8
 nul chk table  [0x000001f1003b7f00,0x000001f1003b7f18] = 24

[Constant Pool (empty)]

[MachCode]
[Entry Point]
  # {method} {0x000001f10f071df0} 'forEach' '(Ljava/util/function/Consumer;)V' in 'java/lang/Iterable'
  # this:     rdx:rdx   = 'java/lang/Iterable'
  # parm0:    r8:r8     = 'java/util/function/Consumer'
  #           [sp+0x70]  (sp of caller)
  0x000001f1003b7720: 448b 5208 | 49bb 0000 | 000f f101 | 0000 4d03 | d34c 3bd0 

  0x000001f1003b7734: ;   {runtime_call ic_miss_stub}
  0x000001f1003b7734: 0f85 4699 | 1c07 660f | 1f44 0000 
[Verified Entry Point]
  0x000001f1003b7740: 8984 2400 | 90ff ff55 | 4883 ec60 | 4c89 4424 

  0x000001f1003b7750: ;   {metadata(method data for {method} {0x000001f10f071df0} 'forEach' '(Ljava/util/function/Consumer;)V' in 'java/lang/Iterable')}
  0x000001f1003b7750: 3048 be88 | 7a3e 7bf1 | 0100 008b | becc 0000 | 0083 c702 | 89be cc00 | 0000 81e7 | fe07 0000 
  0x000001f1003b7770: 83ff 000f | 847d 0400 

  0x000001f1003b7778: ;   {metadata(method data for {method} {0x000001f10f071df0} 'forEach' '(Ljava/util/function/Consumer;)V' in 'java/lang/Iterable')}
  0x000001f1003b7778: 0048 be88 | 7a3e 7bf1 | 0100 0048 | 8386 1001 

  0x000001f1003b7788: ;   {metadata(method data for {method} {0x000001f10f0766e0} 'requireNonNull' '(Ljava/lang/Object;)Ljava/lang/Object;' in 'java/util/Objects')}
  0x000001f1003b7788: 0000 0148 | be38 fc00 | 7bf1 0100 | 008b becc | 0000 0083 | c702 89be | cc00 0000 | 81e7 feff 
  0x000001f1003b77a8: 1f00 83ff | 000f 8464 | 0400 0049 

  0x000001f1003b77b4: ;   {metadata(method data for {method} {0x000001f10f0766e0} 'requireNonNull' '(Ljava/lang/Object;)Ljava/lang/Object;' in 'java/util/Objects')}
  0x000001f1003b77b4: 83f8 0048 | be38 fc00 | 7bf1 0100 | 0048 bf20 | 0100 0000 | 0000 000f | 840a 0000 | 0048 bf10 
  0x000001f1003b77d4: 0100 0000 | 0000 0048 | 8b1c 3e48 | 8d5b 0148 | 891c 3e0f | 8473 0300 | 0048 8bf2 

  0x000001f1003b77f0: ;   {metadata(method data for {method} {0x000001f10f071df0} 'forEach' '(Ljava/util/function/Consumer;)V' in 'java/lang/Iterable')}
  0x000001f1003b77f0: 48bf 887a | 3e7b f101 | 0000 8b76 | 0849 ba00 | 0000 0ff1 | 0100 0049 | 03f2 483b | b730 0100 
  0x000001f1003b7810: 0075 0d48 | 8387 3801 | 0000 01e9 | 6600 0000 | 483b b740 | 0100 0075 | 0d48 8387 | 4801 0000 
  0x000001f1003b7830: 01e9 5000 | 0000 4881 | bf30 0100 | 0000 0000 | 0075 1748 | 89b7 3001 | 0000 48c7 | 8738 0100 
  0x000001f1003b7850: 0001 0000 | 00e9 2c00 | 0000 4881 | bf40 0100 | 0000 0000 | 0075 1748 | 89b7 4001 | 0000 48c7 
  0x000001f1003b7870: 8748 0100 | 0001 0000 | 00e9 0800 | 0000 4883 | 8720 0100 | 0001 0f1f | 8000 0000 | 0048 b8d0 
  0x000001f1003b7890: 26d0 50f1 

  0x000001f1003b7894: ;   {virtual_call}
  0x000001f1003b7894: 0100 00e8 

  0x000001f1003b7898: ; ImmutableOopMap {[48]=Oop }
                      ;*invokeinterface iterator {reexecute=0 rethrow=0 return_oop=0}
                      ; - java.lang.Iterable::forEach@6 (line 74)
  0x000001f1003b7898: 7480 2707 | 4889 4424 | 38e9 bd01 | 0000 6690 | 488b 4424 

  0x000001f1003b78ac: ;   {metadata(method data for {method} {0x000001f10f071df0} 'forEach' '(Ljava/util/function/Consumer;)V' in 'java/lang/Iterable')}
  0x000001f1003b78ac: 3848 ba88 | 7a3e 7bf1 | 0100 008b | 4008 49ba | 0000 000f | f101 0000 | 4903 c248 | 3b82 c001 
  0x000001f1003b78cc: 0000 750d | 4883 82c8 | 0100 0001 | e966 0000 | 0048 3b82 | d001 0000 | 750d 4883 | 82d8 0100 
  0x000001f1003b78ec: 0001 e950 | 0000 0048 | 81ba c001 | 0000 0000 | 0000 7517 | 4889 82c0 | 0100 0048 | c782 c801 
  0x000001f1003b790c: 0000 0100 | 0000 e92c | 0000 0048 | 81ba d001 | 0000 0000 | 0000 7517 | 4889 82d0 | 0100 0048 
  0x000001f1003b792c: c782 d801 | 0000 0100 | 0000 e908 | 0000 0048 | 8382 b001 | 0000 0148 | 8b54 2438 | 0f1f 4400 
  0x000001f1003b794c: 0048 b8c0 | 1ed0 50f1 

  0x000001f1003b7954: ;   {virtual_call}
  0x000001f1003b7954: 0100 00e8 

  0x000001f1003b7958: ; ImmutableOopMap {[56]=Oop [48]=Oop }
                      ;*invokeinterface next {reexecute=0 rethrow=0 return_oop=0}
                      ; - java.lang.Iterable::forEach@22 (line 74)
  0x000001f1003b7958: 9482 2707 | 4c8b 4424 | 3049 3b00 

  0x000001f1003b7964: ;   {metadata(method data for {method} {0x000001f10f071df0} 'forEach' '(Ljava/util/function/Consumer;)V' in 'java/lang/Iterable')}
  0x000001f1003b7964: 498b d048 | be88 7a3e | 7bf1 0100 | 008b 5208 | 49ba 0000 | 000f f101 | 0000 4903 | d248 3b96 
  0x000001f1003b7984: f801 0000 | 750d 4883 | 8600 0200 | 0001 e966 | 0000 0048 | 3b96 0802 | 0000 750d | 4883 8610 
  0x000001f1003b79a4: 0200 0001 | e950 0000 | 0048 81be | f801 0000 | 0000 0000 | 7517 4889 | 96f8 0100 | 0048 c786 
  0x000001f1003b79c4: 0002 0000 | 0100 0000 | e92c 0000 | 0048 81be | 0802 0000 | 0000 0000 | 7517 4889 | 9608 0200 
  0x000001f1003b79e4: 0048 c786 | 1002 0000 | 0100 0000 | e908 0000 | 0048 8386 | e801 0000 | 0149 8bf0 | 4c8b c048 
  0x000001f1003b7a04: 8bd6 0f1f | 8000 0000 | 0048 b820 | 0e6c 52f1 

  0x000001f1003b7a14: ;   {virtual_call}
  0x000001f1003b7a14: 0100 00e8 

  0x000001f1003b7a18: ; ImmutableOopMap {[56]=Oop [48]=Oop }
                      ;*invokeinterface accept {reexecute=0 rethrow=0 return_oop=0}
                      ; - java.lang.Iterable::forEach@30 (line 75)
  0x000001f1003b7a18: f47e 2707 

  0x000001f1003b7a1c: ;   {metadata(method data for {method} {0x000001f10f071df0} 'forEach' '(Ljava/util/function/Consumer;)V' in 'java/lang/Iterable')}
  0x000001f1003b7a1c: 48ba 887a | 3e7b f101 | 0000 8bb2 | d000 0000 | 83c6 0289 | b2d0 0000 | 0081 e6fe | 3f00 0083 
  0x000001f1003b7a3c: fe00 0f84 | f901 0000 | 4d8b 9758 

  0x000001f1003b7a48: ; ImmutableOopMap {[56]=Oop [48]=Oop }
                      ;*goto {reexecute=1 rethrow=0 return_oop=0}
                      ; - (reexecute) java.lang.Iterable::forEach@35 (line 76)
                      ;   {poll}
  0x000001f1003b7a48: 0300 0041 

  0x000001f1003b7a4c: ;   {metadata(method data for {method} {0x000001f10f071df0} 'forEach' '(Ljava/util/function/Consumer;)V' in 'java/lang/Iterable')}
  0x000001f1003b7a4c: 8502 48ba | 887a 3e7b | f101 0000 | ff82 2002 | 0000 488b | 4424 3848 | 3b00 488b 

  0x000001f1003b7a68: ;   {metadata(method data for {method} {0x000001f10f071df0} 'forEach' '(Ljava/util/function/Consumer;)V' in 'java/lang/Iterable')}
  0x000001f1003b7a68: d048 be88 | 7a3e 7bf1 | 0100 008b | 5208 49ba | 0000 000f | f101 0000 | 4903 d248 | 3b96 6801 
  0x000001f1003b7a88: 0000 750d | 4883 8670 | 0100 0001 | e966 0000 | 0048 3b96 | 7801 0000 | 750d 4883 | 8680 0100 
  0x000001f1003b7aa8: 0001 e950 | 0000 0048 | 81be 6801 | 0000 0000 | 0000 7517 | 4889 9668 | 0100 0048 | c786 7001 
  0x000001f1003b7ac8: 0000 0100 | 0000 e92c | 0000 0048 | 81be 7801 | 0000 0000 | 0000 7517 | 4889 9678 | 0100 0048 
  0x000001f1003b7ae8: c786 8001 | 0000 0100 | 0000 e908 | 0000 0048 | 8386 5801 | 0000 0148 | 8bd0 6666 | 9048 b890 
  0x000001f1003b7b08: 1ed0 50f1 

  0x000001f1003b7b0c: ;   {virtual_call}
  0x000001f1003b7b0c: 0100 00e8 

  0x000001f1003b7b10: ; ImmutableOopMap {[48]=Oop [56]=Oop }
                      ;*invokeinterface hasNext {reexecute=0 rethrow=0 return_oop=0}
                      ; - java.lang.Iterable::forEach@13 (line 74)
  0x000001f1003b7b10: 0c7f 2707 

  0x000001f1003b7b14: ;   {metadata(method data for {method} {0x000001f10f071df0} 'forEach' '(Ljava/util/function/Consumer;)V' in 'java/lang/Iterable')}
  0x000001f1003b7b14: 83f8 0048 | ba88 7a3e | 7bf1 0100 | 0048 bea0 | 0100 0000 | 0000 000f | 850a 0000 | 0048 be90 
  0x000001f1003b7b34: 0100 0000 | 0000 0048 | 8b3c 3248 | 8d7f 0148 | 893c 320f | 855b fdff | ff48 83c4 

  0x000001f1003b7b50: ;   {poll_return}
  0x000001f1003b7b50: 605d 493b | a750 0300 | 000f 8704 | 0100 00c3 | 4889 5424 | 4866 6690 

  0x000001f1003b7b68: ;   {no_reloc}
  0x000001f1003b7b68: e91b 0100 | 0000 0000 | 0000 498b | 8708 0100 | 0048 8d78 | 3049 3bbf | 1801 0000 | 0f87 0801 
  0x000001f1003b7b88: 0000 4989 | bf08 0100 | 0048 c700 | 0100 0000 | 488b ca49 | ba00 0000 | 0ff1 0100 | 0049 2bca 
  0x000001f1003b7ba8: 8948 0848 | 33c9 8948 | 0c48 33c9 | 4889 4810 | 4889 4818 | 4889 4820 | 4889 4828 

  0x000001f1003b7bc4: ;   {metadata(method data for {method} {0x000001f10f0766e0} 'requireNonNull' '(Ljava/lang/Object;)Ljava/lang/Object;' in 'java/util/Objects')}
  0x000001f1003b7bc4: 488b d048 | be38 fc00 | 7bf1 0100 | 0048 8386 | 3001 0000 | 0148 8bd0 | 4889 4424 | 4066 0f1f 
  0x000001f1003b7be4: ;   {optimized virtual_call}
  0x000001f1003b7be4: 4400 00e8 

  0x000001f1003b7be8: ; ImmutableOopMap {[48]=Oop [64]=Oop [72]=Oop }
                      ;*invokespecial <init> {reexecute=0 rethrow=0 return_oop=0}
                      ; - java.util.Objects::requireNonNull@8 (line 209)
                      ; - java.lang.Iterable::forEach@1 (line 73)
  0x000001f1003b7be8: 9497 1c07 | 488b 4424 | 40e9 c800 

  0x000001f1003b7bf4: ;   {metadata({method} {0x000001f10f071df0} 'forEach' '(Ljava/util/function/Consumer;)V' in 'java/lang/Iterable')}
  0x000001f1003b7bf4: 0000 49ba | e81d 070f | f101 0000 | 4c89 5424 | 0848 c704 | 24ff ffff 

  0x000001f1003b7c0c: ;   {runtime_call counter_overflow Runtime1 stub}
  0x000001f1003b7c0c: ffe8 6e33 

  0x000001f1003b7c10: ; ImmutableOopMap {rdx=Oop r8=Oop [48]=Oop }
                      ;*synchronization entry
                      ; - java.lang.Iterable::forEach@-1 (line 73)
  0x000001f1003b7c10: 2707 e962 

  0x000001f1003b7c14: ;   {metadata({method} {0x000001f10f0766e0} 'requireNonNull' '(Ljava/lang/Object;)Ljava/lang/Object;' in 'java/util/Objects')}
  0x000001f1003b7c14: fbff ff49 | bad8 6607 | 0ff1 0100 | 004c 8954 | 2408 48c7 | 0424 ffff 

  0x000001f1003b7c2c: ;   {runtime_call counter_overflow Runtime1 stub}
  0x000001f1003b7c2c: ffff e84d 

  0x000001f1003b7c30: ; ImmutableOopMap {rdx=Oop r8=Oop [48]=Oop }
                      ;*synchronization entry
                      ; - java.util.Objects::requireNonNull@-1 (line 208)
                      ; - java.lang.Iterable::forEach@1 (line 73)
  0x000001f1003b7c30: 3327 07e9 | 7bfb ffff 

  0x000001f1003b7c38: ;   {runtime_call throw_null_pointer_exception Runtime1 stub}
  0x000001f1003b7c38: e863 dc26 

  0x000001f1003b7c3c: ; ImmutableOopMap {[56]=Oop rax=Oop r8=Oop [48]=Oop }
                      ;*invokeinterface accept {reexecute=0 rethrow=0 return_oop=0}
                      ; - java.lang.Iterable::forEach@30 (line 75)
                      ;   {metadata({method} {0x000001f10f071df0} 'forEach' '(Ljava/util/function/Consumer;)V' in 'java/lang/Iterable')}
  0x000001f1003b7c3c: 0749 bae8 | 1d07 0ff1 | 0100 004c | 8954 2408 | 48c7 0424 | 2300 0000 

  0x000001f1003b7c54: ;   {runtime_call counter_overflow Runtime1 stub}
  0x000001f1003b7c54: e827 3327 

  0x000001f1003b7c58: ; ImmutableOopMap {[56]=Oop [48]=Oop }
                      ;*goto {reexecute=1 rethrow=0 return_oop=0}
                      ; - (reexecute) java.lang.Iterable::forEach@35 (line 76)
  0x000001f1003b7c58: 07e9 e6fd 

  0x000001f1003b7c5c: ;   {runtime_call throw_null_pointer_exception Runtime1 stub}
  0x000001f1003b7c5c: ffff e83d 

  0x000001f1003b7c60: ; ImmutableOopMap {rax=Oop [56]=Oop [48]=Oop }
                      ;*invokeinterface hasNext {reexecute=0 rethrow=0 return_oop=0}
                      ; - java.lang.Iterable::forEach@13 (line 74)
                      ;   {internal_word}
  0x000001f1003b7c60: dc26 0749 | ba52 7b3b | 00f1 0100 | 004d 8997 | 6803 0000 

  0x000001f1003b7c74: ;   {runtime_call SafepointBlob}
  0x000001f1003b7c74: e987 fd1c 

  0x000001f1003b7c78: ;   {metadata(NULL)}
  0x000001f1003b7c78: 0748 ba00 | 0000 0000 | 0000 00b8 | 000f 050a 

  0x000001f1003b7c88: ;   {runtime_call load_klass_patching Runtime1 stub}
  0x000001f1003b7c88: e873 2227 

  0x000001f1003b7c8c: ; ImmutableOopMap {[48]=Oop [72]=Oop }
                      ;*new {reexecute=1 rethrow=0 return_oop=0}
                      ; - (reexecute) java.util.Objects::requireNonNull@4 (line 209)
                      ; - java.lang.Iterable::forEach@1 (line 73)
  0x000001f1003b7c8c: 07e9 d6fe | ffff 488b 

  0x000001f1003b7c94: ;   {runtime_call fast_new_instance Runtime1 stub}
  0x000001f1003b7c94: d2e8 e6e7 

  0x000001f1003b7c98: ; ImmutableOopMap {[48]=Oop [72]=Oop }
                      ;*new {reexecute=0 rethrow=0 return_oop=0}
                      ; - java.util.Objects::requireNonNull@4 (line 209)
                      ; - java.lang.Iterable::forEach@1 (line 73)
  0x000001f1003b7c98: 2607 e925 | ffff ff90 | 9049 8b87 | e003 0000 | 49c7 87e0 | 0300 0000 | 0000 0049 | c787 e803 
  0x000001f1003b7cb8: 0000 0000 | 0000 4883 

  0x000001f1003b7cc0: ;   {runtime_call unwind_exception Runtime1 stub}
  0x000001f1003b7cc0: c460 5de9 | b8f5 1d07 | f4f4 f4f4 | f4f4 f4f4 | f4f4 f4f4 | f4f4 f4f4 | f4f4 f4f4 | f4f4 f4f4 
[Stub Code]
  0x000001f1003b7ce0: ;   {no_reloc}
  0x000001f1003b7ce0: 0f1f 4400 

  0x000001f1003b7ce4: ;   {static_stub}
  0x000001f1003b7ce4: 0048 bb00 | 0000 0000 

  0x000001f1003b7cec: ;   {runtime_call}
  0x000001f1003b7cec: 0000 00e9 | fbff ffff 

  0x000001f1003b7cf4: ;   {static_stub}
  0x000001f1003b7cf4: 9048 bb00 | 0000 0000 

  0x000001f1003b7cfc: ;   {runtime_call}
  0x000001f1003b7cfc: 0000 00e9 | fbff ffff 

  0x000001f1003b7d04: ;   {static_stub}
  0x000001f1003b7d04: 9048 bb00 | 0000 0000 

  0x000001f1003b7d0c: ;   {runtime_call}
  0x000001f1003b7d0c: 0000 00e9 | fbff ffff 

  0x000001f1003b7d14: ;   {static_stub}
  0x000001f1003b7d14: 9048 bb00 | 0000 0000 

  0x000001f1003b7d1c: ;   {runtime_call}
  0x000001f1003b7d1c: 0000 00e9 | fbff ffff 

  0x000001f1003b7d24: ;   {static_stub}
  0x000001f1003b7d24: 9048 bb00 | 0000 0000 

  0x000001f1003b7d2c: ;   {runtime_call}
  0x000001f1003b7d2c: 0000 00e9 | fbff ffff 
[Exception Handler]
  0x000001f1003b7d34: ;   {runtime_call handle_exception_from_callee Runtime1 stub}
  0x000001f1003b7d34: e847 ff26 

  0x000001f1003b7d38: ;   {external_word}
  0x000001f1003b7d38: 0748 b940 | 9a13 a9fe | 7f00 0048 

  0x000001f1003b7d44: ;   {runtime_call}
  0x000001f1003b7d44: 83e4 f049 | ba60 2ddc | a8fe 7f00 | 0041 ffd2 

  0x000001f1003b7d54: ;   {section_word}
  0x000001f1003b7d54: f449 ba55 | 7d3b 00f1 | 0100 0041 

  0x000001f1003b7d60: ;   {runtime_call DeoptimizationBlob}
  0x000001f1003b7d60: 52e9 3aef | 1c07 f4f4 
[/MachCode]


---------------  P R O C E S S  ---------------

Threads class SMR info:
_java_thread_list=0x000001f152db4190, length=13, elements={
0x000001f16925eaf0, 0x000001f17a2f5b70, 0x000001f17a2f8540, 0x000001f17a310920,
0x000001f17a312200, 0x000001f17a313bd0, 0x000001f17a3147a0, 0x000001f17a7583c0,
0x000001f17a7597a0, 0x000001f17a31af70, 0x000001f17a2e2370, 0x000001f17a92c480,
0x000001f17f6575c0
}

Java Threads: ( => current thread )
=>0x000001f16925eaf0 JavaThread "main" [_thread_in_native, id=6592, stack(0x0000000fbf600000,0x0000000fbf700000)]
  0x000001f17a2f5b70 JavaThread "Reference Handler" daemon [_thread_blocked, id=37872, stack(0x0000000fbfd00000,0x0000000fbfe00000)]
  0x000001f17a2f8540 JavaThread "Finalizer" daemon [_thread_blocked, id=32080, stack(0x0000000fbfe00000,0x0000000fbff00000)]
  0x000001f17a310920 JavaThread "Signal Dispatcher" daemon [_thread_blocked, id=28616, stack(0x0000000fbff00000,0x0000000fc0000000)]
  0x000001f17a312200 JavaThread "Attach Listener" daemon [_thread_blocked, id=23292, stack(0x0000000fc0000000,0x0000000fc0100000)]
  0x000001f17a313bd0 JavaThread "Service Thread" daemon [_thread_blocked, id=21556, stack(0x0000000fc0100000,0x0000000fc0200000)]
  0x000001f17a3147a0 JavaThread "Monitor Deflation Thread" daemon [_thread_blocked, id=12372, stack(0x0000000fc0200000,0x0000000fc0300000)]
  0x000001f17a7583c0 JavaThread "C2 CompilerThread0" daemon [_thread_blocked, id=9492, stack(0x0000000fc0300000,0x0000000fc0400000)]
  0x000001f17a7597a0 JavaThread "C1 CompilerThread0" daemon [_thread_blocked, id=18352, stack(0x0000000fc0400000,0x0000000fc0500000)]
  0x000001f17a31af70 JavaThread "Sweeper thread" daemon [_thread_blocked, id=14876, stack(0x0000000fc0500000,0x0000000fc0600000)]
  0x000001f17a2e2370 JavaThread "Common-Cleaner" daemon [_thread_blocked, id=19916, stack(0x0000000fc0600000,0x0000000fc0700000)]
  0x000001f17a92c480 JavaThread "Notification Thread" daemon [_thread_blocked, id=11180, stack(0x0000000fc0800000,0x0000000fc0900000)]
  0x000001f17f6575c0 JavaThread "pool-2-thread-1" daemon [_thread_blocked, id=22300, stack(0x0000000fc1700000,0x0000000fc1800000)]

Other Threads:
  0x000001f17a2f1420 VMThread "VM Thread" [stack: 0x0000000fbfc00000,0x0000000fbfd00000] [id=35216]
  0x000001f17a92c960 WatcherThread [stack: 0x0000000fc0900000,0x0000000fc0a00000] [id=24160]
  0x000001f16b3d8d90 GCTaskThread "GC Thread#0" [stack: 0x0000000fbf700000,0x0000000fbf800000] [id=18136]
  0x000001f17f67d000 GCTaskThread "GC Thread#1" [stack: 0x0000000fc0b00000,0x0000000fc0c00000] [id=10828]
  0x000001f17f658120 GCTaskThread "GC Thread#2" [stack: 0x0000000fc0c00000,0x0000000fc0d00000] [id=26852]
  0x000001f17f547720 GCTaskThread "GC Thread#3" [stack: 0x0000000fc0d00000,0x0000000fc0e00000] [id=31380]
  0x000001f150fbe470 GCTaskThread "GC Thread#4" [stack: 0x0000000fc0f00000,0x0000000fc1000000] [id=896]
  0x000001f150f5ddc0 GCTaskThread "GC Thread#5" [stack: 0x0000000fc1000000,0x0000000fc1100000] [id=31132]
  0x000001f150fb5230 GCTaskThread "GC Thread#6" [stack: 0x0000000fc1100000,0x0000000fc1200000] [id=28132]
  0x000001f15207ebe0 GCTaskThread "GC Thread#7" [stack: 0x0000000fc1200000,0x0000000fc1300000] [id=27940]
  0x000001f153156700 GCTaskThread "GC Thread#8" [stack: 0x0000000fc1300000,0x0000000fc1400000] [id=28420]
  0x000001f16b3e8600 ConcurrentGCThread "G1 Main Marker" [stack: 0x0000000fbf800000,0x0000000fbf900000] [id=26596]
  0x000001f16b3e8ec0 ConcurrentGCThread "G1 Conc#0" [stack: 0x0000000fbf900000,0x0000000fbfa00000] [id=35192]
  0x000001f17a1ad590 ConcurrentGCThread "G1 Refine#0" [stack: 0x0000000fbfa00000,0x0000000fbfb00000] [id=33324]
  0x000001f17f6d5200 ConcurrentGCThread "G1 Refine#1" [stack: 0x0000000fc0e00000,0x0000000fc0f00000] [id=28888]
  0x000001f17a1adc70 ConcurrentGCThread "G1 Service" [stack: 0x0000000fbfb00000,0x0000000fbfc00000] [id=11116]

Threads with active compile tasks:

VM state: not at safepoint (normal execution)

VM Mutex/Monitor currently owned by a thread: None

Heap address: 0x000000008ac00000, size: 1876 MB, Compressed Oops mode: 32-bit

CDS archive(s) mapped at: [0x000001f10f000000-0x000001f10fbb0000-0x000001f10fbb0000), size 12255232, SharedBaseAddress: 0x000001f10f000000, ArchiveRelocationMode: 1.
Compressed class space mapped at: 0x000001f110000000-0x000001f150000000, reserved size: 1073741824
Narrow klass base: 0x000001f10f000000, Narrow klass shift: 0, Narrow klass range: 0x100000000

GC Precious Log:
 CPUs: 12 total, 12 available
 Memory: 7501M
 Large Page Support: Disabled
 NUMA Support: Disabled
 Compressed Oops: Enabled (32-bit)
 Heap Region Size: 1M
 Heap Min Capacity: 8M
 Heap Initial Capacity: 118M
 Heap Max Capacity: 1876M
 Pre-touch: Disabled
 Parallel Workers: 10
 Concurrent Workers: 3
 Concurrent Refinement Workers: 10
 Periodic GC: Disabled

Heap:
 garbage-first heap   total 156672K, used 75369K [0x000000008ac00000, 0x0000000100000000)
  region size 1024K, 48 young (49152K), 8 survivors (8192K)
 Metaspace       used 16747K, committed 17088K, reserved 1114112K
  class space    used 1902K, committed 2048K, reserved 1048576K

Heap Regions: E=young(eden), S=young(survivor), O=old, HS=humongous(starts), HC=humongous(continues), CS=collection set, F=free, OA=open archive, CA=closed archive, TAMS=top-at-mark-start (previous, next)
|   0|0x000000008ac00000, 0x000000008ad00000, 0x000000008ad00000|100%|HS|  |TAMS 0x000000008ac00000, 0x000000008ac00000| Complete 
|   1|0x000000008ad00000, 0x000000008ae00000, 0x000000008ae00000|100%|HS|  |TAMS 0x000000008ad00000, 0x000000008ad00000| Complete 
|   2|0x000000008ae00000, 0x000000008af00000, 0x000000008af00000|100%|HC|  |TAMS 0x000000008ae00000, 0x000000008ae00000| Complete 
|   3|0x000000008af00000, 0x000000008b000000, 0x000000008b000000|100%| O|  |TAMS 0x000000008af00000, 0x000000008af00000| Untracked 
|   4|0x000000008b000000, 0x000000008b100000, 0x000000008b100000|100%| O|  |TAMS 0x000000008b000000, 0x000000008b000000| Untracked 
|   5|0x000000008b100000, 0x000000008b200000, 0x000000008b200000|100%| O|  |TAMS 0x000000008b100000, 0x000000008b100000| Untracked 
|   6|0x000000008b200000, 0x000000008b300000, 0x000000008b300000|100%|HS|  |TAMS 0x000000008b200000, 0x000000008b200000| Complete 
|   7|0x000000008b300000, 0x000000008b400000, 0x000000008b400000|100%|HC|  |TAMS 0x000000008b300000, 0x000000008b300000| Complete 
|   8|0x000000008b400000, 0x000000008b500000, 0x000000008b500000|100%| O|  |TAMS 0x000000008b400000, 0x000000008b400000| Untracked 
|   9|0x000000008b500000, 0x000000008b600000, 0x000000008b600000|100%| O|  |TAMS 0x000000008b500000, 0x000000008b500000| Untracked 
|  10|0x000000008b600000, 0x000000008b700000, 0x000000008b700000|100%| O|  |TAMS 0x000000008b600000, 0x000000008b600000| Untracked 
|  11|0x000000008b700000, 0x000000008b800000, 0x000000008b800000|100%| O|  |TAMS 0x000000008b700000, 0x000000008b700000| Untracked 
|  12|0x000000008b800000, 0x000000008b900000, 0x000000008b900000|100%|HS|  |TAMS 0x000000008b800000, 0x000000008b800000| Complete 
|  13|0x000000008b900000, 0x000000008ba00000, 0x000000008ba00000|100%|HC|  |TAMS 0x000000008b900000, 0x000000008b900000| Complete 
|  14|0x000000008ba00000, 0x000000008bb00000, 0x000000008bb00000|100%| O|  |TAMS 0x000000008ba00000, 0x000000008ba00000| Untracked 
|  15|0x000000008bb00000, 0x000000008bc00000, 0x000000008bc00000|100%| O|  |TAMS 0x000000008bb00000, 0x000000008bb00000| Untracked 
|  16|0x000000008bc00000, 0x000000008bd00000, 0x000000008bd00000|100%| O|  |TAMS 0x000000008bc00000, 0x000000008bc00000| Untracked 
|  17|0x000000008bd00000, 0x000000008be00000, 0x000000008be00000|100%| O|  |TAMS 0x000000008bd00000, 0x000000008bd00000| Untracked 
|  18|0x000000008be00000, 0x000000008bf00000, 0x000000008bf00000|100%| O|  |TAMS 0x000000008be00000, 0x000000008be00000| Untracked 
|  19|0x000000008bf00000, 0x000000008c000000, 0x000000008c000000|100%| O|  |TAMS 0x000000008bf00000, 0x000000008bf00000| Untracked 
|  20|0x000000008c000000, 0x000000008c100000, 0x000000008c100000|100%|HS|  |TAMS 0x000000008c000000, 0x000000008c000000| Complete 
|  21|0x000000008c100000, 0x000000008c200000, 0x000000008c200000|100%|HC|  |TAMS 0x000000008c100000, 0x000000008c100000| Complete 
|  22|0x000000008c200000, 0x000000008c300000, 0x000000008c300000|100%| O|  |TAMS 0x000000008c200000, 0x000000008c200000| Untracked 
|  23|0x000000008c300000, 0x000000008c400000, 0x000000008c400000|100%| O|  |TAMS 0x000000008c300000, 0x000000008c300000| Untracked 
|  24|0x000000008c400000, 0x000000008c500000, 0x000000008c500000|100%| O|  |TAMS 0x000000008c400000, 0x000000008c400000| Untracked 
|  25|0x000000008c500000, 0x000000008c600000, 0x000000008c600000|100%| O|  |TAMS 0x000000008c500000, 0x000000008c500000| Untracked 
|  26|0x000000008c600000, 0x000000008c700000, 0x000000008c700000|100%| O|  |TAMS 0x000000008c600000, 0x000000008c600000| Untracked 
|  27|0x000000008c700000, 0x000000008c7fe600, 0x000000008c800000| 99%| O|  |TAMS 0x000000008c700000, 0x000000008c700000| Untracked 
|  28|0x000000008c800000, 0x000000008c800000, 0x000000008c900000|  0%| F|  |TAMS 0x000000008c800000, 0x000000008c800000| Untracked 
|  29|0x000000008c900000, 0x000000008c900000, 0x000000008ca00000|  0%| F|  |TAMS 0x000000008c900000, 0x000000008c900000| Untracked 
|  30|0x000000008ca00000, 0x000000008ca00000, 0x000000008cb00000|  0%| F|  |TAMS 0x000000008ca00000, 0x000000008ca00000| Untracked 
|  31|0x000000008cb00000, 0x000000008cb00000, 0x000000008cc00000|  0%| F|  |TAMS 0x000000008cb00000, 0x000000008cb00000| Untracked 
|  32|0x000000008cc00000, 0x000000008cc00000, 0x000000008cd00000|  0%| F|  |TAMS 0x000000008cc00000, 0x000000008cc00000| Untracked 
|  33|0x000000008cd00000, 0x000000008cd00000, 0x000000008ce00000|  0%| F|  |TAMS 0x000000008cd00000, 0x000000008cd00000| Untracked 
|  34|0x000000008ce00000, 0x000000008ce00000, 0x000000008cf00000|  0%| F|  |TAMS 0x000000008ce00000, 0x000000008ce00000| Untracked 
|  35|0x000000008cf00000, 0x000000008cf00000, 0x000000008d000000|  0%| F|  |TAMS 0x000000008cf00000, 0x000000008cf00000| Untracked 
|  36|0x000000008d000000, 0x000000008d000000, 0x000000008d100000|  0%| F|  |TAMS 0x000000008d000000, 0x000000008d000000| Untracked 
|  37|0x000000008d100000, 0x000000008d100000, 0x000000008d200000|  0%| F|  |TAMS 0x000000008d100000, 0x000000008d100000| Untracked 
|  38|0x000000008d200000, 0x000000008d200000, 0x000000008d300000|  0%| F|  |TAMS 0x000000008d200000, 0x000000008d200000| Untracked 
|  39|0x000000008d300000, 0x000000008d300000, 0x000000008d400000|  0%| F|  |TAMS 0x000000008d300000, 0x000000008d300000| Untracked 
|  40|0x000000008d400000, 0x000000008d400000, 0x000000008d500000|  0%| F|  |TAMS 0x000000008d400000, 0x000000008d400000| Untracked 
|  41|0x000000008d500000, 0x000000008d500000, 0x000000008d600000|  0%| F|  |TAMS 0x000000008d500000, 0x000000008d500000| Untracked 
|  42|0x000000008d600000, 0x000000008d600000, 0x000000008d700000|  0%| F|  |TAMS 0x000000008d600000, 0x000000008d600000| Untracked 
|  43|0x000000008d700000, 0x000000008d700000, 0x000000008d800000|  0%| F|  |TAMS 0x000000008d700000, 0x000000008d700000| Untracked 
|  44|0x000000008d800000, 0x000000008d800000, 0x000000008d900000|  0%| F|  |TAMS 0x000000008d800000, 0x000000008d800000| Untracked 
|  45|0x000000008d900000, 0x000000008d900000, 0x000000008da00000|  0%| F|  |TAMS 0x000000008d900000, 0x000000008d900000| Untracked 
|  46|0x000000008da00000, 0x000000008da00000, 0x000000008db00000|  0%| F|  |TAMS 0x000000008da00000, 0x000000008da00000| Untracked 
|  47|0x000000008db00000, 0x000000008db00000, 0x000000008dc00000|  0%| F|  |TAMS 0x000000008db00000, 0x000000008db00000| Untracked 
|  48|0x000000008dc00000, 0x000000008dc00000, 0x000000008dd00000|  0%| F|  |TAMS 0x000000008dc00000, 0x000000008dc00000| Untracked 
|  49|0x000000008dd00000, 0x000000008dd00000, 0x000000008de00000|  0%| F|  |TAMS 0x000000008dd00000, 0x000000008dd00000| Untracked 
|  50|0x000000008de00000, 0x000000008de00000, 0x000000008df00000|  0%| F|  |TAMS 0x000000008de00000, 0x000000008de00000| Untracked 
|  51|0x000000008df00000, 0x000000008df00000, 0x000000008e000000|  0%| F|  |TAMS 0x000000008df00000, 0x000000008df00000| Untracked 
|  52|0x000000008e000000, 0x000000008e000000, 0x000000008e100000|  0%| F|  |TAMS 0x000000008e000000, 0x000000008e000000| Untracked 
|  53|0x000000008e100000, 0x000000008e100000, 0x000000008e200000|  0%| F|  |TAMS 0x000000008e100000, 0x000000008e100000| Untracked 
|  54|0x000000008e200000, 0x000000008e200000, 0x000000008e300000|  0%| F|  |TAMS 0x000000008e200000, 0x000000008e200000| Untracked 
|  55|0x000000008e300000, 0x000000008e300000, 0x000000008e400000|  0%| F|  |TAMS 0x000000008e300000, 0x000000008e300000| Untracked 
|  56|0x000000008e400000, 0x000000008e400000, 0x000000008e500000|  0%| F|  |TAMS 0x000000008e400000, 0x000000008e400000| Untracked 
|  57|0x000000008e500000, 0x000000008e500000, 0x000000008e600000|  0%| F|  |TAMS 0x000000008e500000, 0x000000008e500000| Untracked 
|  58|0x000000008e600000, 0x000000008e600000, 0x000000008e700000|  0%| F|  |TAMS 0x000000008e600000, 0x000000008e600000| Untracked 
|  59|0x000000008e700000, 0x000000008e700000, 0x000000008e800000|  0%| F|  |TAMS 0x000000008e700000, 0x000000008e700000| Untracked 
|  60|0x000000008e800000, 0x000000008e800000, 0x000000008e900000|  0%| F|  |TAMS 0x000000008e800000, 0x000000008e800000| Untracked 
|  61|0x000000008e900000, 0x000000008e900000, 0x000000008ea00000|  0%| F|  |TAMS 0x000000008e900000, 0x000000008e900000| Untracked 
|  62|0x000000008ea00000, 0x000000008ea9bec0, 0x000000008eb00000| 60%| S|CS|TAMS 0x000000008ea00000, 0x000000008ea00000| Complete 
|  63|0x000000008eb00000, 0x000000008ec00000, 0x000000008ec00000|100%| S|CS|TAMS 0x000000008eb00000, 0x000000008eb00000| Complete 
|  64|0x000000008ec00000, 0x000000008ed00000, 0x000000008ed00000|100%| S|CS|TAMS 0x000000008ec00000, 0x000000008ec00000| Complete 
|  65|0x000000008ed00000, 0x000000008ee00000, 0x000000008ee00000|100%| S|CS|TAMS 0x000000008ed00000, 0x000000008ed00000| Complete 
|  66|0x000000008ee00000, 0x000000008ef00000, 0x000000008ef00000|100%| S|CS|TAMS 0x000000008ee00000, 0x000000008ee00000| Complete 
|  67|0x000000008ef00000, 0x000000008f000000, 0x000000008f000000|100%| S|CS|TAMS 0x000000008ef00000, 0x000000008ef00000| Complete 
|  68|0x000000008f000000, 0x000000008f100000, 0x000000008f100000|100%| S|CS|TAMS 0x000000008f000000, 0x000000008f000000| Complete 
|  69|0x000000008f100000, 0x000000008f200000, 0x000000008f200000|100%| S|CS|TAMS 0x000000008f100000, 0x000000008f100000| Complete 
|  70|0x000000008f200000, 0x000000008f200000, 0x000000008f300000|  0%| F|  |TAMS 0x000000008f200000, 0x000000008f200000| Untracked 
|  71|0x000000008f300000, 0x000000008f300000, 0x000000008f400000|  0%| F|  |TAMS 0x000000008f300000, 0x000000008f300000| Untracked 
|  72|0x000000008f400000, 0x000000008f400000, 0x000000008f500000|  0%| F|  |TAMS 0x000000008f400000, 0x000000008f400000| Untracked 
|  73|0x000000008f500000, 0x000000008f500000, 0x000000008f600000|  0%| F|  |TAMS 0x000000008f500000, 0x000000008f500000| Untracked 
|  74|0x000000008f600000, 0x000000008f600000, 0x000000008f700000|  0%| F|  |TAMS 0x000000008f600000, 0x000000008f600000| Untracked 
|  75|0x000000008f700000, 0x000000008f700000, 0x000000008f800000|  0%| F|  |TAMS 0x000000008f700000, 0x000000008f700000| Untracked 
|  76|0x000000008f800000, 0x000000008f800000, 0x000000008f900000|  0%| F|  |TAMS 0x000000008f800000, 0x000000008f800000| Untracked 
|  77|0x000000008f900000, 0x000000008f900000, 0x000000008fa00000|  0%| F|  |TAMS 0x000000008f900000, 0x000000008f900000| Untracked 
|  78|0x000000008fa00000, 0x000000008fa00000, 0x000000008fb00000|  0%| F|  |TAMS 0x000000008fa00000, 0x000000008fa00000| Untracked 
|  79|0x000000008fb00000, 0x000000008fb00000, 0x000000008fc00000|  0%| F|  |TAMS 0x000000008fb00000, 0x000000008fb00000| Untracked 
|  80|0x000000008fc00000, 0x000000008fc00000, 0x000000008fd00000|  0%| F|  |TAMS 0x000000008fc00000, 0x000000008fc00000| Untracked 
|  81|0x000000008fd00000, 0x000000008fd00000, 0x000000008fe00000|  0%| F|  |TAMS 0x000000008fd00000, 0x000000008fd00000| Untracked 
|  82|0x000000008fe00000, 0x000000008fe00000, 0x000000008ff00000|  0%| F|  |TAMS 0x000000008fe00000, 0x000000008fe00000| Untracked 
|  83|0x000000008ff00000, 0x000000008ff00000, 0x0000000090000000|  0%| F|  |TAMS 0x000000008ff00000, 0x000000008ff00000| Untracked 
|  84|0x0000000090000000, 0x0000000090000000, 0x0000000090100000|  0%| F|  |TAMS 0x0000000090000000, 0x0000000090000000| Untracked 
|  85|0x0000000090100000, 0x0000000090100000, 0x0000000090200000|  0%| F|  |TAMS 0x0000000090100000, 0x0000000090100000| Untracked 
|  86|0x0000000090200000, 0x0000000090200000, 0x0000000090300000|  0%| F|  |TAMS 0x0000000090200000, 0x0000000090200000| Untracked 
|  87|0x0000000090300000, 0x0000000090300000, 0x0000000090400000|  0%| F|  |TAMS 0x0000000090300000, 0x0000000090300000| Untracked 
|  88|0x0000000090400000, 0x0000000090400000, 0x0000000090500000|  0%| F|  |TAMS 0x0000000090400000, 0x0000000090400000| Untracked 
|  89|0x0000000090500000, 0x0000000090500000, 0x0000000090600000|  0%| F|  |TAMS 0x0000000090500000, 0x0000000090500000| Untracked 
|  90|0x0000000090600000, 0x0000000090600000, 0x0000000090700000|  0%| F|  |TAMS 0x0000000090600000, 0x0000000090600000| Untracked 
|  91|0x0000000090700000, 0x0000000090700000, 0x0000000090800000|  0%| F|  |TAMS 0x0000000090700000, 0x0000000090700000| Untracked 
|  92|0x0000000090800000, 0x0000000090800000, 0x0000000090900000|  0%| F|  |TAMS 0x0000000090800000, 0x0000000090800000| Untracked 
|  93|0x0000000090900000, 0x0000000090900000, 0x0000000090a00000|  0%| F|  |TAMS 0x0000000090900000, 0x0000000090900000| Untracked 
|  94|0x0000000090a00000, 0x0000000090a00000, 0x0000000090b00000|  0%| F|  |TAMS 0x0000000090a00000, 0x0000000090a00000| Untracked 
|  95|0x0000000090b00000, 0x0000000090b00000, 0x0000000090c00000|  0%| F|  |TAMS 0x0000000090b00000, 0x0000000090b00000| Untracked 
|  96|0x0000000090c00000, 0x0000000090c00000, 0x0000000090d00000|  0%| F|  |TAMS 0x0000000090c00000, 0x0000000090c00000| Untracked 
|  97|0x0000000090d00000, 0x0000000090d00000, 0x0000000090e00000|  0%| F|  |TAMS 0x0000000090d00000, 0x0000000090d00000| Untracked 
|  98|0x0000000090e00000, 0x0000000090e00000, 0x0000000090f00000|  0%| F|  |TAMS 0x0000000090e00000, 0x0000000090e00000| Untracked 
|  99|0x0000000090f00000, 0x0000000090f00000, 0x0000000091000000|  0%| F|  |TAMS 0x0000000090f00000, 0x0000000090f00000| Untracked 
| 100|0x0000000091000000, 0x0000000091000000, 0x0000000091100000|  0%| F|  |TAMS 0x0000000091000000, 0x0000000091000000| Untracked 
| 101|0x0000000091100000, 0x0000000091100000, 0x0000000091200000|  0%| F|  |TAMS 0x0000000091100000, 0x0000000091100000| Untracked 
| 102|0x0000000091200000, 0x0000000091200000, 0x0000000091300000|  0%| F|  |TAMS 0x0000000091200000, 0x0000000091200000| Untracked 
| 103|0x0000000091300000, 0x0000000091300000, 0x0000000091400000|  0%| F|  |TAMS 0x0000000091300000, 0x0000000091300000| Untracked 
| 104|0x0000000091400000, 0x0000000091400000, 0x0000000091500000|  0%| F|  |TAMS 0x0000000091400000, 0x0000000091400000| Untracked 
| 105|0x0000000091500000, 0x0000000091500000, 0x0000000091600000|  0%| F|  |TAMS 0x0000000091500000, 0x0000000091500000| Untracked 
| 106|0x0000000091600000, 0x0000000091600000, 0x0000000091700000|  0%| F|  |TAMS 0x0000000091600000, 0x0000000091600000| Untracked 
| 107|0x0000000091700000, 0x0000000091700000, 0x0000000091800000|  0%| F|  |TAMS 0x0000000091700000, 0x0000000091700000| Untracked 
| 108|0x0000000091800000, 0x0000000091800000, 0x0000000091900000|  0%| F|  |TAMS 0x0000000091800000, 0x0000000091800000| Untracked 
| 109|0x0000000091900000, 0x0000000091900000, 0x0000000091a00000|  0%| F|  |TAMS 0x0000000091900000, 0x0000000091900000| Untracked 
| 110|0x0000000091a00000, 0x0000000091a00000, 0x0000000091b00000|  0%| F|  |TAMS 0x0000000091a00000, 0x0000000091a00000| Untracked 
| 111|0x0000000091b00000, 0x0000000091b00000, 0x0000000091c00000|  0%| F|  |TAMS 0x0000000091b00000, 0x0000000091b00000| Untracked 
| 112|0x0000000091c00000, 0x0000000091c00000, 0x0000000091d00000|  0%| F|  |TAMS 0x0000000091c00000, 0x0000000091c00000| Untracked 
| 113|0x0000000091d00000, 0x0000000091d80800, 0x0000000091e00000| 50%| E|  |TAMS 0x0000000091d00000, 0x0000000091d00000| Complete 
| 114|0x0000000091e00000, 0x0000000091f00000, 0x0000000091f00000|100%| E|CS|TAMS 0x0000000091e00000, 0x0000000091e00000| Complete 
| 115|0x0000000091f00000, 0x0000000092000000, 0x0000000092000000|100%| E|CS|TAMS 0x0000000091f00000, 0x0000000091f00000| Complete 
| 116|0x0000000092000000, 0x0000000092100000, 0x0000000092100000|100%| E|  |TAMS 0x0000000092000000, 0x0000000092000000| Complete 
| 117|0x0000000092100000, 0x0000000092200000, 0x0000000092200000|100%| E|CS|TAMS 0x0000000092100000, 0x0000000092100000| Complete 
| 118|0x0000000092200000, 0x0000000092300000, 0x0000000092300000|100%| E|CS|TAMS 0x0000000092200000, 0x0000000092200000| Complete 
| 119|0x0000000092300000, 0x0000000092400000, 0x0000000092400000|100%| E|CS|TAMS 0x0000000092300000, 0x0000000092300000| Complete 
| 120|0x0000000092400000, 0x0000000092500000, 0x0000000092500000|100%| E|CS|TAMS 0x0000000092400000, 0x0000000092400000| Complete 
| 121|0x0000000092500000, 0x0000000092600000, 0x0000000092600000|100%| E|CS|TAMS 0x0000000092500000, 0x0000000092500000| Complete 
| 122|0x0000000092600000, 0x0000000092700000, 0x0000000092700000|100%| E|CS|TAMS 0x0000000092600000, 0x0000000092600000| Complete 
| 123|0x0000000092700000, 0x0000000092800000, 0x0000000092800000|100%| E|CS|TAMS 0x0000000092700000, 0x0000000092700000| Complete 
| 124|0x0000000092800000, 0x0000000092900000, 0x0000000092900000|100%| E|CS|TAMS 0x0000000092800000, 0x0000000092800000| Complete 
| 125|0x0000000092900000, 0x0000000092a00000, 0x0000000092a00000|100%| E|CS|TAMS 0x0000000092900000, 0x0000000092900000| Complete 
| 126|0x0000000092a00000, 0x0000000092b00000, 0x0000000092b00000|100%| E|CS|TAMS 0x0000000092a00000, 0x0000000092a00000| Complete 
| 127|0x0000000092b00000, 0x0000000092c00000, 0x0000000092c00000|100%| E|CS|TAMS 0x0000000092b00000, 0x0000000092b00000| Complete 
| 128|0x0000000092c00000, 0x0000000092d00000, 0x0000000092d00000|100%| E|CS|TAMS 0x0000000092c00000, 0x0000000092c00000| Complete 
| 129|0x0000000092d00000, 0x0000000092e00000, 0x0000000092e00000|100%| E|CS|TAMS 0x0000000092d00000, 0x0000000092d00000| Complete 
| 130|0x0000000092e00000, 0x0000000092f00000, 0x0000000092f00000|100%| E|CS|TAMS 0x0000000092e00000, 0x0000000092e00000| Complete 
| 131|0x0000000092f00000, 0x0000000093000000, 0x0000000093000000|100%| E|CS|TAMS 0x0000000092f00000, 0x0000000092f00000| Complete 
| 132|0x0000000093000000, 0x0000000093100000, 0x0000000093100000|100%| E|CS|TAMS 0x0000000093000000, 0x0000000093000000| Complete 
| 133|0x0000000093100000, 0x0000000093200000, 0x0000000093200000|100%| E|CS|TAMS 0x0000000093100000, 0x0000000093100000| Complete 
| 134|0x0000000093200000, 0x0000000093300000, 0x0000000093300000|100%| E|CS|TAMS 0x0000000093200000, 0x0000000093200000| Complete 
| 135|0x0000000093300000, 0x0000000093400000, 0x0000000093400000|100%| E|CS|TAMS 0x0000000093300000, 0x0000000093300000| Complete 
| 136|0x0000000093400000, 0x0000000093500000, 0x0000000093500000|100%| E|CS|TAMS 0x0000000093400000, 0x0000000093400000| Complete 
| 137|0x0000000093500000, 0x0000000093600000, 0x0000000093600000|100%| E|CS|TAMS 0x0000000093500000, 0x0000000093500000| Complete 
| 138|0x0000000093600000, 0x0000000093700000, 0x0000000093700000|100%| E|CS|TAMS 0x0000000093600000, 0x0000000093600000| Complete 
| 139|0x0000000093700000, 0x0000000093800000, 0x0000000093800000|100%| E|CS|TAMS 0x0000000093700000, 0x0000000093700000| Complete 
| 140|0x0000000093800000, 0x0000000093900000, 0x0000000093900000|100%| E|CS|TAMS 0x0000000093800000, 0x0000000093800000| Complete 
| 141|0x0000000093900000, 0x0000000093a00000, 0x0000000093a00000|100%| E|CS|TAMS 0x0000000093900000, 0x0000000093900000| Complete 
| 142|0x0000000093a00000, 0x0000000093b00000, 0x0000000093b00000|100%| E|CS|TAMS 0x0000000093a00000, 0x0000000093a00000| Complete 
| 143|0x0000000093b00000, 0x0000000093c00000, 0x0000000093c00000|100%| E|CS|TAMS 0x0000000093b00000, 0x0000000093b00000| Complete 
| 144|0x0000000093c00000, 0x0000000093d00000, 0x0000000093d00000|100%| E|CS|TAMS 0x0000000093c00000, 0x0000000093c00000| Complete 
| 145|0x0000000093d00000, 0x0000000093e00000, 0x0000000093e00000|100%| E|CS|TAMS 0x0000000093d00000, 0x0000000093d00000| Complete 
| 146|0x0000000093e00000, 0x0000000093f00000, 0x0000000093f00000|100%| E|CS|TAMS 0x0000000093e00000, 0x0000000093e00000| Complete 
| 147|0x0000000093f00000, 0x0000000094000000, 0x0000000094000000|100%| E|CS|TAMS 0x0000000093f00000, 0x0000000093f00000| Complete 
| 148|0x0000000094000000, 0x0000000094100000, 0x0000000094100000|100%| E|CS|TAMS 0x0000000094000000, 0x0000000094000000| Complete 
| 149|0x0000000094100000, 0x0000000094200000, 0x0000000094200000|100%| E|CS|TAMS 0x0000000094100000, 0x0000000094100000| Complete 
| 150|0x0000000094200000, 0x0000000094300000, 0x0000000094300000|100%| E|CS|TAMS 0x0000000094200000, 0x0000000094200000| Complete 
| 151|0x0000000094300000, 0x0000000094400000, 0x0000000094400000|100%| E|CS|TAMS 0x0000000094300000, 0x0000000094300000| Complete 
| 152|0x0000000094400000, 0x0000000094500000, 0x0000000094500000|100%| E|CS|TAMS 0x0000000094400000, 0x0000000094400000| Complete 

Card table byte_map: [0x000001f173790000,0x000001f173b40000] _byte_map_base: 0x000001f17333a000

Marking Bits (Prev, Next): (CMBitMap*) 0x000001f16b3d9250, (CMBitMap*) 0x000001f16b3d9290
 Prev Bits: [0x000001f173ef0000, 0x000001f175c40000)
 Next Bits: [0x000001f175c40000, 0x000001f177990000)

Polling page: 0x000001f16ab10000

Metaspace:

Usage:
  Non-class:     14.50 MB used.
      Class:      1.86 MB used.
       Both:     16.35 MB used.

Virtual space:
  Non-class space:       64.00 MB reserved,      14.69 MB ( 23%) committed,  1 nodes.
      Class space:        1.00 GB reserved,       2.00 MB ( <1%) committed,  1 nodes.
             Both:        1.06 GB reserved,      16.69 MB (  2%) committed. 

Chunk freelists:
   Non-Class:  820.00 KB
       Class:  13.84 MB
        Both:  14.64 MB

MaxMetaspaceSize: unlimited
CompressedClassSpaceSize: 1.00 GB
Initial GC threshold: 21.00 MB
Current GC threshold: 21.00 MB
CDS: on
MetaspaceReclaimPolicy: balanced
 - commit_granule_bytes: 65536.
 - commit_granule_words: 8192.
 - virtual_space_node_default_size: 8388608.
 - enlarge_chunks_in_place: 1.
 - new_chunks_are_fully_committed: 0.
 - uncommit_free_chunks: 1.
 - use_allocation_guard: 0.
 - handle_deallocations: 1.


Internal statistics:

num_allocs_failed_limit: 0.
num_arena_births: 298.
num_arena_deaths: 0.
num_vsnodes_births: 2.
num_vsnodes_deaths: 0.
num_space_committed: 267.
num_space_uncommitted: 0.
num_chunks_returned_to_freelist: 0.
num_chunks_taken_from_freelist: 716.
num_chunk_merges: 0.
num_chunk_splits: 443.
num_chunks_enlarged: 289.
num_inconsistent_stats: 0.

CodeHeap 'non-profiled nmethods': size=120000Kb used=1510Kb max_used=2723Kb free=118489Kb
 bounds [0x000001f107ad0000, 0x000001f107d80000, 0x000001f10f000000]
CodeHeap 'profiled nmethods': size=120000Kb used=4973Kb max_used=6650Kb free=115026Kb
 bounds [0x000001f100000000, 0x000001f100680000, 0x000001f107530000]
CodeHeap 'non-nmethods': size=5760Kb used=1623Kb max_used=1664Kb free=4136Kb
 bounds [0x000001f107530000, 0x000001f1077a0000, 0x000001f107ad0000]
 total_blobs=3940 nmethods=2890 adapters=962
 compilation: enabled
              stopped_count=0, restarted_count=0
 full_count=0

Compilation events (20 events):
Event: 6.150 Thread 0x000001f17a7597a0 nmethod 3674 0x000001f10041c710 code [0x000001f10041cde0, 0x000001f10041fc38]
Event: 6.150 Thread 0x000001f17a7597a0 3680       3       jdk.internal.org.objectweb.asm.ClassWriter::<init> (7 bytes)
Event: 6.150 Thread 0x000001f17a7597a0 nmethod 3680 0x000001f100025810 code [0x000001f1000259c0, 0x000001f100025b08]
Event: 6.150 Thread 0x000001f17a7597a0 3678       3       java.lang.invoke.MethodHandles$Lookup$ClassOption::optionsToFlag (40 bytes)
Event: 6.150 Thread 0x000001f17a7597a0 nmethod 3678 0x000001f10000b210 code [0x000001f10000b3e0, 0x000001f10000b8e8]
Event: 6.150 Thread 0x000001f17a7597a0 3675       3       java.lang.invoke.MethodHandles$Lookup$ClassDefiner::defineClass (97 bytes)
Event: 6.151 Thread 0x000001f17a7597a0 nmethod 3675 0x000001f100133610 code [0x000001f1001338a0, 0x000001f1001346f8]
Event: 6.151 Thread 0x000001f17a7597a0 3676       3       java.lang.System$2::defineClass (21 bytes)
Event: 6.151 Thread 0x000001f17a7597a0 nmethod 3676 0x000001f100056390 code [0x000001f100056540, 0x000001f1000566c8]
Event: 6.151 Thread 0x000001f17a7597a0 3679       3       java.lang.invoke.MethodHandles$Lookup$ClassDefiner::<init> (58 bytes)
Event: 6.151 Thread 0x000001f17a7597a0 nmethod 3679 0x000001f100098b90 code [0x000001f100098d40, 0x000001f100098fd8]
Event: 6.151 Thread 0x000001f17a7597a0 3684       1       sun.util.calendar.BaseCalendar$Date::getCachedJan1 (5 bytes)
Event: 6.151 Thread 0x000001f17a7597a0 nmethod 3684 0x000001f107cbeb90 code [0x000001f107cbed20, 0x000001f107cbedf8]
Event: 6.151 Thread 0x000001f17a7597a0 3682       1       java.lang.invoke.InvokerBytecodeGenerator::setClassWriter (6 bytes)
Event: 6.151 Thread 0x000001f17a7597a0 nmethod 3682 0x000001f107cd2a10 code [0x000001f107cd2ba0, 0x000001f107cd2cb8]
Event: 6.151 Thread 0x000001f17a7597a0 3683       1       java.lang.Class::getClassData (5 bytes)
Event: 6.151 Thread 0x000001f17a7597a0 nmethod 3683 0x000001f107b7d290 code [0x000001f107b7d420, 0x000001f107b7d4f8]
Event: 6.232 Thread 0x000001f17a7583c0 nmethod 3640 0x000001f107b99910 code [0x000001f107b99fa0, 0x000001f107ba0c58]
Event: 6.233 Thread 0x000001f17a7583c0 3681       4       jdk.internal.org.objectweb.asm.ByteVector::put12 (64 bytes)
Event: 6.236 Thread 0x000001f17a7583c0 nmethod 3681 0x000001f107b44510 code [0x000001f107b446a0, 0x000001f107b44b98]

GC Heap History (16 events):
Event: 0.881 GC heap before
{Heap before GC invocations=0 (full 0):
 garbage-first heap   total 120832K, used 30720K [0x000000008ac00000, 0x0000000100000000)
  region size 1024K, 23 young (23552K), 0 survivors (0K)
 Metaspace       used 2624K, committed 2880K, reserved 1114112K
  class space    used 253K, committed 384K, reserved 1048576K
}
Event: 0.888 GC heap after
{Heap after GC invocations=1 (full 0):
 garbage-first heap   total 120832K, used 11235K [0x000000008ac00000, 0x0000000100000000)
  region size 1024K, 3 young (3072K), 3 survivors (3072K)
 Metaspace       used 2624K, committed 2880K, reserved 1114112K
  class space    used 253K, committed 384K, reserved 1048576K
}
Event: 2.390 GC heap before
{Heap before GC invocations=1 (full 0):
 garbage-first heap   total 120832K, used 36835K [0x000000008ac00000, 0x0000000100000000)
  region size 1024K, 28 young (28672K), 3 survivors (3072K)
 Metaspace       used 4844K, committed 5056K, reserved 1114112K
  class space    used 474K, committed 576K, reserved 1048576K
}
Event: 2.396 GC heap after
{Heap after GC invocations=2 (full 0):
 garbage-first heap   total 120832K, used 14969K [0x000000008ac00000, 0x0000000100000000)
  region size 1024K, 4 young (4096K), 4 survivors (4096K)
 Metaspace       used 4844K, committed 5056K, reserved 1114112K
  class space    used 474K, committed 576K, reserved 1048576K
}
Event: 2.672 GC heap before
{Heap before GC invocations=2 (full 0):
 garbage-first heap   total 120832K, used 84601K [0x000000008ac00000, 0x0000000100000000)
  region size 1024K, 70 young (71680K), 4 survivors (4096K)
 Metaspace       used 4892K, committed 5120K, reserved 1114112K
  class space    used 474K, committed 576K, reserved 1048576K
}
Event: 2.680 GC heap after
{Heap after GC invocations=3 (full 0):
 garbage-first heap   total 120832K, used 21211K [0x000000008ac00000, 0x0000000100000000)
  region size 1024K, 8 young (8192K), 8 survivors (8192K)
 Metaspace       used 4892K, committed 5120K, reserved 1114112K
  class space    used 474K, committed 576K, reserved 1048576K
}
Event: 3.185 GC heap before
{Heap before GC invocations=3 (full 0):
 garbage-first heap   total 120832K, used 83675K [0x000000008ac00000, 0x0000000100000000)
  region size 1024K, 69 young (70656K), 8 survivors (8192K)
 Metaspace       used 5040K, committed 5312K, reserved 1114112K
  class space    used 483K, committed 640K, reserved 1048576K
}
Event: 3.193 GC heap after
{Heap after GC invocations=4 (full 0):
 garbage-first heap   total 120832K, used 23320K [0x000000008ac00000, 0x0000000100000000)
  region size 1024K, 7 young (7168K), 7 survivors (7168K)
 Metaspace       used 5040K, committed 5312K, reserved 1114112K
  class space    used 483K, committed 640K, reserved 1048576K
}
Event: 3.463 GC heap before
{Heap before GC invocations=4 (full 0):
 garbage-first heap   total 120832K, used 85784K [0x000000008ac00000, 0x0000000100000000)
  region size 1024K, 68 young (69632K), 7 survivors (7168K)
 Metaspace       used 5084K, committed 5312K, reserved 1114112K
  class space    used 484K, committed 640K, reserved 1048576K
}
Event: 3.473 GC heap after
{Heap after GC invocations=5 (full 0):
 garbage-first heap   total 120832K, used 26674K [0x000000008ac00000, 0x0000000100000000)
  region size 1024K, 7 young (7168K), 7 survivors (7168K)
 Metaspace       used 5084K, committed 5312K, reserved 1114112K
  class space    used 484K, committed 640K, reserved 1048576K
}
Event: 3.642 GC heap before
{Heap before GC invocations=5 (full 0):
 garbage-first heap   total 120832K, used 91186K [0x000000008ac00000, 0x0000000100000000)
  region size 1024K, 68 young (69632K), 7 survivors (7168K)
 Metaspace       used 5091K, committed 5312K, reserved 1114112K
  class space    used 484K, committed 640K, reserved 1048576K
}
Event: 3.651 GC heap after
{Heap after GC invocations=6 (full 0):
 garbage-first heap   total 120832K, used 32430K [0x000000008ac00000, 0x0000000100000000)
  region size 1024K, 7 young (7168K), 7 survivors (7168K)
 Metaspace       used 5091K, committed 5312K, reserved 1114112K
  class space    used 484K, committed 640K, reserved 1048576K
}
Event: 3.808 GC heap before
{Heap before GC invocations=6 (full 0):
 garbage-first heap   total 120832K, used 90798K [0x000000008ac00000, 0x0000000100000000)
  region size 1024K, 64 young (65536K), 7 survivors (7168K)
 Metaspace       used 5100K, committed 5312K, reserved 1114112K
  class space    used 484K, committed 640K, reserved 1048576K
}
Event: 3.815 GC heap after
{Heap after GC invocations=7 (full 0):
 garbage-first heap   total 156672K, used 33273K [0x000000008ac00000, 0x0000000100000000)
  region size 1024K, 5 young (5120K), 5 survivors (5120K)
 Metaspace       used 5100K, committed 5312K, reserved 1114112K
  class space    used 484K, committed 640K, reserved 1048576K
}
Event: 5.208 GC heap before
{Heap before GC invocations=7 (full 0):
 garbage-first heap   total 156672K, used 118265K [0x000000008ac00000, 0x0000000100000000)
  region size 1024K, 88 young (90112K), 5 survivors (5120K)
 Metaspace       used 9489K, committed 9792K, reserved 1114112K
  class space    used 1059K, committed 1216K, reserved 1048576K
}
Event: 5.215 GC heap after
{Heap after GC invocations=8 (full 0):
 garbage-first heap   total 156672K, used 36457K [0x000000008ac00000, 0x0000000100000000)
  region size 1024K, 8 young (8192K), 8 survivors (8192K)
 Metaspace       used 9489K, committed 9792K, reserved 1114112K
  class space    used 1059K, committed 1216K, reserved 1048576K
}

Dll operation events (10 events):
Event: 0.009 Loaded shared library C:\Program Files\Eclipse Adoptium\jdk-17.0.10.7-hotspot\bin\java.dll
Event: 0.030 Loaded shared library C:\Program Files\Eclipse Adoptium\jdk-17.0.10.7-hotspot\bin\jsvml.dll
Event: 0.190 Loaded shared library C:\Program Files\Eclipse Adoptium\jdk-17.0.10.7-hotspot\bin\net.dll
Event: 0.194 Loaded shared library C:\Program Files\Eclipse Adoptium\jdk-17.0.10.7-hotspot\bin\nio.dll
Event: 0.201 Loaded shared library C:\Program Files\Eclipse Adoptium\jdk-17.0.10.7-hotspot\bin\zip.dll
Event: 0.308 Loaded shared library C:\Program Files\Eclipse Adoptium\jdk-17.0.10.7-hotspot\bin\jimage.dll
Event: 0.946 Loaded shared library C:\Program Files\Eclipse Adoptium\jdk-17.0.10.7-hotspot\bin\verify.dll
Event: 4.960 Loaded shared library C:\Program Files\Eclipse Adoptium\jdk-17.0.10.7-hotspot\bin\management.dll
Event: 4.967 Loaded shared library C:\Program Files\Eclipse Adoptium\jdk-17.0.10.7-hotspot\bin\management_ext.dll
Event: 6.005 Loaded shared library C:\Users\amyho\AppData\Local\Temp\lwjglamyho\3.3.1-build-7\lwjgl.dll

Deoptimization events (20 events):
Event: 5.610 Thread 0x000001f16925eaf0 DEOPT PACKING pc=0x000001f107c04e34 sp=0x0000000fbf6fd820
Event: 5.610 Thread 0x000001f16925eaf0 DEOPT UNPACKING pc=0x000001f1075869a3 sp=0x0000000fbf6fd778 mode 2
Event: 5.779 Thread 0x000001f16925eaf0 Uncommon trap: trap_request=0xffffffde fr.pc=0x000001f107cbe02c relative=0x000000000000082c
Event: 5.779 Thread 0x000001f16925eaf0 Uncommon trap: reason=class_check action=maybe_recompile pc=0x000001f107cbe02c method=java.util.stream.AbstractPipeline.exactOutputSizeIfKnown(Ljava/util/Spliterator;)J @ 16 c2
Event: 5.779 Thread 0x000001f16925eaf0 DEOPT PACKING pc=0x000001f107cbe02c sp=0x0000000fbf6ff3a0
Event: 5.779 Thread 0x000001f16925eaf0 DEOPT UNPACKING pc=0x000001f1075869a3 sp=0x0000000fbf6ff2e8 mode 2
Event: 5.819 Thread 0x000001f16925eaf0 Uncommon trap: trap_request=0xffffffc6 fr.pc=0x000001f107cbe0c4 relative=0x00000000000008c4
Event: 5.819 Thread 0x000001f16925eaf0 Uncommon trap: reason=bimorphic_or_optimized_type_check action=maybe_recompile pc=0x000001f107cbe0c4 method=java.util.stream.AbstractPipeline.evaluate(Ljava/util/Spliterator;ZLjava/util/function/IntFunction;)Ljava/util/stream/Node; @ 23 c2
Event: 5.820 Thread 0x000001f16925eaf0 DEOPT PACKING pc=0x000001f107cbe0c4 sp=0x0000000fbf6ff370
Event: 5.820 Thread 0x000001f16925eaf0 DEOPT UNPACKING pc=0x000001f1075869a3 sp=0x0000000fbf6ff330 mode 2
Event: 5.931 Thread 0x000001f16925eaf0 Uncommon trap: trap_request=0xffffffde fr.pc=0x000001f107cbccf0 relative=0x00000000000000d0
Event: 5.931 Thread 0x000001f16925eaf0 Uncommon trap: reason=class_check action=maybe_recompile pc=0x000001f107cbccf0 method=java.util.stream.AbstractPipeline.exactOutputSizeIfKnown(Ljava/util/Spliterator;)J @ 16 c2
Event: 5.931 Thread 0x000001f16925eaf0 DEOPT PACKING pc=0x000001f107cbccf0 sp=0x0000000fbf6ff270
Event: 5.931 Thread 0x000001f16925eaf0 DEOPT UNPACKING pc=0x000001f1075869a3 sp=0x0000000fbf6ff1f0 mode 2
Event: 5.955 Thread 0x000001f16925eaf0 DEOPT PACKING pc=0x000001f1006712b3 sp=0x0000000fbf6fda10
Event: 5.955 Thread 0x000001f16925eaf0 DEOPT UNPACKING pc=0x000001f107587143 sp=0x0000000fbf6fcf48 mode 0
Event: 6.146 Thread 0x000001f17f6575c0 Uncommon trap: trap_request=0xffffff45 fr.pc=0x000001f107b8e924 relative=0x0000000000000104
Event: 6.146 Thread 0x000001f17f6575c0 Uncommon trap: reason=unstable_if action=reinterpret pc=0x000001f107b8e924 method=java.util.concurrent.TimeUnit.convert(JLjava/util/concurrent/TimeUnit;)J @ 8 c2
Event: 6.146 Thread 0x000001f17f6575c0 DEOPT PACKING pc=0x000001f107b8e924 sp=0x0000000fc17feda0
Event: 6.146 Thread 0x000001f17f6575c0 DEOPT UNPACKING pc=0x000001f1075869a3 sp=0x0000000fc17fed50 mode 2

Classes unloaded (0 events):
No events

Classes redefined (0 events):
No events

Internal exceptions (20 events):
Event: 5.873 Thread 0x000001f16925eaf0 Exception <a 'java/lang/NoSuchMethodError'{0x000000009288c1a0}: 'void java.lang.invoke.DirectMethodHandle$Holder.invokeStaticInit(java.lang.Object, java.lang.Object)'> (0x000000009288c1a0) 
thrown [s\src\hotspot\share\interpreter\linkResolver.cpp, line 759]
Event: 5.875 Thread 0x000001f16925eaf0 Exception <a 'java/lang/NoSuchMethodError'{0x0000000092898a18}: 'java.lang.Object java.lang.invoke.DirectMethodHandle$Holder.invokeStaticInit(java.lang.Object, java.lang.Object, java.lang.Object, java.lang.Object)'> (0x0000000092898a18) 
thrown [s\src\hotspot\share\interpreter\linkResolver.cpp, line 759]
Event: 5.875 Thread 0x000001f16925eaf0 Exception <a 'java/lang/IncompatibleClassChangeError'{0x000000009289e2c0}: Found class java.lang.Object, but interface was expected> (0x000000009289e2c0) 
thrown [s\src\hotspot\share\interpreter\linkResolver.cpp, line 826]
Event: 5.880 Thread 0x000001f16925eaf0 Exception <a 'java/lang/IncompatibleClassChangeError'{0x00000000928d3298}: Found class java.lang.Object, but interface was expected> (0x00000000928d3298) 
thrown [s\src\hotspot\share\interpreter\linkResolver.cpp, line 826]
Event: 5.918 Thread 0x000001f16925eaf0 Exception <a 'sun/nio/fs/WindowsException'{0x000000009266a5a0}> (0x000000009266a5a0) 
thrown [s\src\hotspot\share\prims\jni.cpp, line 516]
Event: 5.931 Thread 0x000001f16925eaf0 Exception <a 'java/lang/NoSuchMethodError'{0x00000000926ac460}: 'java.lang.Object java.lang.invoke.DirectMethodHandle$Holder.invokeVirtual(java.lang.Object, java.lang.Object, java.lang.Object)'> (0x00000000926ac460) 
thrown [s\src\hotspot\share\interpreter\linkResolver.cpp, line 759]
Event: 5.959 Thread 0x000001f16925eaf0 Exception <a 'sun/nio/fs/WindowsException'{0x00000000925b3448}> (0x00000000925b3448) 
thrown [s\src\hotspot\share\prims\jni.cpp, line 516]
Event: 5.964 Thread 0x000001f16925eaf0 Exception <a 'java/lang/NoSuchMethodError'{0x00000000925e20c8}: 'java.lang.Object java.lang.invoke.DirectMethodHandle$Holder.invokeStatic(java.lang.Object, int, java.lang.Object, java.lang.Object, java.lang.Object, java.lang.Object)'> (0x00000000925e20c8) 
thrown [s\src\hotspot\share\interpreter\linkResolver.cpp, line 759]
Event: 5.965 Thread 0x000001f16925eaf0 Exception <a 'java/lang/NoSuchMethodError'{0x00000000925ea8f0}: 'java.lang.Object java.lang.invoke.DirectMethodHandle$Holder.newInvokeSpecial(java.lang.Object, int, java.lang.Object, java.lang.Object)'> (0x00000000925ea8f0) 
thrown [s\src\hotspot\share\interpreter\linkResolver.cpp, line 759]
Event: 5.965 Thread 0x000001f16925eaf0 Exception <a 'java/lang/NoSuchMethodError'{0x00000000925ee9f8}: 'java.lang.Object java.lang.invoke.DirectMethodHandle$Holder.invokeSpecial(java.lang.Object, java.lang.Object, int, java.lang.Object, java.lang.Object)'> (0x00000000925ee9f8) 
thrown [s\src\hotspot\share\interpreter\linkResolver.cpp, line 759]
Event: 6.003 Thread 0x000001f16925eaf0 Exception <a 'sun/nio/fs/WindowsException'{0x000000009226c208}> (0x000000009226c208) 
thrown [s\src\hotspot\share\prims\jni.cpp, line 516]
Event: 6.003 Thread 0x000001f16925eaf0 Exception <a 'sun/nio/fs/WindowsException'{0x000000009226c558}> (0x000000009226c558) 
thrown [s\src\hotspot\share\prims\jni.cpp, line 516]
Event: 6.014 Thread 0x000001f16925eaf0 Exception <a 'sun/nio/fs/WindowsException'{0x0000000092065078}> (0x0000000092065078) 
thrown [s\src\hotspot\share\prims\jni.cpp, line 516]
Event: 6.014 Thread 0x000001f16925eaf0 Exception <a 'sun/nio/fs/WindowsException'{0x00000000920653d8}> (0x00000000920653d8) 
thrown [s\src\hotspot\share\prims\jni.cpp, line 516]
Event: 6.028 Thread 0x000001f16925eaf0 Exception <a 'java/lang/NoSuchMethodError'{0x0000000091fa0518}: 'int java.lang.invoke.DirectMethodHandle$Holder.invokeStaticInit(java.lang.Object, java.lang.Object, int, long)'> (0x0000000091fa0518) 
thrown [s\src\hotspot\share\interpreter\linkResolver.cpp, line 759]
Event: 6.028 Thread 0x000001f16925eaf0 Exception <a 'java/lang/NoSuchMethodError'{0x0000000091fa60a8}: 'java.lang.Object java.lang.invoke.DirectMethodHandle$Holder.newInvokeSpecial(java.lang.Object, java.lang.Object, int)'> (0x0000000091fa60a8) 
thrown [s\src\hotspot\share\interpreter\linkResolver.cpp, line 759]
Event: 6.031 Thread 0x000001f16925eaf0 Exception <a 'java/lang/NoSuchMethodError'{0x0000000091fb9ef0}: 'int java.lang.invoke.DirectMethodHandle$Holder.invokeStaticInit(java.lang.Object, java.lang.Object, long, long)'> (0x0000000091fb9ef0) 
thrown [s\src\hotspot\share\interpreter\linkResolver.cpp, line 759]
Event: 6.032 Thread 0x000001f16925eaf0 Exception <a 'java/lang/NoSuchMethodError'{0x0000000091fbfe48}: 'java.lang.Object java.lang.invoke.DirectMethodHandle$Holder.newInvokeSpecial(java.lang.Object, java.lang.Object, long)'> (0x0000000091fbfe48) 
thrown [s\src\hotspot\share\interpreter\linkResolver.cpp, line 759]
Event: 6.032 Thread 0x000001f16925eaf0 Exception <a 'java/lang/NoSuchMethodError'{0x0000000091fc39b8}: 'java.lang.Object java.lang.invoke.Invokers$Holder.linkToTargetMethod(java.lang.Object, long, java.lang.Object)'> (0x0000000091fc39b8) 
thrown [s\src\hotspot\share\interpreter\linkResolver.cpp, line 759]
Event: 6.033 Thread 0x000001f16925eaf0 Exception <a 'java/lang/NoSuchMethodError'{0x0000000091fcb130}: 'int java.lang.invoke.DirectMethodHandle$Holder.invokeStaticInit(java.lang.Object, java.lang.Object, java.lang.Object, long)'> (0x0000000091fcb130) 
thrown [s\src\hotspot\share\interpreter\linkResolver.cpp, line 759]

VM Operations (20 events):
Event: 5.527 Executing VM operation: HandshakeAllThreads
Event: 5.527 Executing VM operation: HandshakeAllThreads done
Event: 5.572 Executing VM operation: HandshakeAllThreads
Event: 5.572 Executing VM operation: HandshakeAllThreads done
Event: 5.670 Executing VM operation: HandshakeAllThreads
Event: 5.670 Executing VM operation: HandshakeAllThreads done
Event: 5.777 Executing VM operation: HandshakeAllThreads
Event: 5.777 Executing VM operation: HandshakeAllThreads done
Event: 5.820 Executing VM operation: HandshakeAllThreads
Event: 5.820 Executing VM operation: HandshakeAllThreads done
Event: 5.824 Executing VM operation: ICBufferFull
Event: 5.825 Executing VM operation: ICBufferFull done
Event: 5.912 Executing VM operation: HandshakeAllThreads
Event: 5.912 Executing VM operation: HandshakeAllThreads done
Event: 6.024 Executing VM operation: HandshakeAllThreads
Event: 6.024 Executing VM operation: HandshakeAllThreads done
Event: 6.032 Executing VM operation: HandshakeAllThreads
Event: 6.032 Executing VM operation: HandshakeAllThreads done
Event: 6.148 Executing VM operation: HandshakeAllThreads
Event: 6.148 Executing VM operation: HandshakeAllThreads done

Events (20 events):
Event: 6.036 Thread 0x000001f17a31af70 flushing nmethod 0x000001f100592090
Event: 6.036 Thread 0x000001f17a31af70 flushing nmethod 0x000001f100592410
Event: 6.036 Thread 0x000001f17a31af70 flushing nmethod 0x000001f1005cab90
Event: 6.037 Thread 0x000001f17a31af70 flushing nmethod 0x000001f1005e1d90
Event: 6.037 Thread 0x000001f17a31af70 flushing nmethod 0x000001f1005e2d10
Event: 6.145 loading class java/util/concurrent/ScheduledThreadPoolExecutor$ScheduledFutureTask
Event: 6.145 loading class java/util/concurrent/FutureTask
Event: 6.145 loading class java/util/concurrent/FutureTask done
Event: 6.145 loading class java/util/concurrent/ScheduledThreadPoolExecutor$ScheduledFutureTask done
Event: 6.146 loading class java/util/concurrent/FutureTask$WaitNode
Event: 6.146 loading class java/util/concurrent/FutureTask$WaitNode done
Event: 6.146 loading class java/util/concurrent/Executors$RunnableAdapter
Event: 6.146 loading class java/util/concurrent/Executors$RunnableAdapter done
Event: 6.146 Thread 0x000001f17f6575c0 Thread added: 0x000001f17f6575c0
Event: 6.146 Thread 0x000001f17f5862b0 Thread exited: 0x000001f17f5862b0
Event: 6.147 loading class java/util/concurrent/locks/AbstractQueuedSynchronizer$ConditionNode
Event: 6.147 loading class java/util/concurrent/ForkJoinPool$ManagedBlocker
Event: 6.147 Thread 0x000001f151287da0 Thread exited: 0x000001f151287da0
Event: 6.147 loading class java/util/concurrent/ForkJoinPool$ManagedBlocker done
Event: 6.147 loading class java/util/concurrent/locks/AbstractQueuedSynchronizer$ConditionNode done


Dynamic libraries:
0x00007ff70aee0000 - 0x00007ff70aeee000 	C:\Program Files\Eclipse Adoptium\jdk-17.0.10.7-hotspot\bin\java.exe
0x00007ffefd470000 - 0x00007ffefd687000 	C:\WINDOWS\SYSTEM32\ntdll.dll
0x00007ffefc490000 - 0x00007ffefc554000 	C:\WINDOWS\System32\KERNEL32.DLL
0x00007ffefac50000 - 0x00007ffefaff6000 	C:\WINDOWS\System32\KERNELBASE.dll
0x00007ffefb000000 - 0x00007ffefb111000 	C:\WINDOWS\System32\ucrtbase.dll
0x00007ffef0ed0000 - 0x00007ffef0ee7000 	C:\Program Files\Eclipse Adoptium\jdk-17.0.10.7-hotspot\bin\jli.dll
0x00007ffeee5e0000 - 0x00007ffeee5fb000 	C:\Program Files\Eclipse Adoptium\jdk-17.0.10.7-hotspot\bin\VCRUNTIME140.dll
0x00007ffefc5c0000 - 0x00007ffefc76e000 	C:\WINDOWS\System32\USER32.dll
0x00007ffedb480000 - 0x00007ffedb713000 	C:\WINDOWS\WinSxS\amd64_microsoft.windows.common-controls_6595b64144ccf1df_6.0.22621.2506_none_270c5ae97388e100\COMCTL32.dll
0x00007ffefa7b0000 - 0x00007ffefa7d6000 	C:\WINDOWS\System32\win32u.dll
0x00007ffefb1c0000 - 0x00007ffefb267000 	C:\WINDOWS\System32\msvcrt.dll
0x00007ffefb640000 - 0x00007ffefb669000 	C:\WINDOWS\System32\GDI32.dll
0x00007ffefa950000 - 0x00007ffefaa68000 	C:\WINDOWS\System32\gdi32full.dll
0x00007ffefb120000 - 0x00007ffefb1ba000 	C:\WINDOWS\System32\msvcp_win.dll
0x00007ffefcb80000 - 0x00007ffefcbb1000 	C:\WINDOWS\System32\IMM32.DLL
0x00007ffef5a70000 - 0x00007ffef5a7c000 	C:\Program Files\Eclipse Adoptium\jdk-17.0.10.7-hotspot\bin\vcruntime140_1.dll
0x00007ffed7310000 - 0x00007ffed739d000 	C:\Program Files\Eclipse Adoptium\jdk-17.0.10.7-hotspot\bin\msvcp140.dll
0x00007ffea8810000 - 0x00007ffea9472000 	C:\Program Files\Eclipse Adoptium\jdk-17.0.10.7-hotspot\bin\server\jvm.dll
0x00007ffefb460000 - 0x00007ffefb513000 	C:\WINDOWS\System32\ADVAPI32.dll
0x00007ffefb670000 - 0x00007ffefb718000 	C:\WINDOWS\System32\sechost.dll
0x00007ffefa7e0000 - 0x00007ffefa808000 	C:\WINDOWS\System32\bcrypt.dll
0x00007ffefb520000 - 0x00007ffefb637000 	C:\WINDOWS\System32\RPCRT4.dll
0x00007ffef0e80000 - 0x00007ffef0eb4000 	C:\WINDOWS\SYSTEM32\WINMM.dll
0x00007ffef98e0000 - 0x00007ffef992d000 	C:\WINDOWS\SYSTEM32\POWRPROF.dll
0x00007ffef21d0000 - 0x00007ffef21da000 	C:\WINDOWS\SYSTEM32\VERSION.dll
0x00007ffed2be0000 - 0x00007ffed2be9000 	C:\WINDOWS\SYSTEM32\WSOCK32.dll
0x00007ffefc100000 - 0x00007ffefc171000 	C:\WINDOWS\System32\WS2_32.dll
0x00007ffef9880000 - 0x00007ffef9893000 	C:\WINDOWS\SYSTEM32\UMPDC.dll
0x00007ffef9860000 - 0x00007ffef9878000 	C:\WINDOWS\SYSTEM32\kernel.appcore.dll
0x00007ffef4b60000 - 0x00007ffef4b6a000 	C:\Program Files\Eclipse Adoptium\jdk-17.0.10.7-hotspot\bin\jimage.dll
0x00007ffeee810000 - 0x00007ffeeea43000 	C:\WINDOWS\SYSTEM32\DBGHELP.DLL
0x00007ffefcc20000 - 0x00007ffefcfa9000 	C:\WINDOWS\System32\combase.dll
0x00007ffefb270000 - 0x00007ffefb347000 	C:\WINDOWS\System32\OLEAUT32.dll
0x00007ffed3440000 - 0x00007ffed3472000 	C:\WINDOWS\SYSTEM32\dbgcore.DLL
0x00007ffefa810000 - 0x00007ffefa88a000 	C:\WINDOWS\System32\bcryptPrimitives.dll
0x00007ffede560000 - 0x00007ffede585000 	C:\Program Files\Eclipse Adoptium\jdk-17.0.10.7-hotspot\bin\java.dll
0x00007ffec52d0000 - 0x00007ffec53a7000 	C:\Program Files\Eclipse Adoptium\jdk-17.0.10.7-hotspot\bin\jsvml.dll
0x00007ffefb740000 - 0x00007ffefbf9a000 	C:\WINDOWS\System32\SHELL32.dll
0x00007ffef86c0000 - 0x00007ffef8fb6000 	C:\WINDOWS\SYSTEM32\windows.storage.dll
0x00007ffef8580000 - 0x00007ffef86be000 	C:\WINDOWS\SYSTEM32\wintypes.dll
0x00007ffefc770000 - 0x00007ffefc863000 	C:\WINDOWS\System32\SHCORE.dll
0x00007ffefcbc0000 - 0x00007ffefcc1e000 	C:\WINDOWS\System32\shlwapi.dll
0x00007ffefa6e0000 - 0x00007ffefa706000 	C:\WINDOWS\SYSTEM32\profapi.dll
0x00007ffede4f0000 - 0x00007ffede509000 	C:\Program Files\Eclipse Adoptium\jdk-17.0.10.7-hotspot\bin\net.dll
0x00007ffef4380000 - 0x00007ffef44b7000 	C:\WINDOWS\SYSTEM32\WINHTTP.dll
0x00007ffef9d50000 - 0x00007ffef9db9000 	C:\WINDOWS\system32\mswsock.dll
0x00007ffede4d0000 - 0x00007ffede4e6000 	C:\Program Files\Eclipse Adoptium\jdk-17.0.10.7-hotspot\bin\nio.dll
0x00007ffede510000 - 0x00007ffede528000 	C:\Program Files\Eclipse Adoptium\jdk-17.0.10.7-hotspot\bin\zip.dll
0x00007ffef34b0000 - 0x00007ffef34c0000 	C:\Program Files\Eclipse Adoptium\jdk-17.0.10.7-hotspot\bin\verify.dll
0x00007ffef0f60000 - 0x00007ffef0f69000 	C:\Program Files\Eclipse Adoptium\jdk-17.0.10.7-hotspot\bin\management.dll
0x00007ffef0b00000 - 0x00007ffef0b0b000 	C:\Program Files\Eclipse Adoptium\jdk-17.0.10.7-hotspot\bin\management_ext.dll
0x00007ffefb720000 - 0x00007ffefb728000 	C:\WINDOWS\System32\PSAPI.DLL
0x00007ffe699a0000 - 0x00007ffe699b7000 	C:\WINDOWS\system32\napinsp.dll
0x00007ffe69980000 - 0x00007ffe6999b000 	C:\WINDOWS\system32\pnrpnsp.dll
0x00007ffef9240000 - 0x00007ffef9339000 	C:\WINDOWS\SYSTEM32\DNSAPI.dll
0x00007ffef9210000 - 0x00007ffef923d000 	C:\WINDOWS\SYSTEM32\IPHLPAPI.DLL
0x00007ffefc560000 - 0x00007ffefc569000 	C:\WINDOWS\System32\NSI.dll
0x00007ffe69960000 - 0x00007ffe69971000 	C:\WINDOWS\System32\winrnr.dll
0x00007ffef21e0000 - 0x00007ffef21f5000 	C:\WINDOWS\system32\wshbth.dll
0x00007ffeb6450000 - 0x00007ffeb6471000 	C:\WINDOWS\system32\nlansp_c.dll
0x0000000072800000 - 0x0000000072826000 	C:\Program Files\Bonjour\mdnsNSP.dll
0x00007ffef2140000 - 0x00007ffef214a000 	C:\Windows\System32\rasadhlp.dll
0x00007ffef1d70000 - 0x00007ffef1df3000 	C:\WINDOWS\System32\fwpuclnt.dll
0x00007ffed7290000 - 0x00007ffed7305000 	C:\Users\amyho\AppData\Local\Temp\lwjglamyho\3.3.1-build-7\lwjgl.dll
0x00007ffed31c0000 - 0x00007ffed3221000 	C:\Users\amyho\AppData\Local\Temp\lwjglamyho\3.3.1-build-7\glfw.dll
0x00007ffed70d0000 - 0x00007ffed7116000 	C:\WINDOWS\SYSTEM32\dinput8.dll
0x00007ffed8190000 - 0x00007ffed81a1000 	C:\WINDOWS\SYSTEM32\xinput1_4.dll
0x00007ffefa4c0000 - 0x00007ffefa4ec000 	C:\WINDOWS\SYSTEM32\DEVOBJ.dll
0x00007ffefa470000 - 0x00007ffefa4be000 	C:\WINDOWS\SYSTEM32\cfgmgr32.dll
0x00007ffef80e0000 - 0x00007ffef810b000 	C:\WINDOWS\SYSTEM32\dwmapi.dll
0x00007ffeddff0000 - 0x00007ffede1fa000 	C:\WINDOWS\SYSTEM32\inputhost.dll
0x00007ffef7450000 - 0x00007ffef7584000 	C:\WINDOWS\SYSTEM32\CoreMessaging.dll
0x00007ffef7cd0000 - 0x00007ffef7d7b000 	C:\WINDOWS\system32\uxtheme.dll
0x00007ffefca30000 - 0x00007ffefcb80000 	C:\WINDOWS\System32\MSCTF.dll
0x00007ffef9fa0000 - 0x00007ffef9fac000 	C:\WINDOWS\SYSTEM32\CRYPTBASE.DLL
0x00007ffec46f0000 - 0x00007ffec47f0000 	C:\WINDOWS\SYSTEM32\opengl32.dll
0x00007ffed88e0000 - 0x00007ffed890d000 	C:\WINDOWS\SYSTEM32\GLU32.dll
0x00007ffef7ea0000 - 0x00007ffef7ed6000 	C:\WINDOWS\SYSTEM32\dxcore.dll
0x00007ffef44c0000 - 0x00007ffef450a000 	C:\WINDOWS\SYSTEM32\directxdatabasehelper.dll
0x00007ffefc320000 - 0x00007ffefc3d0000 	C:\WINDOWS\System32\clbcatq.dll
0x00007ffed7260000 - 0x00007ffed728d000 	C:\WINDOWS\System32\DriverStore\FileRepository\u0387389.inf_amd64_995be970e30b8c79\B385477\atig6pxx.dll
0x00007ffe8be70000 - 0x00007ffe8fafb000 	C:\WINDOWS\System32\DriverStore\FileRepository\u0387389.inf_amd64_995be970e30b8c79\B385477\atio6axx.dll
0x00007ffefcfb0000 - 0x00007ffefd424000 	C:\WINDOWS\System32\SETUPAPI.dll
0x00007ffefabe0000 - 0x00007ffefac4b000 	C:\WINDOWS\System32\WINTRUST.dll
0x00007ffefaa70000 - 0x00007ffefabd6000 	C:\WINDOWS\System32\CRYPT32.dll
0x00007ffefa450000 - 0x00007ffefa462000 	C:\WINDOWS\SYSTEM32\MSASN1.dll

dbghelp: loaded successfully - version: 4.0.5 - missing functions: none
symbol engine: initialized successfully - sym options: 0x614 - pdb path: .;C:\Program Files\Eclipse Adoptium\jdk-17.0.10.7-hotspot\bin;C:\WINDOWS\SYSTEM32;C:\WINDOWS\WinSxS\amd64_microsoft.windows.common-controls_6595b64144ccf1df_6.0.22621.2506_none_270c5ae97388e100;C:\Program Files\Eclipse Adoptium\jdk-17.0.10.7-hotspot\bin\server;C:\Program Files\Bonjour;C:\Users\amyho\AppData\Local\Temp\lwjglamyho\3.3.1-build-7;C:\WINDOWS\System32\DriverStore\FileRepository\u0387389.inf_amd64_995be970e30b8c79\B385477

VM Arguments:
jvm_args: -Dforge.enableGameTest=true -Dforge.enabledGameTestNamespaces=mccourse -Dforge.logging.console.level=debug -Dforge.logging.markers=REGISTRIES -DignoreList=bootstraplauncher,securejarhandler,asm-commons,asm-util,asm-analysis,asm-tree,asm,JarJarFileSystems,client-extra,fmlcore,javafmllanguage,lowcodelanguage,mclanguage,forge- -Djava.net.preferIPv6Addresses=system -DlegacyClassPath.file=C:\Games\MY MODS\Mod i made\build\classpath\runClient_minecraftClasspath.txt -DmergeModules=jna-5.10.0.jar,jna-platform-5.10.0.jar --module-path=C:\Users\amyho\.gradle\caches\modules-2\files-2.1\cpw.mods\bootstraplauncher\1.1.2\c546e00443d8432cda6baa1c860346980742628\bootstraplauncher-1.1.2.jar;C:\Users\amyho\.gradle\caches\modules-2\files-2.1\cpw.mods\securejarhandler\2.1.10\51e6a22c6c716beb11e244bf5b8be480f51dd6b5\securejarhandler-2.1.10.jar;C:\Users\amyho\.gradle\caches\modules-2\files-2.1\org.ow2.asm\asm-commons\9.5\19ab5b5800a3910d30d3a3e64fdb00fd0cb42de0\asm-commons-9.5.jar;C:\Users\amyho\.gradle\caches\modules-2\files-2.1\org.ow2.asm\asm-util\9.5\64b5a1fc8c1b15ed2efd6a063e976bc8d3dc5ffe\asm-util-9.5.jar;C:\Users\amyho\.gradle\caches\modules-2\files-2.1\org.ow2.asm\asm-analysis\9.5\490bacc77de7cbc0be1a30bb3471072d705be4a4\asm-analysis-9.5.jar;C:\Users\amyho\.gradle\caches\modules-2\files-2.1\org.ow2.asm\asm-tree\9.5\fd33c8b6373abaa675be407082fdfda35021254a\asm-tree-9.5.jar;C:\Users\amyho\.gradle\caches\modules-2\files-2.1\org.ow2.asm\asm\9.5\dc6ea1875f4d64fbc85e1691c95b96a3d8569c90\asm-9.5.jar;C:\Users\amyho\.gradle\caches\modules-2\files-2.1\net.minecraftforge\JarJarFileSystems\0.3.19\2464eb7d6b9ddb9db36a82cf8a95193e5c6fe020\JarJarFileSystems-0.3.19.jar --add-modules=ALL-MODULE-PATH --add-opens=java.base/java.util.jar=cpw.mods.securejarhandler --add-opens=java.base/java.lang.invoke=cpw.mods.securejarhandler --add-exports=java.base/sun.security.util=cpw.mods.securejarhandler --add-exports=jdk.naming.dns/com.sun.jndi.dns=java.naming -XX:HeapDumpPath=MojangTricksIntelDriversForPerformance_javaw.exe_minecraft.exe.heapdump -Dfile.encoding=windows-1252 -Duser.country=US -Duser.language=en -Duser.variant 
java_command: cpw.mods.bootstraplauncher.BootstrapLauncher --launchTarget forgeclientuserdev --version MOD_DEV --assetIndex 5 --assetsDir C:\Users\amyho\.gradle\caches\forge_gradle\assets --gameDir . --fml.forgeVersion 47.2.20 --fml.mcVersion 1.20.1 --fml.forgeGroup net.minecraftforge --fml.mcpVersion 20230612.114412
java_class_path (initial): C:\Games\MY MODS\Mod i made\build\classes\java\main;C:\Games\MY MODS\Mod i made\build\resources\main;C:\Users\amyho\.gradle\caches\forge_gradle\minecraft_user_repo\net\minecraftforge\forge\1.20.1-47.2.20_mapped_parchment_2023.10.08-1.20.2\forge-1.20.1-47.2.20_mapped_parchment_2023.10.08-1.20.2.jar;C:\Users\amyho\.gradle\caches\forge_gradle\minecraft_repo\versions\1.20.1\client-extra.jar;C:\Users\amyho\.gradle\caches\modules-2\files-2.1\net.minecraftforge\fmlearlydisplay\1.20.1-47.2.20\87158515a05ca1bb416368e0698c3f1f4bd83832\fmlearlydisplay-1.20.1-47.2.20.jar;C:\Users\amyho\.gradle\caches\modules-2\files-2.1\net.minecraftforge\javafmllanguage\1.20.1-47.2.20\918959a037ab7191a0c45a359f4746ab76c110c3\javafmllanguage-1.20.1-47.2.20.jar;C:\Users\amyho\.gradle\caches\modules-2\files-2.1\net.minecraftforge\lowcodelanguage\1.20.1-47.2.20\c1d1efcb98e8bfcf3dbfed0d1e81b55b648b86bf\lowcodelanguage-1.20.1-47.2.20.jar;C:\Users\amyho\.gradle\caches\modules-2\files-2.1\net.minecraftforge\mclanguage\1.20.1-47.2.20\efca3bee89c0085192b122d47334692b921ca7d1\mclanguage-1.20.1-47.2.20.jar;C:\Users\amyho\.gradle\caches\modules-2\files-2.1\net.minecraftforge\fmlcore\1.20.1-47.2.20\12cd436f148405b50c9b16bd8f3cc6f18db89824\fmlcore-1.20.1-47.2.20.jar;C:\Users\amyho\.gradle\caches\modules-2\files-2.1\net.minecraftforge\fmlloader\1.20.1-47.2.20\d7a3c85dd7ed1d552bd655b4418df2b09a77c734\fmlloader-1.20.1-47.2.20.jar;C:\Users\amyho\.gradle\caches\modules-2\files-2.1\net.minecraftforge\JarJarSelector\0.3.19\376cc9c8ea60720cf027c01fc033de915699801c\JarJarSelector-0.3.19.jar;C:\Users\amyho\.gradle\caches\modules-2\files-2.1\net.minecraftforge\JarJarMetadata\0.3.19\83feaa9b770e6ac0e96ee4fc23fa89325c5fe2\JarJarMetadata-0.3.19.jar;C:\Users\amyho\.gradle\caches\modules-2\files-2.1\com.google.guava\guava\31.1-jre\60458f877d055d0c9114d9e1a2efb737b4bc282c\guava-31.1-jre.jar;C:\Users\amyho\.gradle\caches\modules-2\files-2.1\com.google.code.findbugs\jsr305\3.0.2\25ea2e8b0c338a87731
Launcher Type: SUN_STANDARD

[Global flags]
     intx CICompilerCount                          = 4                                         {product} {ergonomic}
     uint ConcGCThreads                            = 3                                         {product} {ergonomic}
     uint G1ConcRefinementThreads                  = 10                                        {product} {ergonomic}
   size_t G1HeapRegionSize                         = 1048576                                   {product} {ergonomic}
    uintx GCDrainStackTargetSize                   = 64                                        {product} {ergonomic}
    ccstr HeapDumpPath                             = MojangTricksIntelDriversForPerformance_javaw.exe_minecraft.exe.heapdump         {manageable} {command line}
   size_t InitialHeapSize                          = 123731968                                 {product} {ergonomic}
   size_t MarkStackSize                            = 4194304                                   {product} {ergonomic}
   size_t MaxHeapSize                              = 1967128576                                {product} {ergonomic}
   size_t MaxNewSize                               = 1179648000                                {product} {ergonomic}
   size_t MinHeapDeltaBytes                        = 1048576                                   {product} {ergonomic}
   size_t MinHeapSize                              = 8388608                                   {product} {ergonomic}
    uintx NonNMethodCodeHeapSize                   = 5839372                                {pd product} {ergonomic}
    uintx NonProfiledCodeHeapSize                  = 122909434                              {pd product} {ergonomic}
    uintx ProfiledCodeHeapSize                     = 122909434                              {pd product} {ergonomic}
    uintx ReservedCodeCacheSize                    = 251658240                              {pd product} {ergonomic}
     bool SegmentedCodeCache                       = true                                      {product} {ergonomic}
   size_t SoftMaxHeapSize                          = 1967128576                             {manageable} {ergonomic}
     bool UseCompressedClassPointers               = true                           {product lp64_product} {ergonomic}
     bool UseCompressedOops                        = true                           {product lp64_product} {ergonomic}
     bool UseG1GC                                  = true                                      {product} {ergonomic}
     bool UseLargePagesIndividualAllocation        = false                                  {pd product} {ergonomic}

Logging:
Log output configuration:
 #0: stdout all=warning uptime,level,tags
 #1: stderr all=off uptime,level,tags

Environment Variables:
JAVA_HOME=C:\Program Files\Eclipse Adoptium\jdk-17.0.10.7-hotspot\
PATH=C:\Program Files\Eclipse Adoptium\jdk-17.0.10.7-hotspot\bin;C:\Program Files (x86)\Common Files\Oracle\Java\javapath;C:\Program Files\Eclipse Foundation\jdk-16.0.2.7-hotspot\bin;C:\WINDOWS\system32;C:\WINDOWS;C:\WINDOWS\System32\Wbem;C:\WINDOWS\System32\WindowsPowerShell\v1.0\;C:\WINDOWS\System32\OpenSSH\;C:\Program Files\WorldPainter;C:\Program Files\Git\cmd;C:\Users\amyho\AppData\Local\Microsoft\WindowsApps;
USERNAME=amyho
OS=Windows_NT
PROCESSOR_IDENTIFIER=AMD64 Family 23 Model 104 Stepping 1, AuthenticAMD
TMP=C:\Users\amyho\AppData\Local\Temp
TEMP=C:\Users\amyho\AppData\Local\Temp



Periodic native trim disabled


---------------  S Y S T E M  ---------------

OS:
 Windows 11 , 64 bit Build 22621 (10.0.22621.2506)
OS uptime: 8 days 15:37 hours
Hyper-V role detected

CPU: total 12 (initial active 12) (12 cores per cpu, 2 threads per core) family 23 model 104 stepping 1 microcode 0x0, cx8, cmov, fxsr, ht, mmx, 3dnowpref, sse, sse2, sse3, ssse3, sse4a, sse4.1, sse4.2, popcnt, lzcnt, tsc, tscinvbit, avx, avx2, aes, clmul, bmi1, bmi2, adx, sha, fma, vzeroupper, clflush, clflushopt, hv
Processor Information for processor 0
  Max Mhz: 2100, Current Mhz: 2100, Mhz Limit: 2100
Processor Information for processor 1
  Max Mhz: 2100, Current Mhz: 2100, Mhz Limit: 2100
Processor Information for processor 2
  Max Mhz: 2100, Current Mhz: 2100, Mhz Limit: 2100
Processor Information for processor 3
  Max Mhz: 2100, Current Mhz: 1813, Mhz Limit: 2100
Processor Information for processor 4
  Max Mhz: 2100, Current Mhz: 1813, Mhz Limit: 2100
Processor Information for processor 5
  Max Mhz: 2100, Current Mhz: 1813, Mhz Limit: 2100
Processor Information for processor 6
  Max Mhz: 2100, Current Mhz: 1813, Mhz Limit: 2100
Processor Information for processor 7
  Max Mhz: 2100, Current Mhz: 1813, Mhz Limit: 2100
Processor Information for processor 8
  Max Mhz: 2100, Current Mhz: 1813, Mhz Limit: 2100
Processor Information for processor 9
  Max Mhz: 2100, Current Mhz: 1813, Mhz Limit: 2100
Processor Information for processor 10
  Max Mhz: 2100, Current Mhz: 1813, Mhz Limit: 2100
Processor Information for processor 11
  Max Mhz: 2100, Current Mhz: 1813, Mhz Limit: 2100

Memory: 4k page, system-wide physical 7501M (714M free)
TotalPageFile size 23153M (AvailPageFile size 10326M)
current process WorkingSet (physical memory assigned to process): 244M, peak: 267M
current process commit charge ("private bytes"): 303M, peak: 335M

vm_info: OpenJDK 64-Bit Server VM (17.0.10+7) for windows-amd64 JRE (17.0.10+7), built on Jan 16 2024 23:25:11 by "admin" with MS VC++ 16.10 / 16.11 (VS2019)

END.
