#
# A fatal error has been detected by the Java Runtime Environment:
#
#  EXCEPTION_ACCESS_VIOLATION (0xc0000005) at pc=0x00007ff989936280, pid=2564, tid=1400
#
# JRE version: OpenJDK Runtime Environment Temurin-17.0.10+7 (17.0.10+7) (build 17.0.10+7)
# Java VM: OpenJDK 64-Bit Server VM Temurin-17.0.10+7 (17.0.10+7, mixed mode, sharing, tiered, compressed oops, compressed class ptrs, g1 gc, windows-amd64)
# Problematic frame:
# C  [atio6axx.dll+0x196280]
#
# No core dump will be written. Minidumps are not enabled by default on client versions of Windows
#
# If you would like to submit a bug report, please visit:
#   https://github.com/adoptium/adoptium-support/issues
# The crash happened outside the Java Virtual Machine in native code.
# See problematic frame for where to report the bug.
#

---------------  S U M M A R Y ------------

Command Line: -Dforge.enableGameTest=true -Dforge.enabledGameTestNamespaces=mccourse -Dforge.logging.console.level=debug -Dforge.logging.markers=REGISTRIES -DignoreList=bootstraplauncher,securejarhandler,asm-commons,asm-util,asm-analysis,asm-tree,asm,JarJarFileSystems,client-extra,fmlcore,javafmllanguage,lowcodelanguage,mclanguage,forge- -Djava.net.preferIPv6Addresses=system -DlegacyClassPath.file=C:\Games\MY MODS\Mod i made\build\classpath\runClient_minecraftClasspath.txt -DmergeModules=jna-5.10.0.jar,jna-platform-5.10.0.jar --module-path=C:\Users\amyho\.gradle\caches\modules-2\files-2.1\cpw.mods\bootstraplauncher\1.1.2\c546e00443d8432cda6baa1c860346980742628\bootstraplauncher-1.1.2.jar;C:\Users\amyho\.gradle\caches\modules-2\files-2.1\cpw.mods\securejarhandler\2.1.10\51e6a22c6c716beb11e244bf5b8be480f51dd6b5\securejarhandler-2.1.10.jar;C:\Users\amyho\.gradle\caches\modules-2\files-2.1\org.ow2.asm\asm-commons\9.5\19ab5b5800a3910d30d3a3e64fdb00fd0cb42de0\asm-commons-9.5.jar;C:\Users\amyho\.gradle\caches\modules-2\files-2.1\org.ow2.asm\asm-util\9.5\64b5a1fc8c1b15ed2efd6a063e976bc8d3dc5ffe\asm-util-9.5.jar;C:\Users\amyho\.gradle\caches\modules-2\files-2.1\org.ow2.asm\asm-analysis\9.5\490bacc77de7cbc0be1a30bb3471072d705be4a4\asm-analysis-9.5.jar;C:\Users\amyho\.gradle\caches\modules-2\files-2.1\org.ow2.asm\asm-tree\9.5\fd33c8b6373abaa675be407082fdfda35021254a\asm-tree-9.5.jar;C:\Users\amyho\.gradle\caches\modules-2\files-2.1\org.ow2.asm\asm\9.5\dc6ea1875f4d64fbc85e1691c95b96a3d8569c90\asm-9.5.jar;C:\Users\amyho\.gradle\caches\modules-2\files-2.1\net.minecraftforge\JarJarFileSystems\0.3.19\2464eb7d6b9ddb9db36a82cf8a95193e5c6fe020\JarJarFileSystems-0.3.19.jar --add-modules=ALL-MODULE-PATH --add-opens=java.base/java.util.jar=cpw.mods.securejarhandler --add-opens=java.base/java.lang.invoke=cpw.mods.securejarhandler --add-exports=java.base/sun.security.util=cpw.mods.securejarhandler --add-exports=jdk.naming.dns/com.sun.jndi.dns=java.naming -XX:HeapDumpPath=MojangTricksIntelDriversForPerformance_javaw.exe_minecraft.exe.heapdump -Dfile.encoding=windows-1252 -Duser.country=US -Duser.language=en -Duser.variant cpw.mods.bootstraplauncher.BootstrapLauncher --launchTarget forgeclientuserdev --version MOD_DEV --assetIndex 5 --assetsDir C:\Users\amyho\.gradle\caches\forge_gradle\assets --gameDir . --fml.forgeVersion 47.2.20 --fml.mcVersion 1.20.1 --fml.forgeGroup net.minecraftforge --fml.mcpVersion 20230612.114412

Host: AMD Ryzen 5 5500U with Radeon Graphics         , 12 cores, 7G,  Windows 11 , 64 bit Build 22621 (10.0.22621.3085)
Time: Sun Feb 18 08:13:25 2024 Central Standard Time elapsed time: 4.602850 seconds (0d 0h 0m 4s)

---------------  T H R E A D  ---------------

Current thread (0x000002c077a604c0):  JavaThread "main" [_thread_in_native, id=1400, stack(0x000000df53300000,0x000000df53400000)]

Stack: [0x000000df53300000,0x000000df53400000],  sp=0x000000df533fbb98,  free space=1006k
Native frames: (J=compiled Java code, j=interpreted, Vv=VM code, C=native code)
C  [atio6axx.dll+0x196280]

Java frames: (J=compiled Java code, j=interpreted, Vv=VM code)
j  org.lwjgl.system.JNI.invokePPPP(IIJJJJ)J+0 org.lwjgl@3.3.1+7
j  org.lwjgl.glfw.GLFW.nglfwCreateWindow(IIJJJ)J+14 org.lwjgl.glfw@3.3.1+7
j  org.lwjgl.glfw.GLFW.glfwCreateWindow(IILjava/lang/CharSequence;JJ)J+34 org.lwjgl.glfw@3.3.1+7
j  net.minecraftforge.fml.earlydisplay.DisplayWindow.initWindow(Ljava/lang/String;)V+408 fmlearlydisplay@1.20.1-47.2.20
j  net.minecraftforge.fml.earlydisplay.DisplayWindow.start(Ljava/lang/String;Ljava/lang/String;)Ljava/lang/Runnable;+14 fmlearlydisplay@1.20.1-47.2.20
j  net.minecraftforge.fml.earlydisplay.DisplayWindow.initialize([Ljava/lang/String;)Ljava/lang/Runnable;+410 fmlearlydisplay@1.20.1-47.2.20
j  net.minecraftforge.fml.loading.ImmediateWindowHandler.load(Ljava/lang/String;[Ljava/lang/String;)V+180 fmlloader@1.20.1-47.2.20
j  net.minecraftforge.fml.loading.ModDirTransformerDiscoverer.earlyInitialization(Ljava/lang/String;[Ljava/lang/String;)V+2 fmlloader@1.20.1-47.2.20
j  cpw.mods.modlauncher.TransformationServicesHandler.lambda$discoverServices$18(Lcpw/mods/modlauncher/ArgumentHandler$DiscoveryData;Lcpw/mods/modlauncher/serviceapi/ITransformerDiscoveryService;)V+9 cpw.mods.modlauncher@10.0.9
j  cpw.mods.modlauncher.TransformationServicesHandler$$Lambda$416+0x000002c017217408.accept(Ljava/lang/Object;)V+8 cpw.mods.modlauncher@10.0.9
j  java.lang.Iterable.forEach(Ljava/util/function/Consumer;)V+30 java.base@17.0.10
j  cpw.mods.modlauncher.TransformationServicesHandler.discoverServices(Lcpw/mods/modlauncher/ArgumentHandler$DiscoveryData;)V+145 cpw.mods.modlauncher@10.0.9
j  cpw.mods.modlauncher.Launcher.run([Ljava/lang/String;)V+14 cpw.mods.modlauncher@10.0.9
j  cpw.mods.modlauncher.Launcher.main([Ljava/lang/String;)V+78 cpw.mods.modlauncher@10.0.9
j  cpw.mods.modlauncher.BootstrapLaunchConsumer.accept([Ljava/lang/String;)V+1 cpw.mods.modlauncher@10.0.9
j  cpw.mods.modlauncher.BootstrapLaunchConsumer.accept(Ljava/lang/Object;)V+5 cpw.mods.modlauncher@10.0.9
j  cpw.mods.bootstraplauncher.BootstrapLauncher.main([Ljava/lang/String;)V+515 cpw.mods.bootstraplauncher@1.1.2
v  ~StubRoutines::call_stub

siginfo: EXCEPTION_ACCESS_VIOLATION (0xc0000005), reading address 0xffffffffffffffff


Registers:
RAX=0x0000000000000000, RBX=0x00007ff98d1c5a80, RCX=0x433b72616a2e352e, RDX=0x00000000000000d0
RSP=0x000000df533fbb98, RBP=0x000000df533fbd00, RSI=0x000000df533fbc58, RDI=0x000000df533fbff0
R8 =0x00000000000001a5, R9 =0x433b72616a2e352e, R10=0x0000000000000000, R11=0x0000000000000200
R12=0x00007ff98d1c5a80, R13=0x00007ff98d1c5ad8, R14=0x00007ff98d0d4f88, R15=0x0000000000000000
RIP=0x00007ff989936280, EFLAGS=0x0000000000010206


Register to memory mapping:

RIP=0x00007ff989936280 atio6axx.dll
RAX=0x0 is NULL
RBX=0x00007ff98d1c5a80 atio6axx.dll
RCX=0x433b72616a2e352e is an unknown value
RDX=0x00000000000000d0 is an unknown value
RSP=0x000000df533fbb98 is pointing into the stack for thread: 0x000002c077a604c0
RBP=0x000000df533fbd00 is pointing into the stack for thread: 0x000002c077a604c0
RSI=0x000000df533fbc58 is pointing into the stack for thread: 0x000002c077a604c0
RDI=0x000000df533fbff0 is pointing into the stack for thread: 0x000002c077a604c0
R8 =0x00000000000001a5 is an unknown value
R9 =0x433b72616a2e352e is an unknown value
R10=0x0 is NULL
R11=0x0000000000000200 is an unknown value
R12=0x00007ff98d1c5a80 atio6axx.dll
R13=0x00007ff98d1c5ad8 atio6axx.dll
R14=0x00007ff98d0d4f88 atio6axx.dll
R15=0x0 is NULL


Top of Stack: (sp=0x000000df533fbb98)
0x000000df533fbb98:   00007ff98993659c 00007ff98d1c86f0
0x000000df533fbba8:   000002c05ce0c528 0000000000000000
0x000000df533fbbb8:   00007ff9899375ad 000000df533fbff0
0x000000df533fbbc8:   00007ff9898f1af4 00007ff98d1c5a80
0x000000df533fbbd8:   000000df533fbc58 0000652e6176616a
0x000000df533fbbe8:   000010f24eed639d 000000df533fbff0
0x000000df533fbbf8:   00007ff9898f2ab5 00007ff98d1c5a88
0x000000df533fbc08:   000000df533fbc58 000000df533fbc58
0x000000df533fbc18:   0000000000000000 0000000000000000
0x000000df533fbc28:   00007ffa0000000a 000002c05d49e6b0
0x000000df533fbc38:   000002c05d49e80c 00007ff98d1c5a88
0x000000df533fbc48:   000000df533fbff0 000000df533fbdbc
0x000000df533fbc58:   00007f006176616a 800000006176616a
0x000000df533fbc68:   00007ffa2bc39979 46676e697274535c
0x000000df533fbc78:   5c6f666e49656c69 3062343039303430
0x000000df533fbc88:   726556656c69465c 000000006e6f6973
0x000000df533fbc98:   0000000000000000 0000000000000000
0x000000df533fbca8:   0000000000000000 0000000a0000011c
0x000000df533fbcb8:   0000585d00000000 0000000000000002
0x000000df533fbcc8:   0000000000000000 0000000000000000
0x000000df533fbcd8:   0000000000000000 0000000000000000
0x000000df533fbce8:   0000000000000000 0000000000000000
0x000000df533fbcf8:   0000000000000000 0000000000000000
0x000000df533fbd08:   0000000000000000 0000000000000000
0x000000df533fbd18:   0000000000000000 0000000000000000
0x000000df533fbd28:   0000000000000000 0000000000000000
0x000000df533fbd38:   0000000000000000 0000000000000000
0x000000df533fbd48:   0000000000000000 0000000000000000
0x000000df533fbd58:   0000000000000000 0000000000000000
0x000000df533fbd68:   0000000000000000 0000000000000000
0x000000df533fbd78:   0000000000000000 72676f72505c3a43
0x000000df533fbd88:   73656c6946206d61 657370696c63455c 

Instructions: (pc=0x00007ff989936280)
0x00007ff989936180:   74 09 33 c9 ff 15 c6 72 6b 03 90 48 8b c3 48 83
0x00007ff989936190:   c4 20 5b c3 cc cc cc cc cc cc cc cc cc cc cc cc
0x00007ff9899361a0:   48 83 ec 28 48 8b 51 08 48 85 d2 74 09 33 c9 ff
0x00007ff9899361b0:   15 9b 72 6b 03 90 48 83 c4 28 c3 cc cc cc cc cc
0x00007ff9899361c0:   48 89 11 c3 cc cc cc cc cc cc cc cc cc cc cc cc
0x00007ff9899361d0:   48 8b c1 c3 cc cc cc cc cc cc cc cc cc cc cc cc
0x00007ff9899361e0:   48 3b ca 74 10 41 8b 00 39 01 74 09 48 83 c1 04
0x00007ff9899361f0:   48 3b ca 75 f3 48 8b c1 c3 cc cc cc cc cc cc cc
0x00007ff989936200:   48 8b c1 c3 cc cc cc cc cc cc cc cc cc cc cc cc
0x00007ff989936210:   48 83 39 00 0f 94 c0 c3 cc cc cc cc cc cc cc cc
0x00007ff989936220:   4c 8d 04 d5 00 00 00 00 33 d2 e9 f1 6e e0 01 cc
0x00007ff989936230:   4c 8b 41 08 48 8b 02 49 89 00 48 83 41 08 08 c3
0x00007ff989936240:   48 8b c1 c3 cc cc cc cc cc cc cc cc cc cc cc cc
0x00007ff989936250:   48 8b c1 c3 cc cc cc cc cc cc cc cc cc cc cc cc
0x00007ff989936260:   49 8b 00 48 89 02 c3 cc cc cc cc cc cc cc cc cc
0x00007ff989936270:   8b 81 48 39 00 00 c3 cc cc cc cc cc cc cc cc cc
0x00007ff989936280:   8b 81 48 39 00 00 83 c0 f0 83 f8 68 0f 87 5a 01
0x00007ff989936290:   00 00 48 8d 15 67 9d e6 ff 0f b6 84 02 10 64 19
0x00007ff9899362a0:   00 8b 8c 82 f0 63 19 00 48 03 ca ff e1 48 8b 0d
0x00007ff9899362b0:   ec 5d 83 03 83 b9 04 37 00 00 02 0f 87 2b 01 00
0x00007ff9899362c0:   00 48 8d 91 30 2b 00 00 c7 02 e1 00 00 00 e9 ce
0x00007ff9899362d0:   00 00 00 48 8b 0d c6 5d 83 03 83 b9 04 37 00 00
0x00007ff9899362e0:   02 0f 87 05 01 00 00 48 8d 91 30 2b 00 00 c7 02
0x00007ff9899362f0:   f0 00 00 00 e9 a8 00 00 00 48 8b 0d a0 5d 83 03
0x00007ff989936300:   83 b9 04 37 00 00 02 0f 87 df 00 00 00 48 8d 91
0x00007ff989936310:   30 2b 00 00 c7 02 00 04 00 00 e9 82 00 00 00 48
0x00007ff989936320:   8b 0d 7a 5d 83 03 83 b9 04 37 00 00 02 0f 87 b9
0x00007ff989936330:   00 00 00 48 8d 91 30 2b 00 00 c7 02 00 08 00 00
0x00007ff989936340:   eb 5f 48 8b 0d 57 5d 83 03 83 b9 04 37 00 00 02
0x00007ff989936350:   0f 87 96 00 00 00 48 8d 91 30 2b 00 00 c7 02 00
0x00007ff989936360:   09 00 00 eb 3c 48 8b 0d 34 5d 83 03 83 b9 04 37
0x00007ff989936370:   00 00 02 77 77 48 8d 91 30 2b 00 00 c7 02 3c 0f 


Stack slot to memory mapping:
stack at sp + 0 slots: 0x00007ff98993659c atio6axx.dll
stack at sp + 1 slots: 0x00007ff98d1c86f0 atio6axx.dll
stack at sp + 2 slots: 0x000002c05ce0c528 points into unknown readable memory: 0x00007ff98c9cd2f0 | f0 d2 9c 8c f9 7f 00 00
stack at sp + 3 slots: 0x0 is NULL
stack at sp + 4 slots: 0x00007ff9899375ad atio6axx.dll
stack at sp + 5 slots: 0x000000df533fbff0 is pointing into the stack for thread: 0x000002c077a604c0
stack at sp + 6 slots: 0x00007ff9898f1af4 atio6axx.dll
stack at sp + 7 slots: 0x00007ff98d1c5a80 atio6axx.dll


---------------  P R O C E S S  ---------------

Threads class SMR info:
_java_thread_list=0x000002c05da4f620, length=14, elements={
0x000002c077a604c0, 0x000002c0155e80a0, 0x000002c0155eab70, 0x000002c015605260,
0x000002c015606c30, 0x000002c0156075f0, 0x000002c015607fb0, 0x000002c015608d50,
0x000002c015609800, 0x000002c05b008090, 0x000002c05b0b3350, 0x000002c05b1bfad0,
0x000002c05d29ba60, 0x000002c05b89c2f0
}

Java Threads: ( => current thread )
=>0x000002c077a604c0 JavaThread "main" [_thread_in_native, id=1400, stack(0x000000df53300000,0x000000df53400000)]
  0x000002c0155e80a0 JavaThread "Reference Handler" daemon [_thread_blocked, id=5772, stack(0x000000df53a00000,0x000000df53b00000)]
  0x000002c0155eab70 JavaThread "Finalizer" daemon [_thread_blocked, id=10208, stack(0x000000df53b00000,0x000000df53c00000)]
  0x000002c015605260 JavaThread "Signal Dispatcher" daemon [_thread_blocked, id=12936, stack(0x000000df53c00000,0x000000df53d00000)]
  0x000002c015606c30 JavaThread "Attach Listener" daemon [_thread_blocked, id=16296, stack(0x000000df53d00000,0x000000df53e00000)]
  0x000002c0156075f0 JavaThread "Service Thread" daemon [_thread_blocked, id=2916, stack(0x000000df53e00000,0x000000df53f00000)]
  0x000002c015607fb0 JavaThread "Monitor Deflation Thread" daemon [_thread_blocked, id=7908, stack(0x000000df53f00000,0x000000df54000000)]
  0x000002c015608d50 JavaThread "C2 CompilerThread0" daemon [_thread_blocked, id=3776, stack(0x000000df54000000,0x000000df54100000)]
  0x000002c015609800 JavaThread "C1 CompilerThread0" daemon [_thread_blocked, id=15884, stack(0x000000df54100000,0x000000df54200000)]
  0x000002c05b008090 JavaThread "Sweeper thread" daemon [_thread_blocked, id=8328, stack(0x000000df54200000,0x000000df54300000)]
  0x000002c05b0b3350 JavaThread "Common-Cleaner" daemon [_thread_blocked, id=12292, stack(0x000000df54300000,0x000000df54400000)]
  0x000002c05b1bfad0 JavaThread "Notification Thread" daemon [_thread_blocked, id=4548, stack(0x000000df54500000,0x000000df54600000)]
  0x000002c05d29ba60 JavaThread "C2 CompilerThread1" daemon [_thread_blocked, id=6704, stack(0x000000df54400000,0x000000df54500000)]
  0x000002c05b89c2f0 JavaThread "pool-2-thread-1" daemon [_thread_blocked, id=19048, stack(0x000000df55400000,0x000000df55500000)]

Other Threads:
  0x000002c0155e1940 VMThread "VM Thread" [stack: 0x000000df53900000,0x000000df53a00000] [id=5380]
  0x000002c077a60e90 WatcherThread [stack: 0x000000df54600000,0x000000df54700000] [id=10480]
  0x000002c077ab7130 GCTaskThread "GC Thread#0" [stack: 0x000000df53400000,0x000000df53500000] [id=8440]
  0x000002c05b937bc0 GCTaskThread "GC Thread#1" [stack: 0x000000df54700000,0x000000df54800000] [id=12464]
  0x000002c05b8c8780 GCTaskThread "GC Thread#2" [stack: 0x000000df54800000,0x000000df54900000] [id=9132]
  0x000002c05b964900 GCTaskThread "GC Thread#3" [stack: 0x000000df54900000,0x000000df54a00000] [id=9012]
  0x000002c05bca6600 GCTaskThread "GC Thread#4" [stack: 0x000000df54b00000,0x000000df54c00000] [id=19244]
  0x000002c05bbc9cb0 GCTaskThread "GC Thread#5" [stack: 0x000000df54c00000,0x000000df54d00000] [id=12472]
  0x000002c05d4b9690 GCTaskThread "GC Thread#6" [stack: 0x000000df54d00000,0x000000df54e00000] [id=3604]
  0x000002c05d2e9760 GCTaskThread "GC Thread#7" [stack: 0x000000df54e00000,0x000000df54f00000] [id=18896]
  0x000002c05d2e9a20 GCTaskThread "GC Thread#8" [stack: 0x000000df54f00000,0x000000df55000000] [id=12916]
  0x000002c05d515580 GCTaskThread "GC Thread#9" [stack: 0x000000df55000000,0x000000df55100000] [id=7160]
  0x000002c077ac69a0 ConcurrentGCThread "G1 Main Marker" [stack: 0x000000df53500000,0x000000df53600000] [id=12396]
  0x000002c077ac7260 ConcurrentGCThread "G1 Conc#0" [stack: 0x000000df53600000,0x000000df53700000] [id=12940]
  0x000002c077aee640 ConcurrentGCThread "G1 Refine#0" [stack: 0x000000df53700000,0x000000df53800000] [id=13504]
  0x000002c05b964bc0 ConcurrentGCThread "G1 Refine#1" [stack: 0x000000df54a00000,0x000000df54b00000] [id=5012]
  0x000002c01549fcd0 ConcurrentGCThread "G1 Service" [stack: 0x000000df53800000,0x000000df53900000] [id=7088]

Threads with active compile tasks:

VM state: not at safepoint (normal execution)

VM Mutex/Monitor currently owned by a thread: None

Heap address: 0x000000008ac00000, size: 1876 MB, Compressed Oops mode: 32-bit

CDS archive(s) mapped at: [0x000002c016000000-0x000002c016bb0000-0x000002c016bb0000), size 12255232, SharedBaseAddress: 0x000002c016000000, ArchiveRelocationMode: 1.
Compressed class space mapped at: 0x000002c017000000-0x000002c057000000, reserved size: 1073741824
Narrow klass base: 0x000002c016000000, Narrow klass shift: 0, Narrow klass range: 0x100000000

GC Precious Log:
 CPUs: 12 total, 12 available
 Memory: 7501M
 Large Page Support: Disabled
 NUMA Support: Disabled
 Compressed Oops: Enabled (32-bit)
 Heap Region Size: 1M
 Heap Min Capacity: 8M
 Heap Initial Capacity: 118M
 Heap Max Capacity: 1876M
 Pre-touch: Disabled
 Parallel Workers: 10
 Concurrent Workers: 3
 Concurrent Refinement Workers: 10
 Periodic GC: Disabled

Heap:
 garbage-first heap   total 145408K, used 61331K [0x000000008ac00000, 0x0000000100000000)
  region size 1024K, 34 young (34816K), 9 survivors (9216K)
 Metaspace       used 16733K, committed 17088K, reserved 1114112K
  class space    used 1902K, committed 2048K, reserved 1048576K

Heap Regions: E=young(eden), S=young(survivor), O=old, HS=humongous(starts), HC=humongous(continues), CS=collection set, F=free, OA=open archive, CA=closed archive, TAMS=top-at-mark-start (previous, next)
|   0|0x000000008ac00000, 0x000000008ad00000, 0x000000008ad00000|100%|HS|  |TAMS 0x000000008ac00000, 0x000000008ac00000| Complete 
|   1|0x000000008ad00000, 0x000000008ae00000, 0x000000008ae00000|100%|HS|  |TAMS 0x000000008ad00000, 0x000000008ad00000| Complete 
|   2|0x000000008ae00000, 0x000000008af00000, 0x000000008af00000|100%|HC|  |TAMS 0x000000008ae00000, 0x000000008ae00000| Complete 
|   3|0x000000008af00000, 0x000000008b000000, 0x000000008b000000|100%| O|  |TAMS 0x000000008af00000, 0x000000008af00000| Untracked 
|   4|0x000000008b000000, 0x000000008b100000, 0x000000008b100000|100%| O|  |TAMS 0x000000008b000000, 0x000000008b000000| Untracked 
|   5|0x000000008b100000, 0x000000008b200000, 0x000000008b200000|100%| O|  |TAMS 0x000000008b100000, 0x000000008b100000| Untracked 
|   6|0x000000008b200000, 0x000000008b300000, 0x000000008b300000|100%|HS|  |TAMS 0x000000008b200000, 0x000000008b200000| Complete 
|   7|0x000000008b300000, 0x000000008b400000, 0x000000008b400000|100%|HC|  |TAMS 0x000000008b300000, 0x000000008b300000| Complete 
|   8|0x000000008b400000, 0x000000008b500000, 0x000000008b500000|100%| O|  |TAMS 0x000000008b400000, 0x000000008b400000| Untracked 
|   9|0x000000008b500000, 0x000000008b600000, 0x000000008b600000|100%| O|  |TAMS 0x000000008b500000, 0x000000008b500000| Untracked 
|  10|0x000000008b600000, 0x000000008b700000, 0x000000008b700000|100%| O|  |TAMS 0x000000008b600000, 0x000000008b600000| Untracked 
|  11|0x000000008b700000, 0x000000008b800000, 0x000000008b800000|100%| O|  |TAMS 0x000000008b700000, 0x000000008b700000| Untracked 
|  12|0x000000008b800000, 0x000000008b900000, 0x000000008b900000|100%|HS|  |TAMS 0x000000008b800000, 0x000000008b800000| Complete 
|  13|0x000000008b900000, 0x000000008ba00000, 0x000000008ba00000|100%|HC|  |TAMS 0x000000008b900000, 0x000000008b900000| Complete 
|  14|0x000000008ba00000, 0x000000008bb00000, 0x000000008bb00000|100%| O|  |TAMS 0x000000008ba00000, 0x000000008ba00000| Untracked 
|  15|0x000000008bb00000, 0x000000008bc00000, 0x000000008bc00000|100%| O|  |TAMS 0x000000008bb00000, 0x000000008bb00000| Untracked 
|  16|0x000000008bc00000, 0x000000008bd00000, 0x000000008bd00000|100%| O|  |TAMS 0x000000008bc00000, 0x000000008bc00000| Untracked 
|  17|0x000000008bd00000, 0x000000008be00000, 0x000000008be00000|100%| O|  |TAMS 0x000000008bd00000, 0x000000008bd00000| Untracked 
|  18|0x000000008be00000, 0x000000008bf00000, 0x000000008bf00000|100%| O|  |TAMS 0x000000008be00000, 0x000000008be00000| Untracked 
|  19|0x000000008bf00000, 0x000000008c000000, 0x000000008c000000|100%| O|  |TAMS 0x000000008bf00000, 0x000000008bf00000| Untracked 
|  20|0x000000008c000000, 0x000000008c100000, 0x000000008c100000|100%|HS|  |TAMS 0x000000008c000000, 0x000000008c000000| Complete 
|  21|0x000000008c100000, 0x000000008c200000, 0x000000008c200000|100%|HC|  |TAMS 0x000000008c100000, 0x000000008c100000| Complete 
|  22|0x000000008c200000, 0x000000008c300000, 0x000000008c300000|100%| O|  |TAMS 0x000000008c200000, 0x000000008c200000| Untracked 
|  23|0x000000008c300000, 0x000000008c400000, 0x000000008c400000|100%| O|  |TAMS 0x000000008c300000, 0x000000008c300000| Untracked 
|  24|0x000000008c400000, 0x000000008c500000, 0x000000008c500000|100%| O|  |TAMS 0x000000008c400000, 0x000000008c400000| Untracked 
|  25|0x000000008c500000, 0x000000008c600000, 0x000000008c600000|100%| O|  |TAMS 0x000000008c500000, 0x000000008c500000| Untracked 
|  26|0x000000008c600000, 0x000000008c700000, 0x000000008c700000|100%| O|  |TAMS 0x000000008c600000, 0x000000008c600000| Untracked 
|  27|0x000000008c700000, 0x000000008c800000, 0x000000008c800000|100%| O|  |TAMS 0x000000008c700000, 0x000000008c700000| Untracked 
|  28|0x000000008c800000, 0x000000008c82f600, 0x000000008c900000| 18%| O|  |TAMS 0x000000008c800000, 0x000000008c800000| Untracked 
|  29|0x000000008c900000, 0x000000008c900000, 0x000000008ca00000|  0%| F|  |TAMS 0x000000008c900000, 0x000000008c900000| Untracked 
|  30|0x000000008ca00000, 0x000000008ca00000, 0x000000008cb00000|  0%| F|  |TAMS 0x000000008ca00000, 0x000000008ca00000| Untracked 
|  31|0x000000008cb00000, 0x000000008cb00000, 0x000000008cc00000|  0%| F|  |TAMS 0x000000008cb00000, 0x000000008cb00000| Untracked 
|  32|0x000000008cc00000, 0x000000008cc00000, 0x000000008cd00000|  0%| F|  |TAMS 0x000000008cc00000, 0x000000008cc00000| Untracked 
|  33|0x000000008cd00000, 0x000000008cd00000, 0x000000008ce00000|  0%| F|  |TAMS 0x000000008cd00000, 0x000000008cd00000| Untracked 
|  34|0x000000008ce00000, 0x000000008ce00000, 0x000000008cf00000|  0%| F|  |TAMS 0x000000008ce00000, 0x000000008ce00000| Untracked 
|  35|0x000000008cf00000, 0x000000008cf00000, 0x000000008d000000|  0%| F|  |TAMS 0x000000008cf00000, 0x000000008cf00000| Untracked 
|  36|0x000000008d000000, 0x000000008d000000, 0x000000008d100000|  0%| F|  |TAMS 0x000000008d000000, 0x000000008d000000| Untracked 
|  37|0x000000008d100000, 0x000000008d100000, 0x000000008d200000|  0%| F|  |TAMS 0x000000008d100000, 0x000000008d100000| Untracked 
|  38|0x000000008d200000, 0x000000008d200000, 0x000000008d300000|  0%| F|  |TAMS 0x000000008d200000, 0x000000008d200000| Untracked 
|  39|0x000000008d300000, 0x000000008d300000, 0x000000008d400000|  0%| F|  |TAMS 0x000000008d300000, 0x000000008d300000| Untracked 
|  40|0x000000008d400000, 0x000000008d400000, 0x000000008d500000|  0%| F|  |TAMS 0x000000008d400000, 0x000000008d400000| Untracked 
|  41|0x000000008d500000, 0x000000008d500000, 0x000000008d600000|  0%| F|  |TAMS 0x000000008d500000, 0x000000008d500000| Untracked 
|  42|0x000000008d600000, 0x000000008d600000, 0x000000008d700000|  0%| F|  |TAMS 0x000000008d600000, 0x000000008d600000| Untracked 
|  43|0x000000008d700000, 0x000000008d700000, 0x000000008d800000|  0%| F|  |TAMS 0x000000008d700000, 0x000000008d700000| Untracked 
|  44|0x000000008d800000, 0x000000008d800000, 0x000000008d900000|  0%| F|  |TAMS 0x000000008d800000, 0x000000008d800000| Untracked 
|  45|0x000000008d900000, 0x000000008d900000, 0x000000008da00000|  0%| F|  |TAMS 0x000000008d900000, 0x000000008d900000| Untracked 
|  46|0x000000008da00000, 0x000000008da00000, 0x000000008db00000|  0%| F|  |TAMS 0x000000008da00000, 0x000000008da00000| Untracked 
|  47|0x000000008db00000, 0x000000008db00000, 0x000000008dc00000|  0%| F|  |TAMS 0x000000008db00000, 0x000000008db00000| Untracked 
|  48|0x000000008dc00000, 0x000000008dc00000, 0x000000008dd00000|  0%| F|  |TAMS 0x000000008dc00000, 0x000000008dc00000| Untracked 
|  49|0x000000008dd00000, 0x000000008dd00000, 0x000000008de00000|  0%| F|  |TAMS 0x000000008dd00000, 0x000000008dd00000| Untracked 
|  50|0x000000008de00000, 0x000000008de00000, 0x000000008df00000|  0%| F|  |TAMS 0x000000008de00000, 0x000000008de00000| Untracked 
|  51|0x000000008df00000, 0x000000008df00000, 0x000000008e000000|  0%| F|  |TAMS 0x000000008df00000, 0x000000008df00000| Untracked 
|  52|0x000000008e000000, 0x000000008e0b5720, 0x000000008e100000| 70%| S|CS|TAMS 0x000000008e000000, 0x000000008e000000| Complete 
|  53|0x000000008e100000, 0x000000008e200000, 0x000000008e200000|100%| S|CS|TAMS 0x000000008e100000, 0x000000008e100000| Complete 
|  54|0x000000008e200000, 0x000000008e300000, 0x000000008e300000|100%| S|CS|TAMS 0x000000008e200000, 0x000000008e200000| Complete 
|  55|0x000000008e300000, 0x000000008e400000, 0x000000008e400000|100%| S|CS|TAMS 0x000000008e300000, 0x000000008e300000| Complete 
|  56|0x000000008e400000, 0x000000008e500000, 0x000000008e500000|100%| S|CS|TAMS 0x000000008e400000, 0x000000008e400000| Complete 
|  57|0x000000008e500000, 0x000000008e600000, 0x000000008e600000|100%| S|CS|TAMS 0x000000008e500000, 0x000000008e500000| Complete 
|  58|0x000000008e600000, 0x000000008e700000, 0x000000008e700000|100%| S|CS|TAMS 0x000000008e600000, 0x000000008e600000| Complete 
|  59|0x000000008e700000, 0x000000008e800000, 0x000000008e800000|100%| S|CS|TAMS 0x000000008e700000, 0x000000008e700000| Complete 
|  60|0x000000008e800000, 0x000000008e900000, 0x000000008e900000|100%| S|CS|TAMS 0x000000008e800000, 0x000000008e800000| Complete 
|  61|0x000000008e900000, 0x000000008e900000, 0x000000008ea00000|  0%| F|  |TAMS 0x000000008e900000, 0x000000008e900000| Untracked 
|  62|0x000000008ea00000, 0x000000008ea00000, 0x000000008eb00000|  0%| F|  |TAMS 0x000000008ea00000, 0x000000008ea00000| Untracked 
|  63|0x000000008eb00000, 0x000000008eb00000, 0x000000008ec00000|  0%| F|  |TAMS 0x000000008eb00000, 0x000000008eb00000| Untracked 
|  64|0x000000008ec00000, 0x000000008ec00000, 0x000000008ed00000|  0%| F|  |TAMS 0x000000008ec00000, 0x000000008ec00000| Untracked 
|  65|0x000000008ed00000, 0x000000008ed00000, 0x000000008ee00000|  0%| F|  |TAMS 0x000000008ed00000, 0x000000008ed00000| Untracked 
|  66|0x000000008ee00000, 0x000000008ee00000, 0x000000008ef00000|  0%| F|  |TAMS 0x000000008ee00000, 0x000000008ee00000| Untracked 
|  67|0x000000008ef00000, 0x000000008ef00000, 0x000000008f000000|  0%| F|  |TAMS 0x000000008ef00000, 0x000000008ef00000| Untracked 
|  68|0x000000008f000000, 0x000000008f000000, 0x000000008f100000|  0%| F|  |TAMS 0x000000008f000000, 0x000000008f000000| Untracked 
|  69|0x000000008f100000, 0x000000008f100000, 0x000000008f200000|  0%| F|  |TAMS 0x000000008f100000, 0x000000008f100000| Untracked 
|  70|0x000000008f200000, 0x000000008f200000, 0x000000008f300000|  0%| F|  |TAMS 0x000000008f200000, 0x000000008f200000| Untracked 
|  71|0x000000008f300000, 0x000000008f300000, 0x000000008f400000|  0%| F|  |TAMS 0x000000008f300000, 0x000000008f300000| Untracked 
|  72|0x000000008f400000, 0x000000008f400000, 0x000000008f500000|  0%| F|  |TAMS 0x000000008f400000, 0x000000008f400000| Untracked 
|  73|0x000000008f500000, 0x000000008f500000, 0x000000008f600000|  0%| F|  |TAMS 0x000000008f500000, 0x000000008f500000| Untracked 
|  74|0x000000008f600000, 0x000000008f600000, 0x000000008f700000|  0%| F|  |TAMS 0x000000008f600000, 0x000000008f600000| Untracked 
|  75|0x000000008f700000, 0x000000008f700000, 0x000000008f800000|  0%| F|  |TAMS 0x000000008f700000, 0x000000008f700000| Untracked 
|  76|0x000000008f800000, 0x000000008f800000, 0x000000008f900000|  0%| F|  |TAMS 0x000000008f800000, 0x000000008f800000| Untracked 
|  77|0x000000008f900000, 0x000000008f900000, 0x000000008fa00000|  0%| F|  |TAMS 0x000000008f900000, 0x000000008f900000| Untracked 
|  78|0x000000008fa00000, 0x000000008fa00000, 0x000000008fb00000|  0%| F|  |TAMS 0x000000008fa00000, 0x000000008fa00000| Untracked 
|  79|0x000000008fb00000, 0x000000008fb00000, 0x000000008fc00000|  0%| F|  |TAMS 0x000000008fb00000, 0x000000008fb00000| Untracked 
|  80|0x000000008fc00000, 0x000000008fc00000, 0x000000008fd00000|  0%| F|  |TAMS 0x000000008fc00000, 0x000000008fc00000| Untracked 
|  81|0x000000008fd00000, 0x000000008fd00000, 0x000000008fe00000|  0%| F|  |TAMS 0x000000008fd00000, 0x000000008fd00000| Untracked 
|  82|0x000000008fe00000, 0x000000008fe00000, 0x000000008ff00000|  0%| F|  |TAMS 0x000000008fe00000, 0x000000008fe00000| Untracked 
|  83|0x000000008ff00000, 0x000000008ff00000, 0x0000000090000000|  0%| F|  |TAMS 0x000000008ff00000, 0x000000008ff00000| Untracked 
|  84|0x0000000090000000, 0x0000000090000000, 0x0000000090100000|  0%| F|  |TAMS 0x0000000090000000, 0x0000000090000000| Untracked 
|  85|0x0000000090100000, 0x0000000090100000, 0x0000000090200000|  0%| F|  |TAMS 0x0000000090100000, 0x0000000090100000| Untracked 
|  86|0x0000000090200000, 0x0000000090200000, 0x0000000090300000|  0%| F|  |TAMS 0x0000000090200000, 0x0000000090200000| Untracked 
|  87|0x0000000090300000, 0x0000000090300000, 0x0000000090400000|  0%| F|  |TAMS 0x0000000090300000, 0x0000000090300000| Untracked 
|  88|0x0000000090400000, 0x0000000090400000, 0x0000000090500000|  0%| F|  |TAMS 0x0000000090400000, 0x0000000090400000| Untracked 
|  89|0x0000000090500000, 0x0000000090500000, 0x0000000090600000|  0%| F|  |TAMS 0x0000000090500000, 0x0000000090500000| Untracked 
|  90|0x0000000090600000, 0x0000000090600000, 0x0000000090700000|  0%| F|  |TAMS 0x0000000090600000, 0x0000000090600000| Untracked 
|  91|0x0000000090700000, 0x0000000090700000, 0x0000000090800000|  0%| F|  |TAMS 0x0000000090700000, 0x0000000090700000| Untracked 
|  92|0x0000000090800000, 0x0000000090800000, 0x0000000090900000|  0%| F|  |TAMS 0x0000000090800000, 0x0000000090800000| Untracked 
|  93|0x0000000090900000, 0x0000000090900000, 0x0000000090a00000|  0%| F|  |TAMS 0x0000000090900000, 0x0000000090900000| Untracked 
|  94|0x0000000090a00000, 0x0000000090a00000, 0x0000000090b00000|  0%| F|  |TAMS 0x0000000090a00000, 0x0000000090a00000| Untracked 
|  95|0x0000000090b00000, 0x0000000090b00000, 0x0000000090c00000|  0%| F|  |TAMS 0x0000000090b00000, 0x0000000090b00000| Untracked 
|  96|0x0000000090c00000, 0x0000000090c00000, 0x0000000090d00000|  0%| F|  |TAMS 0x0000000090c00000, 0x0000000090c00000| Untracked 
|  97|0x0000000090d00000, 0x0000000090d00000, 0x0000000090e00000|  0%| F|  |TAMS 0x0000000090d00000, 0x0000000090d00000| Untracked 
|  98|0x0000000090e00000, 0x0000000090e00000, 0x0000000090f00000|  0%| F|  |TAMS 0x0000000090e00000, 0x0000000090e00000| Untracked 
|  99|0x0000000090f00000, 0x0000000090f00000, 0x0000000091000000|  0%| F|  |TAMS 0x0000000090f00000, 0x0000000090f00000| Untracked 
| 100|0x0000000091000000, 0x0000000091000000, 0x0000000091100000|  0%| F|  |TAMS 0x0000000091000000, 0x0000000091000000| Untracked 
| 101|0x0000000091100000, 0x0000000091100000, 0x0000000091200000|  0%| F|  |TAMS 0x0000000091100000, 0x0000000091100000| Untracked 
| 102|0x0000000091200000, 0x0000000091200000, 0x0000000091300000|  0%| F|  |TAMS 0x0000000091200000, 0x0000000091200000| Untracked 
| 103|0x0000000091300000, 0x0000000091300000, 0x0000000091400000|  0%| F|  |TAMS 0x0000000091300000, 0x0000000091300000| Untracked 
| 104|0x0000000091400000, 0x0000000091400000, 0x0000000091500000|  0%| F|  |TAMS 0x0000000091400000, 0x0000000091400000| Untracked 
| 105|0x0000000091500000, 0x0000000091500000, 0x0000000091600000|  0%| F|  |TAMS 0x0000000091500000, 0x0000000091500000| Untracked 
| 106|0x0000000091600000, 0x0000000091600000, 0x0000000091700000|  0%| F|  |TAMS 0x0000000091600000, 0x0000000091600000| Untracked 
| 107|0x0000000091700000, 0x0000000091700000, 0x0000000091800000|  0%| F|  |TAMS 0x0000000091700000, 0x0000000091700000| Untracked 
| 108|0x0000000091800000, 0x0000000091800000, 0x0000000091900000|  0%| F|  |TAMS 0x0000000091800000, 0x0000000091800000| Untracked 
| 109|0x0000000091900000, 0x0000000091900000, 0x0000000091a00000|  0%| F|  |TAMS 0x0000000091900000, 0x0000000091900000| Untracked 
| 110|0x0000000091a00000, 0x0000000091a00000, 0x0000000091b00000|  0%| F|  |TAMS 0x0000000091a00000, 0x0000000091a00000| Untracked 
| 111|0x0000000091b00000, 0x0000000091b00000, 0x0000000091c00000|  0%| F|  |TAMS 0x0000000091b00000, 0x0000000091b00000| Untracked 
| 112|0x0000000091c00000, 0x0000000091c00000, 0x0000000091d00000|  0%| F|  |TAMS 0x0000000091c00000, 0x0000000091c00000| Untracked 
| 113|0x0000000091d00000, 0x0000000091d00000, 0x0000000091e00000|  0%| F|  |TAMS 0x0000000091d00000, 0x0000000091d00000| Untracked 
| 114|0x0000000091e00000, 0x0000000091e00000, 0x0000000091f00000|  0%| F|  |TAMS 0x0000000091e00000, 0x0000000091e00000| Untracked 
| 115|0x0000000091f00000, 0x0000000091f00000, 0x0000000092000000|  0%| F|  |TAMS 0x0000000091f00000, 0x0000000091f00000| Untracked 
| 116|0x0000000092000000, 0x0000000092000000, 0x0000000092100000|  0%| F|  |TAMS 0x0000000092000000, 0x0000000092000000| Untracked 
| 117|0x0000000092100000, 0x0000000092100800, 0x0000000092200000|  0%| E|  |TAMS 0x0000000092100000, 0x0000000092100000| Complete 
| 118|0x0000000092200000, 0x0000000092300000, 0x0000000092300000|100%| E|CS|TAMS 0x0000000092200000, 0x0000000092200000| Complete 
| 119|0x0000000092300000, 0x0000000092400000, 0x0000000092400000|100%| E|CS|TAMS 0x0000000092300000, 0x0000000092300000| Complete 
| 120|0x0000000092400000, 0x0000000092500000, 0x0000000092500000|100%| E|CS|TAMS 0x0000000092400000, 0x0000000092400000| Complete 
| 121|0x0000000092500000, 0x0000000092600000, 0x0000000092600000|100%| E|CS|TAMS 0x0000000092500000, 0x0000000092500000| Complete 
| 122|0x0000000092600000, 0x0000000092700000, 0x0000000092700000|100%| E|  |TAMS 0x0000000092600000, 0x0000000092600000| Complete 
| 123|0x0000000092700000, 0x0000000092800000, 0x0000000092800000|100%| E|CS|TAMS 0x0000000092700000, 0x0000000092700000| Complete 
| 124|0x0000000092800000, 0x0000000092900000, 0x0000000092900000|100%| E|CS|TAMS 0x0000000092800000, 0x0000000092800000| Complete 
| 125|0x0000000092900000, 0x0000000092a00000, 0x0000000092a00000|100%| E|CS|TAMS 0x0000000092900000, 0x0000000092900000| Complete 
| 126|0x0000000092a00000, 0x0000000092b00000, 0x0000000092b00000|100%| E|CS|TAMS 0x0000000092a00000, 0x0000000092a00000| Complete 
| 127|0x0000000092b00000, 0x0000000092c00000, 0x0000000092c00000|100%| E|CS|TAMS 0x0000000092b00000, 0x0000000092b00000| Complete 
| 128|0x0000000092c00000, 0x0000000092d00000, 0x0000000092d00000|100%| E|CS|TAMS 0x0000000092c00000, 0x0000000092c00000| Complete 
| 129|0x0000000092d00000, 0x0000000092e00000, 0x0000000092e00000|100%| E|CS|TAMS 0x0000000092d00000, 0x0000000092d00000| Complete 
| 130|0x0000000092e00000, 0x0000000092f00000, 0x0000000092f00000|100%| E|CS|TAMS 0x0000000092e00000, 0x0000000092e00000| Complete 
| 131|0x0000000092f00000, 0x0000000093000000, 0x0000000093000000|100%| E|CS|TAMS 0x0000000092f00000, 0x0000000092f00000| Complete 
| 132|0x0000000093000000, 0x0000000093100000, 0x0000000093100000|100%| E|CS|TAMS 0x0000000093000000, 0x0000000093000000| Complete 
| 133|0x0000000093100000, 0x0000000093200000, 0x0000000093200000|100%| E|CS|TAMS 0x0000000093100000, 0x0000000093100000| Complete 
| 134|0x0000000093200000, 0x0000000093300000, 0x0000000093300000|100%| E|CS|TAMS 0x0000000093200000, 0x0000000093200000| Complete 
| 135|0x0000000093300000, 0x0000000093400000, 0x0000000093400000|100%| E|CS|TAMS 0x0000000093300000, 0x0000000093300000| Complete 
| 136|0x0000000093400000, 0x0000000093500000, 0x0000000093500000|100%| E|CS|TAMS 0x0000000093400000, 0x0000000093400000| Complete 
| 137|0x0000000093500000, 0x0000000093600000, 0x0000000093600000|100%| E|CS|TAMS 0x0000000093500000, 0x0000000093500000| Complete 
| 138|0x0000000093600000, 0x0000000093700000, 0x0000000093700000|100%| E|CS|TAMS 0x0000000093600000, 0x0000000093600000| Complete 
| 139|0x0000000093700000, 0x0000000093800000, 0x0000000093800000|100%| E|CS|TAMS 0x0000000093700000, 0x0000000093700000| Complete 
| 140|0x0000000093800000, 0x0000000093900000, 0x0000000093900000|100%| E|CS|TAMS 0x0000000093800000, 0x0000000093800000| Complete 
| 141|0x0000000093900000, 0x0000000093a00000, 0x0000000093a00000|100%| E|CS|TAMS 0x0000000093900000, 0x0000000093900000| Complete 

Card table byte_map: [0x000002c00f000000,0x000002c00f3b0000] _byte_map_base: 0x000002c00ebaa000

Marking Bits (Prev, Next): (CMBitMap*) 0x000002c077ab75f0, (CMBitMap*) 0x000002c077ab7630
 Prev Bits: [0x000002c00f760000, 0x000002c0114b0000)
 Next Bits: [0x000002c0114b0000, 0x000002c013200000)

Polling page: 0x000002c075950000

Metaspace:

Usage:
  Non-class:     14.48 MB used.
      Class:      1.86 MB used.
       Both:     16.34 MB used.

Virtual space:
  Non-class space:       64.00 MB reserved,      14.69 MB ( 23%) committed,  1 nodes.
      Class space:        1.00 GB reserved,       2.00 MB ( <1%) committed,  1 nodes.
             Both:        1.06 GB reserved,      16.69 MB (  2%) committed. 

Chunk freelists:
   Non-Class:  820.00 KB
       Class:  13.84 MB
        Both:  14.64 MB

MaxMetaspaceSize: unlimited
CompressedClassSpaceSize: 1.00 GB
Initial GC threshold: 21.00 MB
Current GC threshold: 21.00 MB
CDS: on
MetaspaceReclaimPolicy: balanced
 - commit_granule_bytes: 65536.
 - commit_granule_words: 8192.
 - virtual_space_node_default_size: 8388608.
 - enlarge_chunks_in_place: 1.
 - new_chunks_are_fully_committed: 0.
 - uncommit_free_chunks: 1.
 - use_allocation_guard: 0.
 - handle_deallocations: 1.


Internal statistics:

num_allocs_failed_limit: 0.
num_arena_births: 298.
num_arena_deaths: 0.
num_vsnodes_births: 2.
num_vsnodes_deaths: 0.
num_space_committed: 267.
num_space_uncommitted: 0.
num_chunks_returned_to_freelist: 0.
num_chunks_taken_from_freelist: 718.
num_chunk_merges: 0.
num_chunk_splits: 443.
num_chunks_enlarged: 284.
num_inconsistent_stats: 0.

CodeHeap 'non-profiled nmethods': size=120000Kb used=2253Kb max_used=2253Kb free=117746Kb
 bounds [0x000002c007ad0000, 0x000002c007d40000, 0x000002c00f000000]
CodeHeap 'profiled nmethods': size=120000Kb used=6905Kb max_used=6905Kb free=113094Kb
 bounds [0x000002c000000000, 0x000002c0006c0000, 0x000002c007530000]
CodeHeap 'non-nmethods': size=5760Kb used=1621Kb max_used=1662Kb free=4138Kb
 bounds [0x000002c007530000, 0x000002c0077a0000, 0x000002c007ad0000]
 total_blobs=4708 nmethods=3658 adapters=962
 compilation: enabled
              stopped_count=0, restarted_count=0
 full_count=0

Compilation events (20 events):
Event: 4.447 Thread 0x000002c015609800 3659       3       jdk.internal.org.objectweb.asm.AnnotationVisitor::<init> (88 bytes)
Event: 4.448 Thread 0x000002c015609800 nmethod 3659 0x000002c0006bd710 code [0x000002c0006bd960, 0x000002c0006be248]
Event: 4.448 Thread 0x000002c015609800 3656       1       java.lang.invoke.InvokerBytecodeGenerator::setClassWriter (6 bytes)
Event: 4.448 Thread 0x000002c015609800 nmethod 3656 0x000002c007cee410 code [0x000002c007cee5a0, 0x000002c007cee6b8]
Event: 4.448 Thread 0x000002c015609800 3661       1       java.lang.Class::getClassData (5 bytes)
Event: 4.448 Thread 0x000002c015609800 nmethod 3661 0x000002c007cee710 code [0x000002c007cee8a0, 0x000002c007cee978]
Event: 4.557 Thread 0x000002c015608d50 nmethod 3618 0x000002c007ceea10 code [0x000002c007ceeea0, 0x000002c007cf46e8]
Event: 4.557 Thread 0x000002c015608d50 3622  s    4       java.lang.Throwable::fillInStackTrace (29 bytes)
Event: 4.559 Thread 0x000002c015608d50 nmethod 3622 0x000002c007cf7d10 code [0x000002c007cf7ea0, 0x000002c007cf8228]
Event: 4.559 Thread 0x000002c015608d50 3621       4       java.util.regex.Pattern$$Lambda$18/0x800000028::is (9 bytes)
Event: 4.559 Thread 0x000002c015608d50 nmethod 3621 0x000002c007cf8310 code [0x000002c007cf8480, 0x000002c007cf8518]
Event: 4.559 Thread 0x000002c015608d50 3623       4       cpw.mods.niofs.union.UnionFileSystem$NoSuchFileException::<init> (6 bytes)
Event: 4.562 Thread 0x000002c015608d50 nmethod 3623 0x000002c007cf8610 code [0x000002c007cf87a0, 0x000002c007cf8cd8]
Event: 4.562 Thread 0x000002c015608d50 3639       4       java.lang.Integer::toUnsignedLong (7 bytes)
Event: 4.562 Thread 0x000002c015608d50 nmethod 3639 0x000002c007cf8e10 code [0x000002c007cf8f80, 0x000002c007cf8fd8]
Event: 4.562 Thread 0x000002c015608d50 3640       4       sun.misc.Unsafe::putByte (11 bytes)
Event: 4.562 Thread 0x000002c015608d50 nmethod 3640 0x000002c007cf9110 code [0x000002c007cf9280, 0x000002c007cf9318]
Event: 4.562 Thread 0x000002c015608d50 3619       4       java.io.UncheckedIOException::getCause (8 bytes)
Event: 4.563 Thread 0x000002c015608d50 nmethod 3619 0x000002c007cf9410 code [0x000002c007cf95a0, 0x000002c007cf9798]
Event: 4.591 Thread 0x000002c05d29ba60 nmethod 3617 0x000002c007cf9890 code [0x000002c007cf9f20, 0x000002c007d00ba8]

GC Heap History (16 events):
Event: 1.042 GC heap before
{Heap before GC invocations=0 (full 0):
 garbage-first heap   total 120832K, used 30720K [0x000000008ac00000, 0x0000000100000000)
  region size 1024K, 23 young (23552K), 0 survivors (0K)
 Metaspace       used 2634K, committed 2880K, reserved 1114112K
  class space    used 253K, committed 384K, reserved 1048576K
}
Event: 1.051 GC heap after
{Heap after GC invocations=1 (full 0):
 garbage-first heap   total 120832K, used 11384K [0x000000008ac00000, 0x0000000100000000)
  region size 1024K, 3 young (3072K), 3 survivors (3072K)
 Metaspace       used 2634K, committed 2880K, reserved 1114112K
  class space    used 253K, committed 384K, reserved 1048576K
}
Event: 1.475 GC heap before
{Heap before GC invocations=1 (full 0):
 garbage-first heap   total 120832K, used 35960K [0x000000008ac00000, 0x0000000100000000)
  region size 1024K, 27 young (27648K), 3 survivors (3072K)
 Metaspace       used 4860K, committed 5056K, reserved 1114112K
  class space    used 474K, committed 576K, reserved 1048576K
}
Event: 1.481 GC heap after
{Heap after GC invocations=2 (full 0):
 garbage-first heap   total 120832K, used 13842K [0x000000008ac00000, 0x0000000100000000)
  region size 1024K, 3 young (3072K), 3 survivors (3072K)
 Metaspace       used 4860K, committed 5056K, reserved 1114112K
  class space    used 474K, committed 576K, reserved 1048576K
}
Event: 1.720 GC heap before
{Heap before GC invocations=2 (full 0):
 garbage-first heap   total 120832K, used 84498K [0x000000008ac00000, 0x0000000100000000)
  region size 1024K, 70 young (71680K), 3 survivors (3072K)
 Metaspace       used 4910K, committed 5120K, reserved 1114112K
  class space    used 474K, committed 576K, reserved 1048576K
}
Event: 1.728 GC heap after
{Heap after GC invocations=3 (full 0):
 garbage-first heap   total 120832K, used 20331K [0x000000008ac00000, 0x0000000100000000)
  region size 1024K, 7 young (7168K), 7 survivors (7168K)
 Metaspace       used 4910K, committed 5120K, reserved 1114112K
  class space    used 474K, committed 576K, reserved 1048576K
}
Event: 2.147 GC heap before
{Heap before GC invocations=3 (full 0):
 garbage-first heap   total 120832K, used 84843K [0x000000008ac00000, 0x0000000100000000)
  region size 1024K, 70 young (71680K), 7 survivors (7168K)
 Metaspace       used 5056K, committed 5312K, reserved 1114112K
  class space    used 483K, committed 640K, reserved 1048576K
}
Event: 2.154 GC heap after
{Heap after GC invocations=4 (full 0):
 garbage-first heap   total 120832K, used 23730K [0x000000008ac00000, 0x0000000100000000)
  region size 1024K, 8 young (8192K), 8 survivors (8192K)
 Metaspace       used 5056K, committed 5312K, reserved 1114112K
  class space    used 483K, committed 640K, reserved 1048576K
}
Event: 2.395 GC heap before
{Heap before GC invocations=4 (full 0):
 garbage-first heap   total 120832K, used 86194K [0x000000008ac00000, 0x0000000100000000)
  region size 1024K, 69 young (70656K), 8 survivors (8192K)
 Metaspace       used 5093K, committed 5312K, reserved 1114112K
  class space    used 484K, committed 640K, reserved 1048576K
}
Event: 2.402 GC heap after
{Heap after GC invocations=5 (full 0):
 garbage-first heap   total 120832K, used 27177K [0x000000008ac00000, 0x0000000100000000)
  region size 1024K, 7 young (7168K), 7 survivors (7168K)
 Metaspace       used 5093K, committed 5312K, reserved 1114112K
  class space    used 484K, committed 640K, reserved 1048576K
}
Event: 2.491 GC heap before
{Heap before GC invocations=5 (full 0):
 garbage-first heap   total 120832K, used 91689K [0x000000008ac00000, 0x0000000100000000)
  region size 1024K, 68 young (69632K), 7 survivors (7168K)
 Metaspace       used 5099K, committed 5312K, reserved 1114112K
  class space    used 484K, committed 640K, reserved 1048576K
}
Event: 2.498 GC heap after
{Heap after GC invocations=6 (full 0):
 garbage-first heap   total 145408K, used 31935K [0x000000008ac00000, 0x0000000100000000)
  region size 1024K, 7 young (7168K), 7 survivors (7168K)
 Metaspace       used 5099K, committed 5312K, reserved 1114112K
  class space    used 484K, committed 640K, reserved 1048576K
}
Event: 2.800 GC heap before
{Heap before GC invocations=6 (full 0):
 garbage-first heap   total 145408K, used 104639K [0x000000008ac00000, 0x0000000100000000)
  region size 1024K, 78 young (79872K), 7 survivors (7168K)
 Metaspace       used 5270K, committed 5504K, reserved 1114112K
  class space    used 502K, committed 640K, reserved 1048576K
}
Event: 2.806 GC heap after
{Heap after GC invocations=7 (full 0):
 garbage-first heap   total 145408K, used 35005K [0x000000008ac00000, 0x0000000100000000)
  region size 1024K, 6 young (6144K), 6 survivors (6144K)
 Metaspace       used 5270K, committed 5504K, reserved 1114112K
  class space    used 502K, committed 640K, reserved 1048576K
}
Event: 3.918 GC heap before
{Heap before GC invocations=7 (full 0):
 garbage-first heap   total 145408K, used 111805K [0x000000008ac00000, 0x0000000100000000)
  region size 1024K, 81 young (82944K), 6 survivors (6144K)
 Metaspace       used 12507K, committed 12864K, reserved 1114112K
  class space    used 1407K, committed 1600K, reserved 1048576K
}
Event: 3.925 GC heap after
{Heap after GC invocations=8 (full 0):
 garbage-first heap   total 145408K, used 37779K [0x000000008ac00000, 0x0000000100000000)
  region size 1024K, 9 young (9216K), 9 survivors (9216K)
 Metaspace       used 12507K, committed 12864K, reserved 1114112K
  class space    used 1407K, committed 1600K, reserved 1048576K
}

Dll operation events (10 events):
Event: 0.010 Loaded shared library C:\Program Files\Eclipse Adoptium\jdk-17.0.10.7-hotspot\bin\java.dll
Event: 0.038 Loaded shared library C:\Program Files\Eclipse Adoptium\jdk-17.0.10.7-hotspot\bin\jsvml.dll
Event: 0.245 Loaded shared library C:\Program Files\Eclipse Adoptium\jdk-17.0.10.7-hotspot\bin\net.dll
Event: 0.253 Loaded shared library C:\Program Files\Eclipse Adoptium\jdk-17.0.10.7-hotspot\bin\nio.dll
Event: 0.259 Loaded shared library C:\Program Files\Eclipse Adoptium\jdk-17.0.10.7-hotspot\bin\zip.dll
Event: 0.399 Loaded shared library C:\Program Files\Eclipse Adoptium\jdk-17.0.10.7-hotspot\bin\jimage.dll
Event: 1.125 Loaded shared library C:\Program Files\Eclipse Adoptium\jdk-17.0.10.7-hotspot\bin\verify.dll
Event: 3.357 Loaded shared library C:\Program Files\Eclipse Adoptium\jdk-17.0.10.7-hotspot\bin\management.dll
Event: 3.362 Loaded shared library C:\Program Files\Eclipse Adoptium\jdk-17.0.10.7-hotspot\bin\management_ext.dll
Event: 4.369 Loaded shared library C:\Users\amyho\AppData\Local\Temp\lwjglamyho\3.3.1-build-7\lwjgl.dll

Deoptimization events (20 events):
Event: 4.203 Thread 0x000002c077a604c0 Uncommon trap: trap_request=0xffffffc6 fr.pc=0x000002c007bc1c28 relative=0x0000000000000888
Event: 4.203 Thread 0x000002c077a604c0 Uncommon trap: reason=bimorphic_or_optimized_type_check action=maybe_recompile pc=0x000002c007bc1c28 method=java.util.stream.AbstractPipeline.evaluate(Ljava/util/Spliterator;ZLjava/util/function/IntFunction;)Ljava/util/stream/Node; @ 23 c2
Event: 4.203 Thread 0x000002c077a604c0 DEOPT PACKING pc=0x000002c007bc1c28 sp=0x000000df533ff300
Event: 4.203 Thread 0x000002c077a604c0 DEOPT UNPACKING pc=0x000002c0075869a3 sp=0x000000df533ff2d0 mode 2
Event: 4.290 Thread 0x000002c077a604c0 Uncommon trap: trap_request=0xffffffde fr.pc=0x000002c007bf7abc relative=0x000000000000047c
Event: 4.290 Thread 0x000002c077a604c0 Uncommon trap: reason=class_check action=maybe_recompile pc=0x000002c007bf7abc method=java.nio.file.FileTreeWalker.visit(Ljava/nio/file/Path;ZZ)Ljava/nio/file/FileTreeWalker$Event; @ 58 c2
Event: 4.290 Thread 0x000002c077a604c0 DEOPT PACKING pc=0x000002c007bf7abc sp=0x000000df533fec80
Event: 4.290 Thread 0x000002c077a604c0 DEOPT UNPACKING pc=0x000002c0075869a3 sp=0x000000df533fec40 mode 2
Event: 4.291 Thread 0x000002c077a604c0 Uncommon trap: trap_request=0xffffffde fr.pc=0x000002c007b8c5a0 relative=0x0000000000000e80
Event: 4.291 Thread 0x000002c077a604c0 Uncommon trap: reason=class_check action=maybe_recompile pc=0x000002c007b8c5a0 method=java.nio.file.FileTreeWalker.next()Ljava/nio/file/FileTreeWalker$Event; @ 37 c2
Event: 4.291 Thread 0x000002c077a604c0 DEOPT PACKING pc=0x000002c007b8c5a0 sp=0x000000df533feb70
Event: 4.291 Thread 0x000002c077a604c0 DEOPT UNPACKING pc=0x000002c0075869a3 sp=0x000000df533fead8 mode 2
Event: 4.298 Thread 0x000002c077a604c0 Uncommon trap: trap_request=0xffffffde fr.pc=0x000002c007bc266c relative=0x00000000000000cc
Event: 4.298 Thread 0x000002c077a604c0 Uncommon trap: reason=class_check action=maybe_recompile pc=0x000002c007bc266c method=java.util.stream.AbstractPipeline.exactOutputSizeIfKnown(Ljava/util/Spliterator;)J @ 16 c2
Event: 4.298 Thread 0x000002c077a604c0 DEOPT PACKING pc=0x000002c007bc266c sp=0x000000df533ff200
Event: 4.298 Thread 0x000002c077a604c0 DEOPT UNPACKING pc=0x000002c0075869a3 sp=0x000000df533ff180 mode 2
Event: 4.443 Thread 0x000002c05b89c2f0 Uncommon trap: trap_request=0xffffff45 fr.pc=0x000002c007ba4424 relative=0x0000000000000104
Event: 4.443 Thread 0x000002c05b89c2f0 Uncommon trap: reason=unstable_if action=reinterpret pc=0x000002c007ba4424 method=java.util.concurrent.TimeUnit.convert(JLjava/util/concurrent/TimeUnit;)J @ 8 c2
Event: 4.443 Thread 0x000002c05b89c2f0 DEOPT PACKING pc=0x000002c007ba4424 sp=0x000000df554fef90
Event: 4.443 Thread 0x000002c05b89c2f0 DEOPT UNPACKING pc=0x000002c0075869a3 sp=0x000000df554fef40 mode 2

Classes unloaded (0 events):
No events

Classes redefined (0 events):
No events

Internal exceptions (20 events):
Event: 4.249 Thread 0x000002c077a604c0 Exception <a 'java/lang/NoSuchMethodError'{0x0000000092c52168}: 'void java.lang.invoke.DirectMethodHandle$Holder.invokeStaticInit(java.lang.Object, java.lang.Object)'> (0x0000000092c52168) 
thrown [s\src\hotspot\share\interpreter\linkResolver.cpp, line 759]
Event: 4.250 Thread 0x000002c077a604c0 Exception <a 'java/lang/NoSuchMethodError'{0x0000000092c5e9e0}: 'java.lang.Object java.lang.invoke.DirectMethodHandle$Holder.invokeStaticInit(java.lang.Object, java.lang.Object, java.lang.Object, java.lang.Object)'> (0x0000000092c5e9e0) 
thrown [s\src\hotspot\share\interpreter\linkResolver.cpp, line 759]
Event: 4.251 Thread 0x000002c077a604c0 Exception <a 'java/lang/IncompatibleClassChangeError'{0x0000000092c64288}: Found class java.lang.Object, but interface was expected> (0x0000000092c64288) 
thrown [s\src\hotspot\share\interpreter\linkResolver.cpp, line 826]
Event: 4.255 Thread 0x000002c077a604c0 Exception <a 'java/lang/IncompatibleClassChangeError'{0x0000000092c9aed8}: Found class java.lang.Object, but interface was expected> (0x0000000092c9aed8) 
thrown [s\src\hotspot\share\interpreter\linkResolver.cpp, line 826]
Event: 4.290 Thread 0x000002c077a604c0 Exception <a 'sun/nio/fs/WindowsException'{0x0000000092a30ed8}> (0x0000000092a30ed8) 
thrown [s\src\hotspot\share\prims\jni.cpp, line 516]
Event: 4.299 Thread 0x000002c077a604c0 Exception <a 'java/lang/NoSuchMethodError'{0x0000000092a72a38}: 'java.lang.Object java.lang.invoke.DirectMethodHandle$Holder.invokeVirtual(java.lang.Object, java.lang.Object, java.lang.Object)'> (0x0000000092a72a38) 
thrown [s\src\hotspot\share\interpreter\linkResolver.cpp, line 759]
Event: 4.324 Thread 0x000002c077a604c0 Exception <a 'sun/nio/fs/WindowsException'{0x0000000092979560}> (0x0000000092979560) 
thrown [s\src\hotspot\share\prims\jni.cpp, line 516]
Event: 4.328 Thread 0x000002c077a604c0 Exception <a 'java/lang/NoSuchMethodError'{0x00000000929a8240}: 'java.lang.Object java.lang.invoke.DirectMethodHandle$Holder.invokeStatic(java.lang.Object, int, java.lang.Object, java.lang.Object, java.lang.Object, java.lang.Object)'> (0x00000000929a8240) 
thrown [s\src\hotspot\share\interpreter\linkResolver.cpp, line 759]
Event: 4.329 Thread 0x000002c077a604c0 Exception <a 'java/lang/NoSuchMethodError'{0x00000000929b0a68}: 'java.lang.Object java.lang.invoke.DirectMethodHandle$Holder.newInvokeSpecial(java.lang.Object, int, java.lang.Object, java.lang.Object)'> (0x00000000929b0a68) 
thrown [s\src\hotspot\share\interpreter\linkResolver.cpp, line 759]
Event: 4.330 Thread 0x000002c077a604c0 Exception <a 'java/lang/NoSuchMethodError'{0x00000000929b4b70}: 'java.lang.Object java.lang.invoke.DirectMethodHandle$Holder.invokeSpecial(java.lang.Object, java.lang.Object, int, java.lang.Object, java.lang.Object)'> (0x00000000929b4b70) 
thrown [s\src\hotspot\share\interpreter\linkResolver.cpp, line 759]
Event: 4.367 Thread 0x000002c077a604c0 Exception <a 'sun/nio/fs/WindowsException'{0x0000000092627ab0}> (0x0000000092627ab0) 
thrown [s\src\hotspot\share\prims\jni.cpp, line 516]
Event: 4.367 Thread 0x000002c077a604c0 Exception <a 'sun/nio/fs/WindowsException'{0x0000000092627e00}> (0x0000000092627e00) 
thrown [s\src\hotspot\share\prims\jni.cpp, line 516]
Event: 4.381 Thread 0x000002c077a604c0 Exception <a 'sun/nio/fs/WindowsException'{0x0000000092467678}> (0x0000000092467678) 
thrown [s\src\hotspot\share\prims\jni.cpp, line 516]
Event: 4.382 Thread 0x000002c077a604c0 Exception <a 'sun/nio/fs/WindowsException'{0x00000000924679d8}> (0x00000000924679d8) 
thrown [s\src\hotspot\share\prims\jni.cpp, line 516]
Event: 4.395 Thread 0x000002c077a604c0 Exception <a 'java/lang/NoSuchMethodError'{0x0000000092349030}: 'int java.lang.invoke.DirectMethodHandle$Holder.invokeStaticInit(java.lang.Object, java.lang.Object, int, long)'> (0x0000000092349030) 
thrown [s\src\hotspot\share\interpreter\linkResolver.cpp, line 759]
Event: 4.396 Thread 0x000002c077a604c0 Exception <a 'java/lang/NoSuchMethodError'{0x000000009234ebc0}: 'java.lang.Object java.lang.invoke.DirectMethodHandle$Holder.newInvokeSpecial(java.lang.Object, java.lang.Object, int)'> (0x000000009234ebc0) 
thrown [s\src\hotspot\share\interpreter\linkResolver.cpp, line 759]
Event: 4.399 Thread 0x000002c077a604c0 Exception <a 'java/lang/NoSuchMethodError'{0x0000000092362978}: 'int java.lang.invoke.DirectMethodHandle$Holder.invokeStaticInit(java.lang.Object, java.lang.Object, long, long)'> (0x0000000092362978) 
thrown [s\src\hotspot\share\interpreter\linkResolver.cpp, line 759]
Event: 4.399 Thread 0x000002c077a604c0 Exception <a 'java/lang/NoSuchMethodError'{0x00000000923688d0}: 'java.lang.Object java.lang.invoke.DirectMethodHandle$Holder.newInvokeSpecial(java.lang.Object, java.lang.Object, long)'> (0x00000000923688d0) 
thrown [s\src\hotspot\share\interpreter\linkResolver.cpp, line 759]
Event: 4.399 Thread 0x000002c077a604c0 Exception <a 'java/lang/NoSuchMethodError'{0x000000009236c440}: 'java.lang.Object java.lang.invoke.Invokers$Holder.linkToTargetMethod(java.lang.Object, long, java.lang.Object)'> (0x000000009236c440) 
thrown [s\src\hotspot\share\interpreter\linkResolver.cpp, line 759]
Event: 4.400 Thread 0x000002c077a604c0 Exception <a 'java/lang/NoSuchMethodError'{0x0000000092373bb8}: 'int java.lang.invoke.DirectMethodHandle$Holder.invokeStaticInit(java.lang.Object, java.lang.Object, java.lang.Object, long)'> (0x0000000092373bb8) 
thrown [s\src\hotspot\share\interpreter\linkResolver.cpp, line 759]

VM Operations (20 events):
Event: 3.820 Executing VM operation: HandshakeAllThreads
Event: 3.820 Executing VM operation: HandshakeAllThreads done
Event: 3.822 Executing VM operation: HandshakeAllThreads
Event: 3.822 Executing VM operation: HandshakeAllThreads done
Event: 3.824 Executing VM operation: HandshakeAllThreads
Event: 3.824 Executing VM operation: HandshakeAllThreads done
Event: 3.898 Executing VM operation: HandshakeAllThreads
Event: 3.898 Executing VM operation: HandshakeAllThreads done
Event: 3.917 Executing VM operation: G1CollectForAllocation
Event: 3.925 Executing VM operation: G1CollectForAllocation done
Event: 3.951 Executing VM operation: HandshakeAllThreads
Event: 3.951 Executing VM operation: HandshakeAllThreads done
Event: 4.055 Executing VM operation: HandshakeAllThreads
Event: 4.055 Executing VM operation: HandshakeAllThreads done
Event: 4.163 Executing VM operation: HandshakeAllThreads
Event: 4.163 Executing VM operation: HandshakeAllThreads done
Event: 4.284 Executing VM operation: HandshakeAllThreads
Event: 4.285 Executing VM operation: HandshakeAllThreads done
Event: 4.444 Executing VM operation: HandshakeAllThreads
Event: 4.444 Executing VM operation: HandshakeAllThreads done

Events (20 events):
Event: 4.393 loading class java/nio/DirectDoubleBufferU done
Event: 4.394 loading class java/util/function/LongPredicate
Event: 4.395 loading class java/util/function/LongPredicate done
Event: 4.401 loading class java/nio/InvalidMarkException
Event: 4.402 loading class java/nio/InvalidMarkException done
Event: 4.402 loading class java/nio/BufferUnderflowException
Event: 4.402 loading class java/nio/BufferUnderflowException done
Event: 4.442 loading class java/util/concurrent/ScheduledThreadPoolExecutor$ScheduledFutureTask
Event: 4.442 loading class java/util/concurrent/FutureTask
Event: 4.442 loading class java/util/concurrent/FutureTask done
Event: 4.442 loading class java/util/concurrent/ScheduledThreadPoolExecutor$ScheduledFutureTask done
Event: 4.442 loading class java/util/concurrent/FutureTask$WaitNode
Event: 4.442 loading class java/util/concurrent/FutureTask$WaitNode done
Event: 4.442 loading class java/util/concurrent/Executors$RunnableAdapter
Event: 4.442 loading class java/util/concurrent/Executors$RunnableAdapter done
Event: 4.443 Thread 0x000002c05b89c2f0 Thread added: 0x000002c05b89c2f0
Event: 4.443 loading class java/util/concurrent/locks/AbstractQueuedSynchronizer$ConditionNode
Event: 4.443 loading class java/util/concurrent/ForkJoinPool$ManagedBlocker
Event: 4.443 loading class java/util/concurrent/ForkJoinPool$ManagedBlocker done
Event: 4.443 loading class java/util/concurrent/locks/AbstractQueuedSynchronizer$ConditionNode done


Dynamic libraries:
0x00007ff71b1b0000 - 0x00007ff71b1be000 	C:\Program Files\Eclipse Adoptium\jdk-17.0.10.7-hotspot\bin\java.exe
0x00007ffa2bbf0000 - 0x00007ffa2be07000 	C:\WINDOWS\SYSTEM32\ntdll.dll
0x00007ffa2b080000 - 0x00007ffa2b144000 	C:\WINDOWS\System32\KERNEL32.DLL
0x00007ffa29180000 - 0x00007ffa29526000 	C:\WINDOWS\System32\KERNELBASE.dll
0x00007ffa295b0000 - 0x00007ffa296c1000 	C:\WINDOWS\System32\ucrtbase.dll
0x00007ff9fe200000 - 0x00007ff9fe21b000 	C:\Program Files\Eclipse Adoptium\jdk-17.0.10.7-hotspot\bin\VCRUNTIME140.dll
0x00007ff9eb520000 - 0x00007ff9eb537000 	C:\Program Files\Eclipse Adoptium\jdk-17.0.10.7-hotspot\bin\jli.dll
0x00007ffa2ad80000 - 0x00007ffa2af2e000 	C:\WINDOWS\System32\USER32.dll
0x00007ffa29910000 - 0x00007ffa29936000 	C:\WINDOWS\System32\win32u.dll
0x00007ffa0e5e0000 - 0x00007ffa0e873000 	C:\WINDOWS\WinSxS\amd64_microsoft.windows.common-controls_6595b64144ccf1df_6.0.22621.2506_none_270c5ae97388e100\COMCTL32.dll
0x00007ffa2a0c0000 - 0x00007ffa2a0e9000 	C:\WINDOWS\System32\GDI32.dll
0x00007ffa2aad0000 - 0x00007ffa2ab77000 	C:\WINDOWS\System32\msvcrt.dll
0x00007ffa28ff0000 - 0x00007ffa29108000 	C:\WINDOWS\System32\gdi32full.dll
0x00007ffa29840000 - 0x00007ffa298da000 	C:\WINDOWS\System32\msvcp_win.dll
0x00007ffa29c90000 - 0x00007ffa29cc1000 	C:\WINDOWS\System32\IMM32.DLL
0x00007ffa23720000 - 0x00007ffa2372c000 	C:\Program Files\Eclipse Adoptium\jdk-17.0.10.7-hotspot\bin\vcruntime140_1.dll
0x00007ff9d6d30000 - 0x00007ff9d6dbd000 	C:\Program Files\Eclipse Adoptium\jdk-17.0.10.7-hotspot\bin\msvcp140.dll
0x00007ff9a6800000 - 0x00007ff9a7462000 	C:\Program Files\Eclipse Adoptium\jdk-17.0.10.7-hotspot\bin\server\jvm.dll
0x00007ffa2afc0000 - 0x00007ffa2b073000 	C:\WINDOWS\System32\ADVAPI32.dll
0x00007ffa2aa20000 - 0x00007ffa2aac8000 	C:\WINDOWS\System32\sechost.dll
0x00007ffa298e0000 - 0x00007ffa29908000 	C:\WINDOWS\System32\bcrypt.dll
0x00007ffa2b230000 - 0x00007ffa2b347000 	C:\WINDOWS\System32\RPCRT4.dll
0x00007ffa113d0000 - 0x00007ffa113d9000 	C:\WINDOWS\SYSTEM32\WSOCK32.dll
0x00007ffa21020000 - 0x00007ffa21054000 	C:\WINDOWS\SYSTEM32\WINMM.dll
0x00007ffa2a5b0000 - 0x00007ffa2a621000 	C:\WINDOWS\System32\WS2_32.dll
0x00007ffa287e0000 - 0x00007ffa2882d000 	C:\WINDOWS\SYSTEM32\POWRPROF.dll
0x00007ffa20360000 - 0x00007ffa2036a000 	C:\WINDOWS\SYSTEM32\VERSION.dll
0x00007ffa287c0000 - 0x00007ffa287d3000 	C:\WINDOWS\SYSTEM32\UMPDC.dll
0x00007ffa27f70000 - 0x00007ffa27f88000 	C:\WINDOWS\SYSTEM32\kernel.appcore.dll
0x00007ffa16190000 - 0x00007ffa1619a000 	C:\Program Files\Eclipse Adoptium\jdk-17.0.10.7-hotspot\bin\jimage.dll
0x00007ffa1d790000 - 0x00007ffa1d9c3000 	C:\WINDOWS\SYSTEM32\DBGHELP.DLL
0x00007ffa29cd0000 - 0x00007ffa2a059000 	C:\WINDOWS\System32\combase.dll
0x00007ffa2b150000 - 0x00007ffa2b227000 	C:\WINDOWS\System32\OLEAUT32.dll
0x00007ffa18740000 - 0x00007ffa18772000 	C:\WINDOWS\SYSTEM32\dbgcore.DLL
0x00007ffa29530000 - 0x00007ffa295aa000 	C:\WINDOWS\System32\bcryptPrimitives.dll
0x00007ff9d6d00000 - 0x00007ff9d6d25000 	C:\Program Files\Eclipse Adoptium\jdk-17.0.10.7-hotspot\bin\java.dll
0x00007ff9d2ae0000 - 0x00007ff9d2bb7000 	C:\Program Files\Eclipse Adoptium\jdk-17.0.10.7-hotspot\bin\jsvml.dll
0x00007ffa2b350000 - 0x00007ffa2bbab000 	C:\WINDOWS\System32\SHELL32.dll
0x00007ffa26e50000 - 0x00007ffa27746000 	C:\WINDOWS\SYSTEM32\windows.storage.dll
0x00007ffa26d10000 - 0x00007ffa26e4e000 	C:\WINDOWS\SYSTEM32\wintypes.dll
0x00007ffa2a790000 - 0x00007ffa2a883000 	C:\WINDOWS\System32\SHCORE.dll
0x00007ffa2ad20000 - 0x00007ffa2ad7e000 	C:\WINDOWS\System32\shlwapi.dll
0x00007ffa28e60000 - 0x00007ffa28e86000 	C:\WINDOWS\SYSTEM32\profapi.dll
0x00007ff9d6cc0000 - 0x00007ff9d6cd9000 	C:\Program Files\Eclipse Adoptium\jdk-17.0.10.7-hotspot\bin\net.dll
0x00007ffa22e60000 - 0x00007ffa22f97000 	C:\WINDOWS\SYSTEM32\WINHTTP.dll
0x00007ffa28460000 - 0x00007ffa284c9000 	C:\WINDOWS\system32\mswsock.dll
0x00007ff9d55c0000 - 0x00007ff9d55d6000 	C:\Program Files\Eclipse Adoptium\jdk-17.0.10.7-hotspot\bin\nio.dll
0x00007ff9d6ce0000 - 0x00007ff9d6cf8000 	C:\Program Files\Eclipse Adoptium\jdk-17.0.10.7-hotspot\bin\zip.dll
0x00007ffa160c0000 - 0x00007ffa160d0000 	C:\Program Files\Eclipse Adoptium\jdk-17.0.10.7-hotspot\bin\verify.dll
0x00007ffa11190000 - 0x00007ffa11199000 	C:\Program Files\Eclipse Adoptium\jdk-17.0.10.7-hotspot\bin\management.dll
0x00007ffa0d370000 - 0x00007ffa0d37b000 	C:\Program Files\Eclipse Adoptium\jdk-17.0.10.7-hotspot\bin\management_ext.dll
0x00007ffa29c80000 - 0x00007ffa29c88000 	C:\WINDOWS\System32\PSAPI.DLL
0x00007ffa187b0000 - 0x00007ffa187c7000 	C:\WINDOWS\system32\napinsp.dll
0x00007ffa18790000 - 0x00007ffa187ab000 	C:\WINDOWS\system32\pnrpnsp.dll
0x00007ffa279d0000 - 0x00007ffa27ac9000 	C:\WINDOWS\SYSTEM32\DNSAPI.dll
0x00007ffa279a0000 - 0x00007ffa279cd000 	C:\WINDOWS\SYSTEM32\IPHLPAPI.DLL
0x00007ffa2a100000 - 0x00007ffa2a109000 	C:\WINDOWS\System32\NSI.dll
0x00007ffa0e9b0000 - 0x00007ffa0e9c1000 	C:\WINDOWS\System32\winrnr.dll
0x00007ffa1d670000 - 0x00007ffa1d685000 	C:\WINDOWS\system32\wshbth.dll
0x00007ff9c0bc0000 - 0x00007ff9c0be1000 	C:\WINDOWS\system32\nlansp_c.dll
0x00000000551c0000 - 0x00000000551e6000 	C:\Program Files\Bonjour\mdnsNSP.dll
0x00007ffa22fa0000 - 0x00007ffa22faa000 	C:\Windows\System32\rasadhlp.dll
0x00007ffa20770000 - 0x00007ffa207f3000 	C:\WINDOWS\System32\fwpuclnt.dll
0x00007ff9d2c40000 - 0x00007ff9d2cb5000 	C:\Users\amyho\AppData\Local\Temp\lwjglamyho\3.3.1-build-7\lwjgl.dll
0x00007ff9d23d0000 - 0x00007ff9d2431000 	C:\Users\amyho\AppData\Local\Temp\lwjglamyho\3.3.1-build-7\glfw.dll
0x00007ff9d2a30000 - 0x00007ff9d2a76000 	C:\WINDOWS\SYSTEM32\dinput8.dll
0x00007ff9f2d00000 - 0x00007ff9f2d11000 	C:\WINDOWS\SYSTEM32\xinput1_4.dll
0x00007ffa28bf0000 - 0x00007ffa28c1c000 	C:\WINDOWS\SYSTEM32\DEVOBJ.dll
0x00007ffa28c40000 - 0x00007ffa28c8e000 	C:\WINDOWS\SYSTEM32\cfgmgr32.dll
0x00007ffa26690000 - 0x00007ffa266bb000 	C:\WINDOWS\SYSTEM32\dwmapi.dll
0x00007ffa08af0000 - 0x00007ffa08cfa000 	C:\WINDOWS\SYSTEM32\inputhost.dll
0x00007ffa25b80000 - 0x00007ffa25cb4000 	C:\WINDOWS\SYSTEM32\CoreMessaging.dll
0x00007ffa26400000 - 0x00007ffa264ab000 	C:\WINDOWS\system32\uxtheme.dll
0x00007ffa286b0000 - 0x00007ffa286bc000 	C:\WINDOWS\SYSTEM32\CRYPTBASE.DLL
0x00007ffa2a630000 - 0x00007ffa2a781000 	C:\WINDOWS\System32\MSCTF.dll
0x00007ff9afa00000 - 0x00007ff9afb00000 	C:\WINDOWS\SYSTEM32\opengl32.dll
0x00007ff9af9d0000 - 0x00007ff9af9fd000 	C:\WINDOWS\SYSTEM32\GLU32.dll
0x00007ffa26520000 - 0x00007ffa26559000 	C:\WINDOWS\SYSTEM32\dxcore.dll
0x00007ffa23090000 - 0x00007ffa230da000 	C:\WINDOWS\SYSTEM32\directxdatabasehelper.dll
0x00007ffa29990000 - 0x00007ffa29a40000 	C:\WINDOWS\System32\clbcatq.dll
0x00007ff9d7d90000 - 0x00007ff9d7dbd000 	C:\WINDOWS\System32\DriverStore\FileRepository\u0387389.inf_amd64_995be970e30b8c79\B385477\atig6pxx.dll
0x00007ff9897a0000 - 0x00007ff98d42b000 	C:\WINDOWS\System32\DriverStore\FileRepository\u0387389.inf_amd64_995be970e30b8c79\B385477\atio6axx.dll
0x00007ffa2a110000 - 0x00007ffa2a584000 	C:\WINDOWS\System32\SETUPAPI.dll
0x00007ffa29110000 - 0x00007ffa2917b000 	C:\WINDOWS\System32\WINTRUST.dll
0x00007ffa296d0000 - 0x00007ffa29836000 	C:\WINDOWS\System32\CRYPT32.dll
0x00007ffa28bd0000 - 0x00007ffa28be2000 	C:\WINDOWS\SYSTEM32\MSASN1.dll

dbghelp: loaded successfully - version: 4.0.5 - missing functions: none
symbol engine: initialized successfully - sym options: 0x614 - pdb path: .;C:\Program Files\Eclipse Adoptium\jdk-17.0.10.7-hotspot\bin;C:\WINDOWS\SYSTEM32;C:\WINDOWS\WinSxS\amd64_microsoft.windows.common-controls_6595b64144ccf1df_6.0.22621.2506_none_270c5ae97388e100;C:\Program Files\Eclipse Adoptium\jdk-17.0.10.7-hotspot\bin\server;C:\Program Files\Bonjour;C:\Users\amyho\AppData\Local\Temp\lwjglamyho\3.3.1-build-7;C:\WINDOWS\System32\DriverStore\FileRepository\u0387389.inf_amd64_995be970e30b8c79\B385477

VM Arguments:
jvm_args: -Dforge.enableGameTest=true -Dforge.enabledGameTestNamespaces=mccourse -Dforge.logging.console.level=debug -Dforge.logging.markers=REGISTRIES -DignoreList=bootstraplauncher,securejarhandler,asm-commons,asm-util,asm-analysis,asm-tree,asm,JarJarFileSystems,client-extra,fmlcore,javafmllanguage,lowcodelanguage,mclanguage,forge- -Djava.net.preferIPv6Addresses=system -DlegacyClassPath.file=C:\Games\MY MODS\Mod i made\build\classpath\runClient_minecraftClasspath.txt -DmergeModules=jna-5.10.0.jar,jna-platform-5.10.0.jar --module-path=C:\Users\amyho\.gradle\caches\modules-2\files-2.1\cpw.mods\bootstraplauncher\1.1.2\c546e00443d8432cda6baa1c860346980742628\bootstraplauncher-1.1.2.jar;C:\Users\amyho\.gradle\caches\modules-2\files-2.1\cpw.mods\securejarhandler\2.1.10\51e6a22c6c716beb11e244bf5b8be480f51dd6b5\securejarhandler-2.1.10.jar;C:\Users\amyho\.gradle\caches\modules-2\files-2.1\org.ow2.asm\asm-commons\9.5\19ab5b5800a3910d30d3a3e64fdb00fd0cb42de0\asm-commons-9.5.jar;C:\Users\amyho\.gradle\caches\modules-2\files-2.1\org.ow2.asm\asm-util\9.5\64b5a1fc8c1b15ed2efd6a063e976bc8d3dc5ffe\asm-util-9.5.jar;C:\Users\amyho\.gradle\caches\modules-2\files-2.1\org.ow2.asm\asm-analysis\9.5\490bacc77de7cbc0be1a30bb3471072d705be4a4\asm-analysis-9.5.jar;C:\Users\amyho\.gradle\caches\modules-2\files-2.1\org.ow2.asm\asm-tree\9.5\fd33c8b6373abaa675be407082fdfda35021254a\asm-tree-9.5.jar;C:\Users\amyho\.gradle\caches\modules-2\files-2.1\org.ow2.asm\asm\9.5\dc6ea1875f4d64fbc85e1691c95b96a3d8569c90\asm-9.5.jar;C:\Users\amyho\.gradle\caches\modules-2\files-2.1\net.minecraftforge\JarJarFileSystems\0.3.19\2464eb7d6b9ddb9db36a82cf8a95193e5c6fe020\JarJarFileSystems-0.3.19.jar --add-modules=ALL-MODULE-PATH --add-opens=java.base/java.util.jar=cpw.mods.securejarhandler --add-opens=java.base/java.lang.invoke=cpw.mods.securejarhandler --add-exports=java.base/sun.security.util=cpw.mods.securejarhandler --add-exports=jdk.naming.dns/com.sun.jndi.dns=java.naming -XX:HeapDumpPath=MojangTricksIntelDriversForPerformance_javaw.exe_minecraft.exe.heapdump -Dfile.encoding=windows-1252 -Duser.country=US -Duser.language=en -Duser.variant 
java_command: cpw.mods.bootstraplauncher.BootstrapLauncher --launchTarget forgeclientuserdev --version MOD_DEV --assetIndex 5 --assetsDir C:\Users\amyho\.gradle\caches\forge_gradle\assets --gameDir . --fml.forgeVersion 47.2.20 --fml.mcVersion 1.20.1 --fml.forgeGroup net.minecraftforge --fml.mcpVersion 20230612.114412
java_class_path (initial): C:\Games\MY MODS\Mod i made\build\classes\java\main;C:\Games\MY MODS\Mod i made\build\resources\main;C:\Users\amyho\.gradle\caches\forge_gradle\minecraft_user_repo\net\minecraftforge\forge\1.20.1-47.2.20_mapped_parchment_2023.10.08-1.20.2\forge-1.20.1-47.2.20_mapped_parchment_2023.10.08-1.20.2.jar;C:\Users\amyho\.gradle\caches\forge_gradle\minecraft_repo\versions\1.20.1\client-extra.jar;C:\Users\amyho\.gradle\caches\modules-2\files-2.1\net.minecraftforge\fmlearlydisplay\1.20.1-47.2.20\87158515a05ca1bb416368e0698c3f1f4bd83832\fmlearlydisplay-1.20.1-47.2.20.jar;C:\Users\amyho\.gradle\caches\modules-2\files-2.1\net.minecraftforge\javafmllanguage\1.20.1-47.2.20\918959a037ab7191a0c45a359f4746ab76c110c3\javafmllanguage-1.20.1-47.2.20.jar;C:\Users\amyho\.gradle\caches\modules-2\files-2.1\net.minecraftforge\lowcodelanguage\1.20.1-47.2.20\c1d1efcb98e8bfcf3dbfed0d1e81b55b648b86bf\lowcodelanguage-1.20.1-47.2.20.jar;C:\Users\amyho\.gradle\caches\modules-2\files-2.1\net.minecraftforge\mclanguage\1.20.1-47.2.20\efca3bee89c0085192b122d47334692b921ca7d1\mclanguage-1.20.1-47.2.20.jar;C:\Users\amyho\.gradle\caches\modules-2\files-2.1\net.minecraftforge\fmlcore\1.20.1-47.2.20\12cd436f148405b50c9b16bd8f3cc6f18db89824\fmlcore-1.20.1-47.2.20.jar;C:\Users\amyho\.gradle\caches\modules-2\files-2.1\net.minecraftforge\fmlloader\1.20.1-47.2.20\d7a3c85dd7ed1d552bd655b4418df2b09a77c734\fmlloader-1.20.1-47.2.20.jar;C:\Users\amyho\.gradle\caches\modules-2\files-2.1\net.minecraftforge\JarJarSelector\0.3.19\376cc9c8ea60720cf027c01fc033de915699801c\JarJarSelector-0.3.19.jar;C:\Users\amyho\.gradle\caches\modules-2\files-2.1\net.minecraftforge\JarJarMetadata\0.3.19\83feaa9b770e6ac0e96ee4fc23fa89325c5fe2\JarJarMetadata-0.3.19.jar;C:\Users\amyho\.gradle\caches\modules-2\files-2.1\com.google.guava\guava\31.1-jre\60458f877d055d0c9114d9e1a2efb737b4bc282c\guava-31.1-jre.jar;C:\Users\amyho\.gradle\caches\modules-2\files-2.1\com.google.code.findbugs\jsr305\3.0.2\25ea2e8b0c338a87731
Launcher Type: SUN_STANDARD

[Global flags]
     intx CICompilerCount                          = 4                                         {product} {ergonomic}
     uint ConcGCThreads                            = 3                                         {product} {ergonomic}
     uint G1ConcRefinementThreads                  = 10                                        {product} {ergonomic}
   size_t G1HeapRegionSize                         = 1048576                                   {product} {ergonomic}
    uintx GCDrainStackTargetSize                   = 64                                        {product} {ergonomic}
    ccstr HeapDumpPath                             = MojangTricksIntelDriversForPerformance_javaw.exe_minecraft.exe.heapdump         {manageable} {command line}
   size_t InitialHeapSize                          = 123731968                                 {product} {ergonomic}
   size_t MarkStackSize                            = 4194304                                   {product} {ergonomic}
   size_t MaxHeapSize                              = 1967128576                                {product} {ergonomic}
   size_t MaxNewSize                               = 1179648000                                {product} {ergonomic}
   size_t MinHeapDeltaBytes                        = 1048576                                   {product} {ergonomic}
   size_t MinHeapSize                              = 8388608                                   {product} {ergonomic}
    uintx NonNMethodCodeHeapSize                   = 5839372                                {pd product} {ergonomic}
    uintx NonProfiledCodeHeapSize                  = 122909434                              {pd product} {ergonomic}
    uintx ProfiledCodeHeapSize                     = 122909434                              {pd product} {ergonomic}
    uintx ReservedCodeCacheSize                    = 251658240                              {pd product} {ergonomic}
     bool SegmentedCodeCache                       = true                                      {product} {ergonomic}
   size_t SoftMaxHeapSize                          = 1967128576                             {manageable} {ergonomic}
     bool UseCompressedClassPointers               = true                           {product lp64_product} {ergonomic}
     bool UseCompressedOops                        = true                           {product lp64_product} {ergonomic}
     bool UseG1GC                                  = true                                      {product} {ergonomic}
     bool UseLargePagesIndividualAllocation        = false                                  {pd product} {ergonomic}

Logging:
Log output configuration:
 #0: stdout all=warning uptime,level,tags
 #1: stderr all=off uptime,level,tags

Environment Variables:
JAVA_HOME=C:\Program Files\Eclipse Adoptium\jdk-17.0.10.7-hotspot\
PATH=C:\Program Files\Eclipse Adoptium\jdk-17.0.10.7-hotspot\bin;C:\Program Files (x86)\Common Files\Oracle\Java\javapath;C:\Program Files\Eclipse Foundation\jdk-16.0.2.7-hotspot\bin;C:\WINDOWS\system32;C:\WINDOWS;C:\WINDOWS\System32\Wbem;C:\WINDOWS\System32\WindowsPowerShell\v1.0\;C:\WINDOWS\System32\OpenSSH\;C:\Program Files\WorldPainter;C:\Program Files\Git\cmd;C:\Users\amyho\AppData\Local\Microsoft\WindowsApps;
USERNAME=amyho
OS=Windows_NT
PROCESSOR_IDENTIFIER=AMD64 Family 23 Model 104 Stepping 1, AuthenticAMD
TMP=C:\Users\amyho\AppData\Local\Temp
TEMP=C:\Users\amyho\AppData\Local\Temp



Periodic native trim disabled


---------------  S Y S T E M  ---------------

OS:
 Windows 11 , 64 bit Build 22621 (10.0.22621.3085)
OS uptime: 0 days 0:04 hours
Hyper-V role detected

CPU: total 12 (initial active 12) (12 cores per cpu, 2 threads per core) family 23 model 104 stepping 1 microcode 0x0, cx8, cmov, fxsr, ht, mmx, 3dnowpref, sse, sse2, sse3, ssse3, sse4a, sse4.1, sse4.2, popcnt, lzcnt, tsc, tscinvbit, avx, avx2, aes, clmul, bmi1, bmi2, adx, sha, fma, vzeroupper, clflush, clflushopt, hv
Processor Information for processor 0
  Max Mhz: 2100, Current Mhz: 2100, Mhz Limit: 2100
Processor Information for processor 1
  Max Mhz: 2100, Current Mhz: 1813, Mhz Limit: 2100
Processor Information for processor 2
  Max Mhz: 2100, Current Mhz: 1813, Mhz Limit: 2100
Processor Information for processor 3
  Max Mhz: 2100, Current Mhz: 1813, Mhz Limit: 2100
Processor Information for processor 4
  Max Mhz: 2100, Current Mhz: 1813, Mhz Limit: 2100
Processor Information for processor 5
  Max Mhz: 2100, Current Mhz: 2100, Mhz Limit: 2100
Processor Information for processor 6
  Max Mhz: 2100, Current Mhz: 1813, Mhz Limit: 2100
Processor Information for processor 7
  Max Mhz: 2100, Current Mhz: 2100, Mhz Limit: 2100
Processor Information for processor 8
  Max Mhz: 2100, Current Mhz: 1813, Mhz Limit: 2100
Processor Information for processor 9
  Max Mhz: 2100, Current Mhz: 1813, Mhz Limit: 2100
Processor Information for processor 10
  Max Mhz: 2100, Current Mhz: 1813, Mhz Limit: 2100
Processor Information for processor 11
  Max Mhz: 2100, Current Mhz: 1813, Mhz Limit: 2100

Memory: 4k page, system-wide physical 7501M (444M free)
TotalPageFile size 21837M (AvailPageFile size 11009M)
current process WorkingSet (physical memory assigned to process): 233M, peak: 241M
current process commit charge ("private bytes"): 292M, peak: 301M

vm_info: OpenJDK 64-Bit Server VM (17.0.10+7) for windows-amd64 JRE (17.0.10+7), built on Jan 16 2024 23:25:11 by "admin" with MS VC++ 16.10 / 16.11 (VS2019)

END.
